[    0.000000] Initializing cgroup subsys cpuset
[    0.000000] Initializing cgroup subsys cpu
[    0.000000] Initializing cgroup subsys cpuacct
[    0.000000] Linux version 4.4.0-166-generic (buildd@lgw01-amd64-027) (gcc version 5.4.0 20160609 (Ubuntu 5.4.0-6ubuntu1~16.04.10) ) #195-Ubuntu SMP Tue Oct 1 09:36:25 UTC 2019 (Ubuntu 4.4.0-166.195-generic 4.4.194)
[    0.000000] KERNEL supported cpus:
[    0.000000]   Intel GenuineIntel
[    0.000000]   AMD AuthenticAMD
[    0.000000]   NSC Geode by NSC
[    0.000000]   Cyrix CyrixInstead
[    0.000000]   Centaur CentaurHauls
[    0.000000]   Transmeta GenuineTMx86
[    0.000000]   Transmeta TransmetaCPU
[    0.000000]   UMC UMC UMC UMC
[    0.000000] x86/fpu: xstate_offset[2]:  576, xstate_sizes[2]:  256
[    0.000000] x86/fpu: Supporting XSAVE feature 0x01: 'x87 floating point registers'
[    0.000000] x86/fpu: Supporting XSAVE feature 0x02: 'SSE registers'
[    0.000000] x86/fpu: Supporting XSAVE feature 0x04: 'AVX registers'
[    0.000000] x86/fpu: Enabled xstate features 0x7, context size is 832 bytes, using 'standard' format.
[    0.000000] e820: BIOS-provided physical RAM map:
[    0.000000] BIOS-e820: [mem 0x0000000000000000-0x000000000009fbff] usable
[    0.000000] BIOS-e820: [mem 0x000000000009fc00-0x000000000009ffff] reserved
[    0.000000] BIOS-e820: [mem 0x00000000000f0000-0x00000000000fffff] reserved
[    0.000000] BIOS-e820: [mem 0x0000000000100000-0x000000003ffeffff] usable
[    0.000000] BIOS-e820: [mem 0x000000003fff0000-0x000000003fffffff] ACPI data
[    0.000000] BIOS-e820: [mem 0x00000000fec00000-0x00000000fec00fff] reserved
[    0.000000] BIOS-e820: [mem 0x00000000fee00000-0x00000000fee00fff] reserved
[    0.000000] BIOS-e820: [mem 0x00000000fffc0000-0x00000000ffffffff] reserved
[    0.000000] NX (Execute Disable) protection: active
[    0.000000] SMBIOS 2.5 present.
[    0.000000] Hypervisor detected: KVM
[    0.000000] e820: last_pfn = 0x3fff0 max_arch_pfn = 0x1000000
[    0.000000] MTRR: Disabled
[    0.000000] x86/PAT: MTRRs disabled, skipping PAT initialization too.
[    0.000000] CPU MTRRs all blank - virtualized system.
[    0.000000] x86/PAT: Configuration [0-7]: WB  WT  UC- UC  WB  WT  UC- UC  
[    0.000000] found SMP MP-table at [mem 0x0009fff0-0x0009ffff] mapped at [c009fff0]
[    0.000000] Scanning 1 areas for low memory corruption
[    0.000000] RAMDISK: [mem 0x3630a000-0x3717cfff]
[    0.000000] ACPI: Early table checksum verification disabled
[    0.000000] ACPI: RSDP 0x00000000000E0000 000024 (v02 VBOX  )
[    0.000000] ACPI: XSDT 0x000000003FFF0030 00003C (v01 VBOX   VBOXXSDT 00000001 ASL  00000061)
[    0.000000] ACPI: FACP 0x000000003FFF00F0 0000F4 (v04 VBOX   VBOXFACP 00000001 ASL  00000061)
[    0.00000] ACPI: DSDT 0x000000003FFF0470 0021FF (v02 VBOX   VBOXBIOS 00000002 INTL 20100528)
[    0.000000] ACPI: FACS 0x000000003FF200 000040
[    0.000000] ACPI: FACS 0x000000003FFF0200 000040
[    0.000000] ACPI: APIC 0x000000003FFF0240 00005C (v02 VBOX   VBOXAPIC 00000001 ASL  00000061)
[  0.000000] ACPI: SSDT 0x000000003FFF02A0 0001CC (v01 VBOX   VBOXCPUT 000000002 INTL 20100528)
[    0.000000] 131MB HIGHMEM available.
[    0.000000] 891MB LOWMEM available.
[    0.000000]   mapped low ram: 0 - 37bfe000
[    0.000000]   low ram: 0 - 37bfe000
[    0.000000] kvm-clock: Using msrs 4b564d01 and 4b564d00
[    0.000000] kvm-clock: cpu 0, msr 0:37bfd001, primary cpu clock
[    0.000000] kvm-clock: using sched offset of 3927011589 cycles
[    0.000000] clocksource: kvm-clock: mask: 0xffffffffffffffff max_cycles: 0x1cd42e4dffb, max_idle_ns: 881590591483 ns
[    0.000000] Zone ranges:
[    0.000000]   DMA      [mem 0x0000000000001000-0x0000000000ffffff]
[    0.000000]   Normal   [mem 0x0000000001000000-0x0000000037bfdfff]
[    0.000000]   HighMem  [mem 0x0000000037bfe000-0x000000003ffeffff]
[    0.000000] Movable zone start for each node
[    0.000000] Early memory node ranges
[    0.000000]   node   0: [mem 0x0000000000001000-0x000000000009efff]
[    0.000000]   node   0: [mm 0x0000000000100000-0x000000003ffeffff]
[    0.000000] Initmem setup node 0 [mem 0x0000000000001000-0x000000003ffeffff]
[    0.000000] Using APIC driver default
[    0.000000] ACPI: PM-Timer IO Port: 0x4008
[    0.000000] IOAPIC[0]: apic_id 2, version 32, address 0xfec00000, GSI 0-23
[    0.000000] ACPI: INT_SRC_OVR (bus 0 bus_irq 0 glbal_irq 2 dfl dfl)
[    0.000000] ACPI: INT_SRC_OVR (bus 0 bus_irq 9 global_irq 9 low level)
[    0.000000] Using ACPI (MADT) for SMP configuration information
[    0.000000] smpboot: Allowing 2 CPUs, 0 hotplug CPUs
[    0.000000] PM: Registered nosave memory: [mem 0x00000000-0x00000ff]
[    0.000000] PM: Registered nosave memory: [mem 0x0009f000-0x0009ffff]
[   0.000000] PM: Registered nosave memory: [mem 0x000a0000-0x000effff]
[    0.000000] PM: Registered nosave memory: [mem 0x000f0000-0x000fffff]
[    0.000000] e820: [mem 0x40000000-0xfebfffff] available for PCI devices
[    0.000000] Booting paravirtualized kernel on KVM
[    0.000000] clocksource: refined-jiffies: mask: 0xffffffff max_cycles: 0xffffffff, max_idle_ns: 7645519600211568 ns
[    0.000000] setup_percpu: NR_CPUS:8 nr_cpumask_bits:8 nr_cpu_ids:2 nr_node_ids:1
[    0.000000] PERCPU: Embedded 19 pages/cpu @f71b0000 s47372 r0 d30452 u77824
[    0.000000] Built 1 zonelists in Zone order, mobility grouping on.  Total pages: 259800
[    0.000000] Kernel command line: BOOT_IMAGE=/boot/vmlinuz-4.4.0-166-generic root=UUID=8dbb91e3-5f82-4688-8239-4b29c48a49bd ro console=tty1 console=ttyS0
[    0.000000] PID hash table entries: 4096 (order: 2, 16384 bytes)
[    0.000000] Dentry cache hash table entries: 131072 (order: , 524288 bytes)
[    0.000000] Inode-cache hash table entries: 65536 (order: 6, 262144 bytes)
[    0.000000] Initializing CPU#0
[    0.000000] Initializing HighMem for node 0 (00037bfe:0003fff0)
[    0.000000] Initializin Movable for node 0 (00000000:00000000)
[    0.000000] Memory: 1007908K/1048120K available (8131K kernel code, 794K rwdata, 3208K rodata, 940K init, 788K bss, 40212K reservedd, 0K cma-reserved, 135112K highmem)
[    0.000000] virtual kernel memory layout:
[    0.000000]     fixmap  : 0xfff15000 - 0xfffff000   ( 936 kB)
[    0.000000]     pkmap   : 0xffc00000 - 0xffe00000   (2048 kB)
[    0.000000]     vmalloc : 0xf83fe000 - 0xffbfe000   ( 120 MB)
[    0.000000]     lowmem  : 0xc0000000 - 0xf7bfe000   ( 891 MB)
[    0.000000]       .init : 0xc1bdd000 - 0xc1cc8000   ( 940 kB)
[    0.000000]       .data : 0xc17f1088 - 0xc1bdb980   (4010 kB)
[    0.000000]       .text : 0xc1000000 - 0xc17f1088   (8132 kB)
[    0.000000] Checking if this processor honours the WP bit even in supervisor mode...Ok.
[    0.000000] SLUB: HWalign=64, Order=0-3, MinObjects=0, CPUs=2, Nodes=1
[    0.000000] Hierarchical RCU implementation.
[    0.000000] 	Build-time adjustment of leaf fanout to 32.
[    0.000000] 	RCU restricting CPUs from NR_CPUS=8 to nr_cpu_ids=2.
[    0.000000] RCU: Adjusting geometry for rcu_fanout_leaf=32, nr_cpu_ids=2
[    0.000000] NR_IRQS:2304 nr_irqs:440 16
[    0.000000] Console: colour VGA+ 80x25
[    0.0000] console [tty1] enabled
[    0.000000] console [ttyS0] enabled
[    0.000000] allocated 1048576 bytes of page_ext
[    0.000000] tsc: Detected 2400.002 MHz processor
[    0.878644] Calibrating delay loop (skipped) preset value.. 4800.00 BogoMIPS (lpj=9600008)
[    0.892608] pid_max: default: 32768 minimum: 301
[    0.894530] ACPI: Core revision 20150930
[    0.898998] ACPI: 2 ACPI AML tables successfully acquired and loaded
[    0.902495] Security Framework initialized
[    0.904069] Yama: becoming mindful.
[    0.905584] AppArmor: AppArmor initialized
[    0.907282] Mount-cache hash table entries: 2048 (order: 1, 8192 bytes)
[    0.909658] Mountpoint-cache hash table entries: 2048 (order: 1, 8192 bytes)
[    0.912425] Initializing cgroup subsys io
[    0.914123] Initializing cgroup subsys memory
[    0.922964] Initializing cgroup subsys devices
[    0.925030] Initializing cgroup subsys freezer
[    0.927270] Initializing cgroup subsys net_cls
[    0.930025] Initializing cgroup subsys perf_event
[    0.939312] Initializing cgroup subsys net_prio
[    0.942021] Initializing cgroup subsys hugetlb
[    0.944406] Initializing cgroup subsys pids
[    0.949672] mce: CPU supports 0 MCE banks
[    0.952236] Last level iTLB entries: 4KB 64, 2MB 8, 4MB 8
[    0.954812] Last level dTLB entries: 4KB 64, 2MB 0, 4MB 0, 1GB 4
[    0.957803] Spectre V1 : Mitigation: usercopy/swapgs barriers and __user pointer sanitization
[    0.962311] Spectre V2 : Mitigation: Full generic retpoline
[    0.973277] Spectre V2 : Spectre v2 / SpectreRSB mitigation: Filling RSB on context switch
[    0.977383] Speculative Store Bypass: Vulnerable
[    0.980041] MDS: Vulnerable: Clear CPU buffers attempted, no microcode
[    0.997184] Freeing SMP alternatives memory: 36K
[    1.011757] ftrace: allocating 31583 entries in 62 pages
[    1.106210] smpboot: APIC(0) Converting physical 0 to logical package 0
[    1.109964] smpboot: Max logical packages: 1
[    1.112779] Enabling APIC mode:  Flat.  Using 1 I/O APICs
[    1.118990] ..TIMER: vector=0x30 apic1=0 pin1=2 apic2=-1 pin2=-1
[    1.230912] smpboot: CPU0: Intel(R) Core(TM) i5-6200U CPU @ 2.30GHz (family: 0x6, model: 0x4e, stepping: 0x3)
[    1.237006] Performance Events: unsupported p6 CPU model 78 no PMU driver, software events only.
[    1.255873] KVM setup paravirtual spinlock
[    1.259963] x86: Booting SMP configuration:
[    1.262280] .... node  #0, CPUs:      #1
[1266874885.782540] Initializing CPU#1
[    1.265791] kvm-clock: cpu 1, msr 0:37bfd041, secondary cpu clock
[    1.271184] mce: CPU supports 0 MCE banks
[    1.274778] x86: Booted up 1 node, 2 CPUs
[    1.276824] smpboot: Total of 2 processors activated (9600.00 BogoMIPS)
[    1.284237] devtmpfs: initialized
[    1.287406] evm: security.selinux
[    1.289123] evm: security.SMACK64
[    1.290917] evm: security.SMACK64EXEC
[    1.292614] evm: security.SMACK64TRANSMUTE
[    1.294326] evm: security.SMACK64MMAP
[    1.295922] evm: security.ima
[    1.297956] evm: security.capability
[    1.300452] clocksource: jiffies: mask: 0xffffffff max_cycles: 0xffffffff, max_idle_ns: 7645041785100000 ns
[    1.304118] futex hash table entries: 512 (order: 3, 32768 bytes)
[    1.306618] pinctrl core: initialized pinctrl subsystem
[    1.313566] RTC time: 18:20:01, date: 11/15/19
[    1.316178] NET: Registered protocol family 16
[    1.324392] EISA bus registered
[    1.338625] cpuidle: using governor ladder
[    1.351313] cpuidle: using governor menu
[    1.354030] PCCT header not found.
[    1.356868] ACPI: bus type PCI registered
[    1.365301] acpiphp: ACPI Hot Plug PCI Controller Driver version: 0.5
[    1.370133] PCI : PCI BIOS area is rw and x. Use pci=nobios if you want it NX.
[    1.377095] PCI: PCI BIOS revision 2.10 entry at 0xfda26, last bus=0
[    1.381277] PCI: Using configuration type 1 for base access
[    1.395372] ACPI: Added _OSI(Module Device)
[    1.398124] ACPI: Added _OSI(Processor Device)
[    1.401276] ACPI: Added _OSI(3.0 _SCP Extensions)
[    1.404365] ACPI: Added _OSI(Processor Aggregator Device)
[    1.408657] ACPI: Executed 1 blocks of module-level executable AML code
[    1.416359] ACPI: Interpreter enabled
[    1.418528] ACPI: (supports S0 S5)
[    1.421087] ACPI: Using IOAPIC for interrupt routing
[    1.424087] PCI: Using host bridge windows from ACPI; if necessary, use "pci=nocrs" and report a bug
[    1.461467] ACPI: PCI Root Bridge [PCI0] (domain 0000 [bus 00-ff])
[    1.465706] acpi PNP0A03:00: _OSC: OS supports [ASPM ClockPM Segments MSI]
[    1.469429] acpi PNP0A03:00: _OSC: not requesting OS control; OS requires [ExtendedConfig ASPM ClockPM MSI]
[    1.475113] acpi PNP0A03:00: fail to add MMCONFIG information, can't access extended PCI configuration space under this bridge.
[    1.487474] PCI host bridge to bus 0000:00
[    1.489442] pci_bus 0000:00: root bus resource [io  0x0000-0x0cf7 window]
[    1.492127] pci_bus 0000:00: root bus resource [io  0x0d00-0xffff window]
[    1.494762] pci_bus 0000:00: root bus resource [mem 0x000a0000-0x000bffff window]
[    1.497581] pci_bus 0000:00: root bus resource [mem 0x40000000-0xfdffffff window]
[    1.500476] pci_bus 0000:00: root bus resource [bus 00-ff]
[    1.504911] pci 0000:00:01.1: legacy IDE quirk: reg 0x10: [io  0x01f0-0x01f7]
[    1.508075] pci 0000:00:01.1: legacy IDE quirk: reg 0x14: [io  0x03f6]
[    1.510877] pci 0000:00:01.1: legacy IDE quirk: reg 0x18: [io  0x0170-0x0177]
[    1.513475] pci 0000:00:01.1: legacy IDE quirk: reg 0x1c: [io  0x0376]
[    1.536068] pci 0000:00:07.0: quirk: [io  0x4000-0x403f] claimed by PIIX4 ACPI
[    1.539761] pci 0000:00:07.0: quirk: [io  0x4100-0x410f] claimed by PIIX4 SMB
[    1.554896] ACPI: PCI Interrupt Link [LNKA] (IRQs 5 9 10 *11)
[    1.559824] ACPI: PCI Interrupt Link [LNKB] (IRQs 5 9 *10 11)
[    1.564289] ACPI: PCI Interrupt Link [LNKC] (IRQs 5 *9 10 11)
[    1.568558] ACPI: PCI Interrupt Link [LNKD] (IRQs 5 9 10 *11)
[    1.572671] ACPI: Enabled 2 GPEs in block 00 to 07
[    1.575466] vgaarb: setting as boot device: PCI:0000:00:02.0
[    1.578212] vgaarb: device added: PCI:0000:00:02.0,decodes=io+mem,owns=io+mem,locks=none
[    1.581779] vgaarb: loaded
[    1.583275] vgaarb: bridge control possible 0000:00:02.0
[    1.585429] SCSI subsystem initialized
[    1.587162] ACPI: bus type USB registered
[    1.588718] usbcore: registered new interface driver usbfs
[    1.590838] usbcore: registered new interface driver hub
[    1.592948] usbcore: registered new device driver usb
[    1.595251] PCI: Using ACPI for IRQ routing
[    1.597102] NetLabel: Initializing
[    1.598513] NetLabel:  domain hash size = 128
[    1.600181] NetLabel:  protocols = UNLABELED CIPSOv4
[    1.602006] NetLabel:  unlabeled traffic allowed by default
[    1.604255] amd_nb: Cannot enumerate AMD northbridges
[    1.606189] clocksource: Switched to clocksource kvm-clock
[    1.621774] AppArmor: AppArmor Filesystem Enabled
[    1.624899] pnp: PnP ACPI init
[    1.628675] pnp: PnP ACPI: found 3 devices
[    1.631096] PnPBIOS: Disabled by ACPI PNP
[    1.684817] clocksource: acpi_pm: mask: 0xffffff max_cycles: 0xffffff, max_idle_ns: 2085701024 ns
[    1.689325] NET: Registered protocol family 2
[    1.692224] TCP established hash table entries: 8192 (order: 3, 32768 bytes)
[    1.698596] TCP bind hash table entries: 8192 (order: 4, 65536 bytes)
[    1.701931] TCP: Hash tables configured (established 8192 bind 8192)
[    1.705168] UDP hash table entries: 512 (order: 2, 16384 bytes)
[    1.708305] UDP-Lite hash table entries: 512 (order: 2, 16384 bytes)
[    1.711007] NET: Registered protocol family 1
[    1.712991] pci 0000:00:00.0: Limiting direct PCI/PCI transfers
[    1.715576] pci 0000:00:01.0: Activating ISA DMA hang workarounds
[    1.723062] Unpacking initramfs...
[    2.214912] Freeing initrd memory: 14796K
[    2.217370] clocksource: tsc: mask: 0xffffffffffffffff max_cycles: 0x22983938a92, max_idle_ns: 440795216168 ns
[    2.222916] platform rtc_cmos: registered platform RTC device (no PNP device found)
[    2.227617] Scanning for low memory corruption every 60 seconds
[    2.233808] audit: initializing netlink subsys (disabled)
[    2.237261] audit: type=2000 audit(1573842007.118:1): initialized
[    2.240593] Initialise system trusted keyring
[    2.243003] HugeTLB registered 2 MB page size, pre-allocated 0 pages
[    2.247420] zbud: loaded
[    2.248828] VFS: Disk quotas dquot_6.6.0
[    2.250459] VFS: Dquot-cache hash table entries: 1024 (order 0, 4096 bytes)
[    2.253252] squashfs: version 4.0 (2009/01/31) Phillip Lougher
[    2.255773] fuse init (API version 7.23)
[    2.263564] Key type big_key registered
[    2.265476] Allocating IMA MOK and blacklist keyrings.
[    2.270833] Key type asymmetric registered
[    2.272413] Asymmetric key parser 'x509' registered
[    2.274204] bounce: pool size: 64 pages
[    2.276402] Block layer SCSI generic (bsg) driver version 0.4 loaded (major 249)
[    2.279730] io scheduler noop registered
[    2.281422] io scheduler deadline registered (default)
[    2.284004] io scheduler cfq registered
[    2.287232] pci_hotplug: PCI Hot Plug PCI Core version: 0.5
[    2.291185] pciehp: PCI Express Hot Plug Controller Driver version: 0.4
[    2.295816] ACPI: AC Adapter [AC] (off-line)
[    2.299009] input: Power Button as /devices/LNXSYSTM:00/LNXPWRBN:00/input/input0
[    2.304659] ACPI: Power Button [PWRF]
[    2.307624] input: Sleep Button as /devices/LNXSYSTM:00/LNXSLPBN:00/input/input1
[    2.311851] ACPI: Sleep Button [SLPF]
[    2.315718] ACPI: Battery Slot [BAT0] (battery present)
[    2.319258] GHES: HEST is not enabled!
[    2.322024] isapnp: Scanning for PnP cards...
[    2.331117] Serial: 8250/16550 driver, 32 ports, IRQ sharing enabled
[    2.360568] 00:02: ttyS0 at I/O 0x3f8 (irq = 4, base_baud = 115200) is a 16550A
[    2.367836] Linux agpgart interface v0.103
[    2.399749] loop: module loaded
[    2.403757] scsi host0: ata_piix
[    2.406704] scsi host1: ata_piix
[    2.416339] ata1: PATA max UDMA/33 cmd 0x1f0 ctl 0x3f6 bmdma 0xd000 irq 14
[    2.421591] ata2: PATA max UDMA/33 cmd 0x170 ctl 0x376 bmdma 0xd008 irq 15
[    2.433740] libphy: Fixed MDIO Bus: probed
[    2.436878] tun: Universal TUN/TAP device driver, 1.6
[    2.440845] tun: (C) 1999-2004 Max Krasnyansky <maxk@qualcomm.com>
[    2.445636] PPP generic driver version 2.4.2
[    2.448758] ehci_hcd: USB 2.0 'Enhanced' Host Controller (EHCI) Driver
[    2.453581] ehci-pci: EHCI PCI platform driver
[    2.456670] ehci-platform: EHCI generic platform driver
[    2.459936] ohci_hcd: USB 1.1 'Open' Host Controller (OHCI) Driver
[    2.463486] ohci-pci: OHCI PCI platform driver
[    2.466156] ohci-platform: OHCI generic platform driver
[    2.469212] uhci_hcd: USB Universal Host Controller Interface driver
[    2.473159] i8042: PNP: PS/2 Controller [PNP0303:PS2K,PNP0f03:PS2M] at 0x60,0x64 irq 1,12
[    2.478964] serio: i8042 KBD port at 0x60,0x64 irq 1
[    2.481719] serio: i8042 AUX port at 0x60,0x64 irq 12
[    2.491472] mousedev: PS/2 mouse device common for all mice
[    2.495069] rtc_cmos rtc_cmos: rtc core: registered rtc_cmos as rtc0
[    2.498012] input: AT Translated Set 2 keyboard as /devices/platform/i8042/serio0/input/input2
[    2.502536] rtc_cmos rtc_cmos: alarms up to one day, 114 bytes nvram
[    2.505271] i2c /dev entries driver
[    2.507386] device-mapper: uevent: version 1.0.3
[    2.509665] device-mapper: ioctl: 4.34.0-ioctl (2015-10-28) initialised: dm-devel@redhat.com
[    2.513721] platform eisa.0: Probing EISA bus 0
[    2.515945] platform eisa.0: EISA: Cannot allocate resource for mainboard
[    2.524911] platform eisa.0: Cannot allocate resource for EISA slot 1
[    2.528144] platform eisa.0: Cannot allocate resource for EISA slot 2
[    2.531025] platform eisa.0: Cannot allocate resource for EISA slot 3
[    2.533732] platform eisa.0: Cannot allocate resource for EISA slot 4
[    2.536949] platform eisa.0: Cannot allocate resource for EISA slot 5
[    2.545675] platform eisa.0: Cannot allocate resource for EISA slot 6
[    2.554196] platform eisa.0: Cannot allocate resource for EISA slot 7
[    2.557197] platform eisa.0: Cannot allocate resource for EISA slot 8
[    2.559870] platform eisa.0: EISA: Detected 0 cards
[    2.561934] cpufreq-nforce2: No nForce2 chipset.
[    2.563851] ledtrig-cpu: registered to indicate activity on CPUs
[    2.566972] NET: Registered protocol family 10
[    2.569329] NET: Registered protocol family 17
[    2.571473] Key type dns_resolver registered
[    2.573692] Using IPI No-Shortcut mode
[    2.575727] registered taskstats version 1
[    2.577810] Loading compiled-in X.509 certificates
[    2.582575] Loaded X.509 cert 'Build time autogenerated kernel key: ff2581549e7ce7e6616cef99f70b135c5c856bdc'
[    2.587003] zswap: loaded using pool lzo/zbud
[    2.590945] Key type trusted registered
[    2.596816] Key type encrypted registered
[    2.598899] AppArmor: AppArmor sha1 policy hashing enabled
[    2.601440] ima: No TPM chip found, activating TPM-bypass!
[    2.609473] ima: Allocated hash algorithm: sha1
[    2.611568] evm: HMAC attrs: 0x1
[    2.613283]   Magic number: 11:339:342
[    2.620999] rtc_cmos rtc_cmos: setting system clock to 2019-11-15 18:20:02 UTC (1573842002)
[    2.624804] BIOS EDD facility v0.16 2004-Jun-25, 0 devices found
[    2.627377] EDD information not available.
[    2.689682] isapnp: No Plug & Play device found
[    2.691981] Freeing unused kernel memory: 940K
[    2.709211] Write protecting the kernel text: 8136k
[    2.712594] Write protecting the kernel read-only data: 3212k
[    2.716207] NX-protecting the kernel data: 6200k
Loading, please wait...
starting version 229
[    2.746635] random: systemd-udevd: uninitialized urandom read (16 bytes read, 4 bits of entropy available)
[    2.748043] random: udevadm: uninitialized urandom read (16 bytes read, 4 bits of entropy available)
[    2.760547] random: systemd-udevd: uninitialized urandom read (16 bytes read, 4 bits of entropy available)
[    2.768645] random: systemd-udevd: uninitialized urandom read (16 bytes read, 4 bits of entropy available)
[    2.779207] random: udevadm: uninitialized urandom read (16 bytes read, 4 bits of entropy available)
[    2.779303] random: udevadm: uninitialized urandom read (16 bytes read, 4 bits of entropy available)
[    2.779598] random: udevadm: uninitialized urandom read (16 bytes read, 4 bits of entropy available)
[    2.779711] random: udevadm: uninitialized urandom read (16 bytes read, 4 bits of entropy available)
[    2.779823] random: udevadm: uninitialized urandom read (16 bytes read, 4 bits of entropy available)
[    2.779938] random: udevadm: uninitialized urandom read (16 bytes read, 4 bits of entropy available)
[    2.929837] e1000: Intel(R) PRO/1000 Network Driver - version 7.3.21-k8-NAPI
[    2.933187] e1000: Copyright (c) 1999-2006 Intel Corporation.
[    2.942272] Fusion MPT base driver 3.04.20
[    2.948132] Copyright (c) 1999-2008 LSI Corporation
[    3.042578] Fusion MPT SPI Host driver 3.04.20
[    3.258771] input: ImExPS/2 Generic Explorer Mouse as /devices/platform/i8042/serio1/input/input4
[    3.473386] e1000 0000:00:03.0 eth0: (PCI:33MHz:32-bit) 02:11:56:70:dd:80
[    3.477973] e1000 0000:00:03.0 eth0: Intel(R) PRO/1000 Network Connection
[    3.485065] e1000 0000:00:03.0 enp0s3: renamed from eth0
[    3.496141] mptbase: ioc0: Initiating bringup
[    3.985576] ioc0: LSI53C1030 A0: Capabilities={Initiator}
[    5.078078] scsi host2: ioc0: LSI53C1030 A0, FwRev=00000000h, Ports=1, MaxQ=256, IRQ=20
[    5.436520] scsi 2:0:0:0: Direct-Access     VBOX     HARDDISK         1.0  PQ: 0 ANSI: 5
[    5.460700] scsi target2:0:0: Beginning Domain Validation
[    5.481975] scsi target2:0:0: Domain Validation skipping write tests
[    5.493423] scsi target2:0:0: Ending Domain Validation
[    5.505857] scsi target2:0:0: asynchronous
[    5.519340] scsi 2:0:1:0: Direct-Access     VBOX     HARDDISK         1.0  PQ: 0 ANSI: 5
[    5.724721] scsi target2:0:1: Beginning Domain Validation
[    5.730406] scsi target2:0:1: Domain Validation skipping write tests
[    5.733613] scsi target2:0:1: Ending Domain Validation
[    5.736318] scsi target2:0:1: asynchronous
[    5.760707] sd 2:0:0:0: Attached scsi generic sg0 type 0
[    5.763408] sd 2:0:0:0: [sda] 20971520 512-byte logical blocks: (10.7 GB/10.0 GiB)
[    5.773669] sd 2:0:1:0: Attached scsi generic sg1 type 0
[    5.774941] sd 2:0:1:0: [sdb] 20480 512-byte logical blocks: (10.5 MB/10.0 MiB)
[    5.775241] sd 2:0:1:0: [sdb] Write Protect is off
[    5.775405] sd 2:0:1:0: [sdb] Incomplete mode parameter data
[    5.775408] sd 2:0:1:0: [sdb] Assuming drive cache: write through
[    5.786947] sd 2:0:0:0: [sda] Write Protect is off
[    5.787121] sd 2:0:0:0: [sda] Incomplete mode parameter data
[    5.787123] sd 2:0:0:0: [sda] Assuming drive cache: write through
[    5.792562] sd 2:0:1:0: [sdb] Attached SCSI disk
[    5.792881]  sda: sda1
[    5.794673] sd 2:0:0:0: [sda] Attached SCSI disk
Begin: Loading essential drivers ... [    7.615799] md: linear personality registered for level -1
[    7.631468] md: multipath personality registered for level -4
[    7.640747] md: raid0 personality registered for level 0
[    7.652510] md: raid1 personality registered for level 1
[    7.734331] raid6: mmxx1    gen()  3844 MB/s
[    7.802271] raid6: mmxx2    gen()  3252 MB/s
[    7.874397] raid6: sse1x1   gen()  3071 MB/s
[    7.942752] raid6: sse1x2   gen()  3143 MB/s
[    8.010295] raid6: sse2x1   gen()  6665 MB/s
[    8.078405] raid6: sse2x1   xor()  3944 MB/s
[    8.146698] raid6: sse2x2   gen()  7260 MB/s
[    8.214532] raid6: sse2x2   xor()  4697 MB/s
[    8.282288] raid6: avx2x1   gen() 13936 MB/s
[    8.350673] raid6: avx2x2   gen() 17197 MB/s
[    8.352463] raid6: using algorithm avx2x2 gen() 17197 MB/s
[    8.360995] raid6: using avx2x1 recovery algorithm
[    8.366920] xor: automatically using best checksumming function:
[    8.407101]    avx       : 19548.000 MB/sec
[    8.420150] async_tx: api initialized (async)
[    8.453019] md: raid6 personality registered for level 6
[    8.457597] md: raid5 personality registered for level 5
[    8.462003] md: raid4 personality registered for level 4
[    8.479216] md: raid10 personality registered for level 10
done.
Begin: Running /scripts/init-premount ... done.
Begin: Mounting root file system ... Begin: Running /scripts/local-top ... done.
Begin: Running /scripts/local-premount ... [    8.548498] Btrfs loaded
Scanning for Btrfs filesystems
done.
Warning: fsck not present, so skipping root file system
[    8.602073] EXT4-fs (sda1): INFO: recovery required on readonly filesystem
[    8.613925] EXT4-fs (sda1): write access will be enabled during recovery
[    8.680927] EXT4-fs (sda1): recovery complete
[    8.683245] EXT4-fs (sda1): mounted filesystem with ordered data mode. Opts: (null)
done.
Begin: Running /scripts/local-bottom ... done.
Begin: Running /scripts/init-bottom ... done.
[    8.812160] systemd[1]: systemd 229 running in system mode. (+PAM +AUDIT +SELINUX +IMA +APPARMOR +SMACK +SYSVINIT +UTMP +LIBCRYPTSETUP +GCRYPT +GNUTLS +ACL +XZ -LZ4 +SECCOMP +BLKID +ELFUTILS +KMOD -IDN)
[    8.823073] systemd[1]: Detected virtualization oracle.
[    8.825638] systemd[1]: Detected architecture x86.

Welcome to [1mUbuntu 16.04.6 LTS[0m!

[    8.831827] systemd[1]: Set hostname to <ubuntu-xenial>.
[    9.034615] systemd[1]: Started Forward Password Requests to Wall Directory Watch.
[[0;32m  OK  [0m] Started Forward Password Requests to Wall Directory Watch.
[    9.042277] systemd[1]: Listening on Syslog Socket.
[[0;32m  OK  [0m] Listening on Syslog Socket.
[    9.059124] systemd[1]: Listening on udev Control Socket.
[[0;32m  OK  [0m] Listening on udev Control Socket.
[    9.064503] systemd[1]: Listening on Journal Audit Socket.
[[0;32m  OK  [0m] Listening on Journal Audit Socket.
[    9.071289] systemd[1]: Listening on /dev/initctl Compatibility Named Pipe.
[[0;32m  OK  [0m] Listening on /dev/initctl Compatibility Named Pipe.
[    9.076808] systemd[1]: Reached target System Time Synchronized.
[[0;32m  OK  [0m] Reached target System Time Synchronized.
[    9.081879] systemd[1]: Listening on LVM2 metadata daemon socket.
[[0;32m  OK  [0m] Listening on LVM2 metadata daemon socket.
[    9.087496] systemd[1]: Reached target Swap.
[[0;32m  OK  [0m] Reached target Swap.
[    9.091451] systemd[1]: Started Trigger resolvconf update for networkd DNS.
[[0;32m  OK  [0m] Started Trigger resolvconf update for networkd DNS.
[    9.099203] systemd[1]: Listening on Device-mapper event daemon FIFOs.
[[0;32m  OK  [0m] Listening on Device-mapper event daemon FIFOs.
[    9.104622] systemd[1]: Listening on LVM2 poll daemon socket.
[[0;32m  OK  [0m] Listening on LVM2 poll daemon socket.
[    9.109390] systemd[1]: Listening on Journal Socket (/dev/log).
[[0;32m  OK  [0m] Listening on Journal Socket (/dev/log).
[    9.115013] systemd[1]: Created slice User and Session Slice.
[[0;32m  OK  [0m] Created slice User and Session Slice.
[    9.120418] systemd[1]: Listening on udev Kernel Socket.
[[0;32m  OK  [0m] Listening on udev Kernel Socket.
[    9.125137] systemd[1]: Listening on Journal Socket.
[[0;32m  OK  [0m] Listening on Journal Socket.
[    9.129512] systemd[1]: Reached target User and Group Name Lookups.
[[0;32m  OK  [0m] Reached target User and Group Name Lookups.
[    9.134635] systemd[1]: Reached target Encrypted Volumes.
[[0;32m  OK  [0m] Reached target Encrypted Volumes.
[    9.139671] systemd[1]: Set up automount Arbitrary Executable File Formats File System Automount Point.
[[0;32m  OK  [0m] Set up automount Arbitrary Executab...ats File System Automount Point.
[    9.146871] systemd[1]: Created slice System Slice.
[[0;32m  OK  [0m] Created slice System Slice.
[    9.151300] systemd[1]: Reached target Slices.
[[0;32m  OK  [0m] Reached target Slices.
[    9.167253] systemd[1]: Mounting Huge Pages File System...
         Mounting Huge Pages File System...
[    9.172349] systemd[1]: Starting Journal Service...
         Starting Journal Service...
[    9.176964] systemd[1]: Starting Remount Root and Kernel File Systems...
         Starting Remount Root and Kernel File Systems...
[    9.183141] systemd[1]: Mounting POSIX Message Queue File System...
         Mounting POSIX Message Queue File System...
[    9.198345] EXT4-fs (sda1): re-mounted. Opts: (null)
[    9.198542] systemd[1]: Starting Load Kernel Modules...
         Starting Load Kernel Modules...
[    9.212738] systemd[1]: Starting Nameserver information manager...
         Starting Nameserver information manager...
[    9.224596] systemd[1]: Created slice system-serial\x2dgetty.slice.
[[0;32m  OK  [0m] [    9.229827] Loading iSCSI transport class v2.0-870.
Created slice system-serial\x2dgetty.slice.
[    9.236388] systemd[1]: Starting Set console keymap...
         [    9.247257] random: nonblocking pool is initialized
Starting Set console keymap...
[    9.253215] systemd[1]: Starting Uncomplicated firewall...
         Starting Uncompl[    9.287239] iscsi: registered transport (tcp)
icated firewall...
[    9.311115] systemd[1]: Starting Create list of required static device nodes for the current kernel...
         Starting Create list of required st... nodes for the current kernel...
[    9.388069] iscsi: registered transport (iser)
[    9.398671] systemd[1]: Starting Monitoring of LVM2 mirrors, snapshots etc. using dmeventd or progress polling...
         Starting Monitoring of LVM2 mirrors... dmeventd or progress polling...
[    9.426119] systemd[1]: Mounting Debug File System...
         Mounting Debug File System...
[    9.446522] systemd[1]: Mounted Huge Pages File System.
[[0;32m  OK  [0m] Mounted Huge Pages File System.
[    9.455871] systemd[1]: Mounted POSIX Message Queue File System.
[[0;32m  OK  [0m] Mounted POSIX Message Queue File System.
[    9.467008] systemd[1]: Mounted Debug File System.
[[0;32m  OK  [0m] Mounted Debug File System.
[    9.471311] systemd[1]: Started Journal Service.
[[0;32m  OK  [0m] Started Journal Service.
[[0;32m  OK  [0m] Started Remount Root and Kernel File Systems.
[[0;32m  OK  [0m] Started Load Kernel Modules.
[[0;32m  OK  [0m] Started Set console keymap.
[[0;32m  OK  [0m] Started Uncomplicated firewall.
[[0;32m  OK  [0m] Started Create list of required sta...ce nodes for the current kernel.
[[0;32m  OK  [0m] Started Nameserver information manager.
[[0;32m  OK  [0m] Started LVM2 metadata daemon.
         Starting Create Static Device Nodes in /dev...
         Mounting FUSE Control File System...
         Starting Apply Kernel Variables...
         Starting Load/Save Random Seed...
         Starting udev Coldplug all Devices...
         Starting Flush Journal to Persistent Storage...
[[0;32m  OK  [0m] Mounted FUSE Control File System.
[[0;32m  OK  [0m] Started Apply Kernel Variables.
[[0;32m  OK  [0m] Started Load/Save Random Seed.
[[0;32m  OK  [0m] Started Create Static Device Nodes in /dev.
[[0;32m  OK  [0m] Started udev Coldplug all Devices.
[[0;32m  OK  [0m] Started Monitoring of LVM2 mirrors,...ng dmeventd or progress polling.
[[0;32m  OK  [0m] Started Flush Journal to Persistent Storage.
[[0;32m  OK  [0m] Reached target Local File Systems (Pre).
[[0;32m  OK  [0m] Reached target Local File Systems.
         Starting LSB: AppArmor initialization...
         Starting Initial cloud-init job (pre-networking)...
         Starting Tell Plymouth To Write Out Runtime Data...
         Starting Create Volatile Files and Directories...
         Starting Set console font and keymap...
         Starting udev Kernel Device Manager...
[[0;32m  OK  [0m] Started Create Volatile Files and Directories.
[[0;32m  OK  [0m] Started Tell Plymouth To Write Out Runtime Data.
[[0;32m  OK  [0m] Started udev Kernel Device Manager.
[[0;32m  OK  [0m] Started Dispatch Password Requests to Console Directory Watch.
         Starting Update UTMP about System Boot/Shutdown...
[[0;32m  OK  [0m] Started LSB: AppArmor initialization.
[[0;32m  OK  [0m] Started Update UTMP about System Boot/Shutdown.
[[0;32m  OK  [0m] Found device /dev/ttyS0.
[[0;32m  OK  [0m] Listening on Load/Save RF Kill Switch Status /dev/rfkill Watch.
[[0;32m  OK  [0m] Found device 82540EM Gigabit Ethern...r (PRO/1000 MT Desktop Adapter).
[[0;32m  OK  [0m] Started Set console font and keymap.
[[0;32m  OK  [0m] Created slice system-getty.slice.
[   11.500594] cloud-init[465]: Cloud-init v. 19.1-1-gbaa47854-0ubuntu1~16.04.1 running 'init-local' at Fri, 15 Nov 2019 18:20:11 +0000. Up 10.81 seconds.
[[0;32m  OK  [0m] Started Initial cloud-init job (pre-networking).
[[0;32m  OK  [0m] Reached target Network (Pre).
         Starting Raise network interfaces...
[[0;32m  OK  [0m] Started ifup for enp0s3.
[[0;32m  OK  [0m] Started Raise network interfaces.
[[0;32m  OK  [0m] Reached target Network.
         Starting Initial cloud-init job (metadata service crawler)...
[   13.614923] cloud-init[954]: Cloud-init v. 19.1-1-gbaa47854-0ubuntu1~16.04.1 running 'init' at Fri, 15 Nov 2019 18:20:13 +0000. Up 12.89 seconds.
[   13.641006] cloud-init[954]: ci-info: ++++++++++++++++++++++++++++++++++++++Net device info++++++++++++++++++++++++++++++++++++++
[   13.658710] cloud-init[954]: ci-info: +--------+------+----------------------------+---------------+--------+-------------------+
[   13.665713] cloud-init[954]: ci-info: | Device |  Up  |          Address           |      Mask     | Scope  |     Hw-Address    |
[   13.672226] cloud-init[954]: ci-info: +--------+------+----------------------------+---------------+--------+-------------------+
[   13.711110] cloud-init[[0;32m  OK  [0m] Started Initial cloud-init job (metadata service crawler).
[954]: ci-info: | enp0s3 | True |         10.0.2.15          | 255.255.255.0 | global | 02:11:56:70:dd:80 |[[0;32m  OK  [0m] Reached target Network is Online.

[   13.720544] cloud-init[954]: ci-info: | enp0s3 | True | fe80::11:56ff:fe70:dd80/64 |       .       |  link  | 02:11:56:70:dd:80 |
[   13.725522] cloud-init[954]: ci-info: |   lo   | True |         127.0.0.1          |   255.0.0.0   |  host  |         .         |
[   13.730197] cloud-init[954]: ci-info: |   lo   | True |          ::1/128           |       .       |  host  |         .         |
[   13.736598]          Starting iSCSI initiator daemon (iscsid)...
[[0;32m  OK  [0m] Reached target System Initialization.
         Starting LXD - unix socket.
[[0;32m  OK  [0m] Started Daily Cleanup of Temporary Directories.
         Starting Socket activation for snappy daemon.
[[0;32m  OK  [0m] Listening on D-Bus System Message Bus Socket.
cloud-init[954]: ci-info: +--------+------+----------------------------+---------------+--------+-------------------+
[   13.745456] cloud-init[954]: ci-info: +++++++++++++++++++++++++++Route IPv4 info++++++++++++++++++++++++++++
[   13.747126] [[0;32m  OK  [0m] Started Daily apt download activities.
[[0;32m  OK  [0m] Started Daily apt upgrade and clean activities.
[[0;32m  OK  [0m] Reached target Timers.
[[0;32m  OK  [0m] Listening on UUID daemon activation socket.
[[0;32m  OK  [0m] Listening on ACPID Listen Socket.
cloud-init[954]: ci-info: +-------+-------------+----------+---------------+-----------+-------+
[   13.782641] cloud-init[954]: ci-info: | Route | Destination | Gateway  |    Genmask    | Interface | Flags |
[[0;32m  OK  [0m] Started ACPI Events Check.
[   13.789103] [[0;32m  OK  [0m] Reached target Paths.
[[0;32m  OK  [0m] Reached target Cloud-config availability.
cloud-init[954]: ci-info: +-------+-------------+----------+---------------+-----------+-------+
[   13.796910] cloud-init[954]: ci-info: |   0   |   0.0.0.0   | 10.0.2.2 |    0.0.0.0    |   enp0s3  |   UG  |
[   13.802048] cloud-init[954]: ci-info: |   1   |   10.0.2.0  | 0.0.0.0  | 255.255.255.0 |   enp0s3  |   U   |[[0;32m  OK  [0m] Listening on LXD - unix socket.
[[0;32m  OK  [0m] Listening on Socket activation for snappy daemon.

[   13.832218] cloud-init[954]: ci-info: +-------+-------------+----------+---------------+-----------+-------+
[   13.832676] cloud-init[954]: ci-info: +++++++++++++++++++Route IPv6 info+++++++++++++++++++
[   13.833264] cloud-init[954]: ci-info: +-------+-------------+---------+-----------+-------+
[   13.833661] cloud-init[954]: ci-info: | Route | Destination | Gateway | Interface | Flags |
[   13.834684] cloud-init[954]: ci-info: +-------+-------------+---------+-----------+-------+
[   13.835100] cloud-init[954]: ci-info: |   0   |  fe80::/64  |    ::   |   enp0s3  |   U   |
[   13.835589] cloud-init[954]: ci-info: |   3   |   ff00::/8  |    ::   |   enp0s3  |   U   |
[   13.836012] cloud-init[954]: ci-info: +-------+-------------+---------+-----------+-------+
[[0;32m  OK  [0m] Started iSCSI initiator daemon (iscsid).
         Starting Login to default iSCSI targets...
[[0;32m  OK  [0m] Reached target Sockets.
[[0;32m  OK  [0m] Reached target Basic System.
         Starting /etc/rc.local Compatibility...
         Starting System Logging Service...
         Starting LSB: Record successful boot for GRUB...
         Starting LSB: MD monitoring daemon...
[[0;32m  OK  [0m] Started FUSE filesystem for LXC.
         Starting Snappy daemon...
         Starting Login Service...
[[0;32m  OK  [0m] Started D-Bus System Message Bus.
[[0;32m  OK  [0m] Started ACPI event daemon.
         Starting Virtualbox guest utils...
[[0;32m  OK  [0m] Started Regular background program processing daemon.
         Starting OpenBSD Secure Shell server...
         Starting Accounts Service...
[[0;32m  OK  [0m] Started Deferred execution scheduler.
         Starting LXD - container startup/shutdown...
[[0;32m  OK  [0m] Started System Logging Service.
[[0;32m  OK  [0m] Started /etc/rc.local Compatibility.
[[0;32m  OK  [0m] Started OpenBSD Secure Shell server.
[[0;32m  OK  [0m] Started Login to default iSCSI targets.
[[0;32m  OK  [0m] Started LXD - container startup/shutdown.
[[0;32m  OK  [0m] Started Snappy daemon.
[[0;32m  OK  [0m] Started LSB: MD monitoring daemon.
[[0;32m  OK  [0m] Started LSB: Record successful boot for GRUB.
[[0;32m  OK  [0m] Started Virtualbox guest utils.
[[0;32m  OK  [0m] Started Login Service.
[[0;32m  OK  [0m] Started Unattended Upgrades Shutdown.
         Starting Authenticate and Authorize Users to Run Privileged Tasks...
         Starting Wait until snapd is fully seeded...
[[0;32m  OK  [0m] Reached target Remote File Systems (Pre).
[[0;32m  OK  [0m] Reached target Remote File Systems.
         Starting LSB: Set the CPU Frequency Scaling governor to "ondemand"...
         Starting LSB: automatic crash report generation...
         Starting LSB: daemon to balance interrupts for SMP systems...
         Starting Permit User Sessions...
[[0;32m  OK  [0m] Started Wait until snapd is fully seeded.
[[0;32m  OK  [0m] Started Permit User Sessions.
[[0;32m  OK  [0m] Started Authenticate and Authorize Users to Run Privileged Tasks.
[[0;32m  OK  [0m] Started Accounts Service.
[[0;32m  OK  [0m] Started LSB: Set the CPU Frequency Scaling governor to "ondemand".
[[0;32m  OK  [0m] Started LSB: automatic crash report generation.
[[0;32m  OK  [0m] Created slice User Slice of vagrant.
[[0;32m  OK  [0m] Started Session 1 of user vagrant.
         Starting User Manager for UID 1000...
         Starting Hold until boot process finishes up...
         Starting Terminate Plymouth Boot Screen...
         Starting Apply the settings specified in cloud-config...
[[0;32m  OK  [0m] Started LSB: daemon to balance interrupts for SMP systems.
[[0;32m  OK  [0m] Started Hold until boot process finishes up.
[[0;32m  OK  [0m] Started Terminate Plymouth Boot Screen.
[[0;32m  OK  [0m] Started User Manager for UID 1000.
[[0;32m  OK  [0m] Started Getty on tty1.
[[0;32m  OK  [0m] Started Serial Getty on ttyS0.
[[0;32m  OK  [0m] Reached target Login Prompts.
         Starting Set console scheme...
[[0;32m  OK  [0m] Reached target Multi-User System.
[[0;32m  OK  [0m] Reached target Graphical Interface.
         Starting Update UTMP about System Runlevel Changes...
[[0;32m  OK  [0m] Started Set console scheme.
[[0;32m  OK  [0m] Started Update UTMP about System Runlevel Changes.
[   16.906240] cloud-init[1210]: Cloud-init v. 19.1-1-gbaa47854-0ubuntu1~16.04.1 running 'modules:config' at Fri, 15 Nov 2019 18:20:17 +0000. Up 16.57 seconds.
[[0;32m  OK  [0m] Started Apply the settings specified in cloud-config.
         Starting Execute cloud user/final scripts...
[   18.290685] cloud-init[1244]: Cloud-init v. 19.1-1-gbaa47854-0ubuntu1~16.04.1 running 'modules:final' at Fri, 15 Nov 2019 18:20:18 +0000. Up 17.90 seconds.
[   18.299742] cloud-init[1244]: Cloud-init v. 19.1-1-gbaa47854-0ubuntu1~16.04.1 finished at Fri, 15 Nov 2019 18:20:19 +0000. Datasource DataSourceNoCloud [seed=/dev/sdb][dsmode=net].  Up 18.27 seconds
[[0;32m  OK  [0m] Started Execute cloud user/final scripts.
[[0;32m  OK  [0m] Reached target Cloud-init target.

Ubuntu 16.04.6 LTS ubuntu-xenial ttyS0

ubuntu-xenial login: 