[    0.000000] Initializing cgroup subsys cpuset
[    0.000000] Initializing cgroup subsys cpu
[    0.000000] Initializig cgroup subsys cpuacct
[    0.000000] Linux version 4.4.0-166-generic (buildd@lgw01-amd64-027) (gcc version 5.4.0 20160609 (Ubuntu 5.4.0-6ubuntu1~16.04.10) ) #195-Ubuntu SMP Tue Oct 1 09:36:25 UTC 2019 (Ubuntu 4.4.0-166.195-generic 4.4.194)
[    0.000000] KERNEL supported cpus:
[    0.000000]   Intel GenuineIntel
[    0.000000]   AMD AuthenticAMD
[    0.000000]   NSC Geode by NSC
[    0.000000]   Cyrix CyrixInstead
[    0.000000]   Centaur CentaurHauls
[    0.000000]   Transmeta GenuineTMx86
[    0.000000]   Transmeta TransmetaCPU
[    0.000000]   UMC UMC UMC UMC
[    0.000000] x86/fpu: xstate_offset[2]:  576, xstate_sizes[2]:  256
[    0.000000] x86/fpu: Supporting XSAVE feature 0x01: 'x87 floatting point registers'
[    0.000000] x86/fpu: Supporting XSAVE feature 0x02: 'SSE registers'
[    0.000000] x86/fpu: Supporting XSAVE feature 0x04: 'AVX registers'
[    0.000000] x86/fpu: Enabled xstate features 0x7, context size is 832 bytes, using 'standard' format.
[    0.000000] e820: BIOS-provided physical RAM map:
[    0.000000] BIOS-e820: [mem 0x0000000000000000-0x000000000009fbff] usable
[    0.000000] BIOS-e820: [mem 0x000000000009fc00-0x000000000009ffff] reserved
[    0.000000] BIOS-e820: [mem 0x00000000000f0000-0x00000000000fffff] reserved
[    0.000000] BIOS-e820: [mem 0x0000000000100000-0x000000003ffeffff] usable
[    0.000000] BIOS-e820: [mem 0x000000003fff0000-0x000000003fffffff] ACPI data
[    0.000000] BIOS-e820: [mem 0x00000000fec00000-0x00000000fec00fff] reserved
[    0.000000] BIOS-e820: [mem 0x00000000fee00000-0x00000000fee00fff] reserved
[    0.000000] BIOS-e820: [mem 0x00000000fffc0000-0x00000000ffffffff] reserved
[    0.000000] NX (Execute Disable) protection: active
[    0.000000] SMBIOS 2.5 present.
[    0.000000] Hypervisor detected: KVM
[    0.000000] e820: last_pfn = 0x3fff0 max_arch_pfn = 0x1000000
[    0.000000] MTRR: Disabled
[    0.000000] x86/PAT: MTRRs disabled, skipping PAT initialization too.
[    0.000000] CPU MTRRs all blank - virtualized system.
[    0.000000] x86/PAT: Configuration [0-7]: WB  WT  UC- UC  WB  WT  UC- UC  
[    0.000000] found SMP MP-table at [mem 0x0009fff0-0x0009ffff] mapped at [c009fff0]
[    0.000000] Scanning 1 areas for low memory corruption
[    0.000000] RAMDISK: [mem 0x3630a000-0x3717cfff]
[    0.000000] ACPI: Early table checksum verification disabled
[    0.000000] ACPI: RSDP 0x00000000000E0000 000024 (v02 VBOX  )
[    0.000000] ACPI: XSDT 0x000000003FFF0030 00003C (v01 VBOX   VBOXXSDT 00000001 ASL  00000061)
[    0.000000] ACPI: FACP 0x000000003FFF00F0 0000F4 (v04 VBOX   VBOXFACP 00000001 ASL  00000061)
[    0.000000] ACPI: DSDT 0x000000003FFF0470 0021FF (v02 VBOX   VBOXBIOS 00000002 INTL 20100528)
[    0.000000] ACPI: FACS 0x000000003FFF0200 000040
[    0.000000] ACPI: FACS 0x000000003FFF0200 000040
[    0.000000] ACPI: APIC 0x000000003FFF0240 00005C (v02 VBOX   VBOXAPIC 00000001 ASL  00000061)
[    0.000000] ACPI: SSDT 0x000000003FFF02A0 0001CC (v01 VBOX   VBOXCPUT 00000002 INTL 20100528)
[    0.000000] 131MB HIGHMEM available.
[    0.000000] 891MB LOWMEM available.
[    0.000000]   mapped low ram: 0 - 37bfe000
[    0.000000]   low ram: 0 - 37bfe000
[    0.000000] kvm-clock: Using msrs 4b564d01 and 4b564d00
[    0.000000] kvm-clock: cpu 0, msr 0:37bfd001, primary cpu clock
[    0.000000] kvm-clock: using sched offset of 4026197449 cycles
[    0.000000] clocksource: kvm-clock: mask: 0xffffffffffffffff max_cycles: 0x1cd42e4dffb, max_idle_ns: 881590591483 ns
[    0.000000] Zone ranges:
[    0.000000]   DMA      [mem 0x0000000000001000-0x0000000000ffffff]
[    0.000000]   Normal   [mem 0x0000000001000000-0x0000000037bfdfff]
[    0.000000]   HighMem  [mem 0x0000000037bfe000-0x000000003ffeffff]
[    0.000000] Movable zone start for each node
[    0.000000] Early memory node ranges
[    0.000000]   node   0: [mem 0x0000000000001000-0x000000000009efff]
[    0.000000]   node   0: [mem 0x0000000000100000-0x000000003ffeffff]
[    0.000000] Initmem setup node 0 [mem 0x0000000000001000-0x000000003ffeffff]
[    0.000000] Using APIC driver default
[    0.000000] ACPI: PM-Timer IO Port: 0x4008
[    0.000000] IOAPIC[0]: apic_id 2, version 32, address 0xfec00000, GSI 0-23
[    0.000000] ACPI: INT_SRC_OVR (bus 0 bus_irq 0 global_irq 2 dfl dfl)
[    0.000000] ACPI: INT_SRC_OVR (bus 0 bus_irq 9 global_irq 9 low level)
[    0.000000] Using ACPI (MADT) for SMP configuration information
[    0.000000] smpboot: Allowing 2 CPUs, 0 hotplug CPUs
[    0.000000] PM: Registered nosave memory: [mem 0x00000000-0x00000fff]
[    0.000000] PM: Registered nosave memory: [mem 0x0009f000-0x0009ffff]
[    0.000000] PM: Registered nosave memory: [mem 0x000a0000-0x000effff]
[    0.000000] PM: Registered nosave memory: [mem 0x000f0000-0x000fffff]
[    0.000000] e820: [mem 0x40000000-0xfebfffff] available for PCI devices
[    0.000000] Booting paravirtualized kernel on KVM
[    0.000000] clocksource: refined-jiffies: mask: 0xffffffff max_cycles: 0xffffffff, max_idle_ns: 7645519600211568 ns
[    0.000000] setup_percpu: NR_CPUS:8 nr_cpumask_bits:8 nr_cpu_ids:2 nr_node_ids:1
[    0.000000] PERCPU: Embedded 19 pages/cpu @f71b0000 s47372 r0 d30452 u77824
[    0.000000] Built 1 zonelists in Zone order, mobility grouping on.  Total pages: 259800
[    0.000000] Kernel command line: BOOT_IMAGE=/boot/vmlinuz-4.4.0-166-generic root=UUID=8dbb91e3-5f82-4688-8239-4b29c48a49bd ro console=tty1 console=ttyS0
[    0.000000] PID hash table entries: 4096 (order: 2, 16384 bytes)
[    0.000000] Dentry cache hash table entries: 131072 (order: 7, 524288 bytes)
[    0.000000] Inode-cache hash table entries: 65536 (order: 6, 262144 bytes)
[    0.000000] Initializing CPU#0
[    0.000000] Initializing HighMem for node 0 (00037bfe:0003fff0)
[    0.000000] Initializing Movable for node 0 (00000000:00000000)
[    0.000000] Memory: 1007908K/1048120K available (8131K kernel code, 794K rwdata, 3208K rodata, 940K init, 788K bss, 40212K reserved, 0K cma-reserved, 135112K highmem)
[    0.000000] virtual kernel memory layout:
[    0.000000]     fixmap  : 0xfff15000 - 0xfffff000   ( 936 kB)
[    0.000000]     pkmap   : 0xffc00000 - 0xffe00000   (2048 kB)
[    0.000000]     vmalloc : 0xf83fe000 - 0xffbfe000   ( 120 MB)
[    0.000000]     lowmem  : 0xc0000000 - 0xf7bfe000   ( 891 MB)
[    0.000000]       .init : 0xc1bdd000 - 0xc1cc8000   ( 940 kB)
[    0.000000]       .data : 0xc17f1088 - 0xc1bdb980   (4010 kB)
[    0.000000]       .text : 0xc1000000 - 0xc17f1088   (8132 kB)
[    0.000000] Checking if this processor honours the WP bit even in supervisor mode...Ok.
[    0.000000] SLUB: HWalign=64, Order=0-3, MinObjects=0, CPUs=2, Nodes=1
[    0.000000] Hierarchical RCU implementation.
[    0.000000] 	Build-time adjustment of leaf fanout to 32.
[    0.000000] 	RCU restricting CPUs from NR_CPUS=8 to nr_cpu_ids=2.
[    0.000000] RCU: Adjusting geometry for rcu_fanout_leaf=32, nr_cpu_ids=2
[    0.000000] NR_IRQS:2304 nr_irqs:440 16
[    0.000000] Console: colour VGA+ 80x25
[    0.000000] console [tty1] enabled
[    0.000000] console [ttyS0] enabled
[    0.000000] allocated 1048576 bytes of page_ext
[    0.000000] tsc: Detected 2399.998 MHz processor
[    0.449146] Calibrating delay loop (skipped) preset value.. 4799.99 BogoMIPS (lpj=9599992)
[    0.451903] pid_max: default: 32768 minimum: 301
[    0.453756] ACPI: Core revision 20150930
[    0.457309] ACPI: 2 ACPI AML tables successfully acquired and loaded
[    0.459520] Security Framework initialized
[    0.460979] Yama: becoming mindful.
[    0.462262] AppArmor: AppArmor initialized
[    0.463788] Mount-cache hash table entries: 2048 (order: 1, 8192 bytes)
[    0.465924] Mountpoint-cache hash table entries: 2048 (order: 1, 8192 bytes)
[    0.468207] Initializing cgroup subsys io
[    0.469756] Initializing cgroup subsys memory
[    0.471200] Initializing cgroup subsys devices
[    0.472676] Initializing cgroup subsys freezer
[    0.474236] Initializing cgroup subsys net_cls
[    0.475686] Initializing cgroup subsys perf_event
[    0.477351] Initializing cgroup subsys net_prio
[    0.478850] Initializing cgroup subsys hugetlb
[    0.480837] Initializing cgroup subsys pids
[    0.484717] mce: CPU supports 0 MCE banks
[    0.486148] Last level iTLB entries: 4KB 64, 2MB 8, 4MB 8
[    0.487918] Last level dTLB entries: 4KB 64, 2MB 0, 4MB 0, 1GB 4
[    0.489812] Spectre V1 : Mitigation: usercopy/swapgs barriers and __user pointer sanitization
[    0.492621] Spectre V2 : Mitigation: Full generic retpoline
[    0.494429] Spectre V2 : Spectre v2 / SpectreRSB mitigation: Filling RSB on context switch
[    0.497194] Speculative Store Bypass: Vulnerable
[    0.498880] MDS: Vulnerable: Clear CPU buffers attempted, no microcode
[    0.505521] Freeing SMP alternatives memory: 36K
[    0.518334] ftrace: allocating 31583 entries in 62 pages
[    0.629732] smpboot: APIC(0) Converting physical 0 to logical package 0
[    0.632167] smpboot: Max logical packages: 1
[    0.633760] Enabling APIC mode:  Flat.  Using 1 I/O APICs
[    0.637622] ..TIMER: vector=0x30 apic1=0 pin1=2 apic2=-1 pin2=-1
[    0.748724] smpboot: CPU0: Intel(R) Core(TM) i5-6200U CPU @ 2.30GHz (family: 0x6, model: 0x4e, stepping: 0x3)
[    0.752390] Performance Events: unsupported p6 CPU model 78 no PMU driver, software events only.
[    0.764754] KVM setup paravirtual spinlock
[    0.767435] x86: Booting SMP configuration:
[    0.769262] .... node  #0, CPUs:      #1
[1266874885.683354] Initializing CPU#1
[    0.771571] kvm-clock: cpu 1, msr 0:37bfd041, secondary cpu clock
[    0.775725] mce: CPU supports 0 MCE banks
[    0.778818] x86: Booted up 1 node, 2 CPUs
[    0.780653] smpboot: Total of 2 processors activated (9599.99 BogoMIPS)
[    0.783171] devtmpfs: initialized
[    0.785128] evm: security.selinux
[    0.786322] evm: security.SMACK64
[    0.787650] evm: security.SMACK64EXEC
[    0.789059] evm: security.SMACK64TRANSMUTE
[    0.790496] evm: security.SMACK64MMAP
[    0.792226] evm: security.ima
[    0.793348] evm: security.capability
[    0.795096] clocksource: jiffies: mask: 0xffffffff max_cycles: 0xffffffff, max_idle_ns: 7645041785100000 ns
[    0.798237] futex hash table entries: 512 (order: 3, 32768 bytes)
[    0.800429] pinctrl core: initialized pinctrl subsystem
[    0.802289] RTC time: 15:10:16, date: 11/12/19
[    0.803960] NET: Registered protocol family 16
[    0.805583] EISA bus registered
[    0.818095] cpuidle: using governor ladder
[    0.829801] cpuidle: using governor menu
[    0.832259] PCCT header not found.
[    0.834716] ACPI: bus type PCI registered
[    0.837221] acpiphp: ACPI Hot Plug PCI Controller Driver version: 0.5
[    0.841230] PCI : PCI BIOS area is rw and x. Use pci=nobios if you want it NX.
[    0.845688] PCI: PCI BIOS revision 2.10 entry at 0xfda26, last bus=0
[    0.849173] PCI: Using configuration type 1 for base access
[    0.867292] ACPI: Added _OSI(Module Device)
[    0.869942] ACPI: Added _OSI(Processor Device)
[    0.873241] ACPI: Added _OSI(3.0 _SCP Extensions)
[    0.876985] ACPI: Added _OSI(Processor Aggregator Device)
[    0.882795] ACPI: Executed 1 blocks of module-level executable AML code
[    0.893647] ACPI: Interpreter enabled
[    0.896576] ACPI: (supports S0 S5)
[    0.900188] ACPI: Using IOAPIC for interrupt routing
[    0.904176] PCI: Using host bridge windows from ACPI; if necessary, use "pci=nocrs" and report a bug
[    0.944044] ACPI: PCI Root Bridge [PCI0] (domain 0000 [bus 00-ff])
[    0.953739] acpi PNP0A03:00: _OSC: OS supports [ASPM ClockPM Segments MSI]
[    0.956200] acpi PNP0A03:00: _OSC: not requesting OS control; OS requires [ExtendedConfig ASPM ClockPM MSI]
[    0.960330] acpi PNP0A03:00: fail to add MMCONFIG information, can't access extended PCI configuration space under this bridge.
[    0.964247] PCI host bridge to bus 0000:00
[    0.965702] pci_bus 0000:00: root bus resource [io  0x0000-0x0cf7 window]
[    0.967823] pci_bus 0000:00: root bus resource [io  0x0d00-0xffff window]
[    0.969958] pci_bus 0000:00: root bus resource [mem 0x000a0000-0x000bffff window]
[    0.972731] pci_bus 0000:00: root bus resource [mem 0x40000000-0xfdffffff window]
[    0.975533] pci_bus 0000:00: root bus resource [bus 00-ff]
[    0.979616] pci 0000:00:01.1: legacy IDE quirk: reg 0x10: [io  0x01f0-0x01f7]
[    0.981710] pci 0000:00:01.1: legacy IDE quirk: reg 0x14: [io  0x03f6]
[    0.983761] pci 0000:00:01.1: legacy IDE quirk: reg 0x18: [io  0x0170-0x0177]
[    0.985910] pci 0000:00:01.1: legacy IDE quirk: reg 0x1c: [io  0x0376]
[    1.007499] pci 0000:00:07.0: quirk: [io  0x4000-0x403f] claimed by PIIX4 ACPI
[    1.010595] pci 0000:00:07.0: quirk: [io  0x4100-0x410f] claimed by PIIX4 SMB
[    1.019983] ACPI: PCI Interrupt Link [LNKA] (IRQs 5 9 10 *11)
[    1.023151] ACPI: PCI Interrupt Link [LNKB] (IRQs 5 9 *10 11)
[    1.025975] ACPI: PCI Interrupt Link [LNKC] (IRQs 5 *9 10 11)
[    1.028844] ACPI: PCI Interrupt Link [LNKD] (IRQs 5 9 10 *11)
[    1.031926] ACPI: Enabled 2 GPEs in block 00 to 07
[    1.034165] vgaarb: setting as boot device: PCI:0000:00:02.0
[    1.036389] vgaarb: device added: PCI:0000:00:02.0,decodes=io+mem,owns=io+mem,locks=none
[    1.040064] vgaarb: loaded
[    1.041388] vgaarb: bridge control possible 0000:00:02.0
[    1.043755] SCSI subsystem initialized
[    1.045550] ACPI: bus type USB registered
[    1.047209] usbcore: registered new interface driver usbfs
[    1.049393] usbcore: registered new interface driver hub
[    1.051391] usbcore: registered new device driver usb
[    1.053726] PCI: Using ACPI for IRQ routing
[    1.056222] NetLabel: Initializing
[    1.057642] NetLabel:  domain hash size = 128
[    1.059431] NetLabel:  protocols = UNLABELED CIPSOv4
[    1.061449] NetLabel:  unlabeled traffic allowed by default
[    1.064154] amd_nb: Cannot enumerate AMD northbridges
[    1.066426] clocksource: Switched to clocksource kvm-clock
[    1.092835] AppArmor: AppArmor Filesystem Enabled
[    1.097205] pnp: PnP ACPI init
[    1.100741] pnp: PnP ACPI: found 3 devices
[    1.103045] PnPBIOS: Disabled by ACPI PNP
[    1.151828] clocksource: acpi_pm: mask: 0xffffff max_cycles: 0xffffff, max_idle_ns: 2085701024 ns
[    1.156158] NET: Registered protocol family 2
[    1.158691] TCP established hash table entries: 8192 (order: 3, 32768 bytes)
[    1.161866] TCP bind hash table entries: 8192 (order: 4, 65536 bytes)
[    1.164849] TCP: Hash tables configured (established 8192 bind 8192)
[    1.167953] UDP hash table entries: 512 (order: 2, 16384 bytes)
[    1.170819] UDP-Lite hash table entries: 512 (order: 2, 16384 bytes)
[    1.174030] NET: Registered protocol family 1
[    1.176384] pci 0000:00:00.0: Limiting direct PCI/PCI transfers
[    1.179220] pci 0000:00:01.0: Activating ISA DMA hang workarounds
[    1.195558] Unpacking initramfs...
[    1.731465] Freeing initrd memory: 14796K
[    1.733689] clocksource: tsc: mask: 0xffffffffffffffff max_cycles: 0x229835b7123, max_idle_ns: 440795242976 ns
[    1.739122] platform rtc_cmos: registered platform RTC device (no PNP device found)
[    1.743592] Scanning for low memory corruption every 60 seconds
[    1.748515] audit: initializing netlink subsys (disabled)
[    1.751959] audit: type=2000 audit(1573571422.623:1): initialized
[    1.755512] Initialise system trusted keyring
[    1.758137] HugeTLB registered 2 MB page size, pre-allocated 0 pages
[    1.762320] zbud: loaded
[    1.763886] VFS: Disk quotas dquot_6.6.0
[    1.765648] VFS: Dquot-cache hash table entries: 1024 (order 0, 4096 bytes)
[    1.768749] squashfs: version 4.0 (2009/01/31) Phillip Lougher
[    1.772034] fuse init (API version 7.23)
[    1.788385] Key type big_key registered
[    1.790509] Allocating IMA MOK and blacklist keyrings.
[    1.796289] Key type asymmetric registered
[    1.798077] Asymmetric key parser 'x509' registered
[    1.806483] bounce: pool size: 64 pages
[    1.808463] Block layer SCSI generic (bsg) driver version 0.4 loaded (major 249)
[    1.812068] io scheduler noop registered
[    1.813862] io scheduler deadline registered (default)
[    1.816526] io scheduler cfq registered
[    1.818537] pci_hotplug: PCI Hot Plug PCI Core version: 0.5
[    1.820918] pciehp: PCI Express Hot Plug Controller Driver version: 0.4
[    1.824095] ACPI: AC Adapter [AC] (off-line)
[    1.826075] input: Power Button as /devices/LNXSYSTM:00/LNXPWRBN:00/input/input0
[    1.829831] ACPI: Power Button [PWRF]
[    1.831758] input: Sleep Button as /devices/LNXSYSTM:00/LNXSLPBN:00/input/input1
[    1.834994] ACPI: Sleep Button [SLPF]
[    1.838491] ACPI: Battery Slot [BAT0] (battery present)
[    1.838515] GHES: HEST is not enabled!
[    1.842538] isapnp: Scanning for PnP cards...
[    1.842558] Serial: 8250/16550 driver, 32 ports, IRQ sharing enabled
[    1.867789] 00:02: ttyS0 at I/O 0x3f8 (irq = 4, base_baud = 115200) is a 16550A
[    1.880272] Linux agpgart interface v0.103
[    1.887642] loop: module loaded
[    1.889746] scsi host0: ata_piix
[    1.891198] scsi host1: ata_piix
[    1.892538] ata1: PATA max UDMA/33 cmd 0x1f0 ctl 0x3f6 bmdma 0xd000 irq 14
[    1.895063] ata2: PATA max UDMA/33 cmd 0x170 ctl 0x376 bmdma 0xd008 irq 15
[    1.897955] libphy: Fixed MDIO Bus: probed
[    1.899557] tun: Universal TUN/TAP device driver, 1.6
[    1.901666] tun: (C) 1999-2004 Max Krasnyansky <maxk@qualcomm.com>
[    1.904447] PPP generic driver version 2.4.2
[    1.906283] ehci_hcd: USB 2.0 'Enhanced' Host Controller (EHCI) Driver
[    1.909139] ehci-pci: EHCI PCI platform driver
[    1.911161] ehci-platform: EHCI generic platform driver
[    1.919343] ohci_hcd: USB 1.1 'Open' Host Controller (OHCI) Driver
[    1.922315] ohci-pci: OHCI PCI platform driver
[    1.924576] ohci-platform: OHCI generic platform driver
[    1.927145] uhci_hcd: USB Universal Host Controller Interface driver
[    1.929967] i8042: PNP: PS/2 Controller [PNP0303:PS2K,PNP0f03:PS2M] at 0x60,0x64 irq 1,12
[    1.934996] serio: i8042 KBD port at 0x60,0x64 irq 1
[    1.939012] serio: i8042 AUX port at 0x60,0x64 irq 12
[    1.941304] mousedev: PS/2 mouse device common for all mice
[    1.944574] input: AT Translated Set 2 keyboard as /devices/platform/i8042/serio0/input/input2
[    1.955222] rtc_cmos rtc_cmos: rtc core: registered rtc_cmos as rtc0
[    1.957918] rtc_cmos rtc_cmos: alarms up to one day, 114 bytes nvram
[    1.960237] i2c /dev entries driver
[    1.961720] device-mapper: uevent: version 1.0.3
[    1.964160] device-mapper: ioctl: 4.34.0-ioctl (2015-10-28) initialised: dm-devel@redhat.com
[    1.972942] platform eisa.0: Probing EISA bus 0
[    1.975770] platform eisa.0: EISA: Cannot allocate resource for mainboard
[    1.980021] platform eisa.0: Cannot allocate resource for EISA slot 1
[    1.982153] platform eisa.0: Cannot allocate resource for EISA slot 2
[    1.984107] platform eisa.0: Cannot allocate resource for EISA slot 3
[    1.986424] platform eisa.0: Cannot allocate resource for EISA slot 4
[    1.988973] platform eisa.0: Cannot allocate resource for EISA slot 5
[    1.991322] platform eisa.0: Cannot allocate resource for EISA slot 6
[    1.994174] platform eisa.0: Cannot allocate resource for EISA slot 7
[    1.997134] platform eisa.0: Cannot allocate resource for EISA slot 8
[    1.999593] platform eisa.0: EISA: Detected 0 cards
[    2.001480] cpufreq-nforce2: No nForce2 chipset.
[    2.003519] ledtrig-cpu: registered to indicate activity on CPUs
[    2.005871] NET: Registered protocol family 10
[    2.008097] NET: Registered protocol family 17
[    2.010043] Key type dns_resolver registered
[    2.011937] Using IPI No-Shortcut mode
[    2.013419] registered taskstats version 1
[    2.014935] Loading compiled-in X.509 certificates
[    2.018907] Loaded X.509 cert 'Build time autogenerated kernel key: ff2581549e7ce7e6616cef99f70b135c5c856bdc'
[    2.022231] zswap: loaded using pool lzo/zbud
[    2.026003] Key type trusted registered
[    2.031728] Key type encrypted registered
[    2.033360] AppArmor: AppArmor sha1 policy hashing enabled
[    2.035223] ima: No TPM chip found, activating TPM-bypass!
[    2.037338] ima: Allocated hash algorithm: sha1
[    2.039429] evm: HMAC attrs: 0x1
[    2.041233]   Magic number: 11:140:184
[    2.042923] rtc_cmos rtc_cmos: setting system clock to 2019-11-12 15:10:18 UTC (1573571418)
[    2.046332] BIOS EDD facility v0.16 2004-Jun-25, 0 devices found
[    2.048232] EDD information not available.
[    2.245556] isapnp: No Plug & Play device found
[    2.248249] Freeing unused kernel memory: 940K
[    2.270652] Write protecting the kernel text: 8136k
[    2.272770] Write protecting the kernel read-only data: 3212k
[    2.275125] NX-protecting the kernel data: 6200k
Loading, please wait...
starting version 229
[    2.304195] random: systemd-udevd: uninitialized urandom read (16 bytes read, 0 bits of entropy available)
[    2.305807] random: udevadm: uninitialized urandom read (16 bytes read, 0 bits of entropy available)
[    2.317061] random: systemd-udevd: uninitialized urandom read (16 bytes read, 0 bits of entropy available)
[    2.327650] random: systemd-udevd: uninitialized urandom read (16 bytes read, 0 bits of entropy available)
[    2.329736] random: udevadm: uninitialized urandom read (16 bytes read, 0 bits of entropy available)
[    2.329791] random: udevadm: uninitialized urandom read (16 bytes read, 0 bits of entropy available)
[    2.330034] random: udevadm: uninitialized urandom read (16 bytes read, 0 bits of entropy available)
[    2.330099] random: udevadm: uninitialized urandom read (16 bytes read, 0 bits of entropy available)
[    2.330162] random: udevadm: uninitialized urandom read (16 bytes read, 0 bits of entropy available)
[    2.330229] random: udevadm: uninitialized urandom read (16 bytes read, 0 bits of entropy available)
[    2.449503] e1000: Intel(R) PRO/1000 Network Driver - version 7.3.21-k8-NAPI
[    2.449507] Fusion MPT base driver 3.04.20
[    2.449508] Copyright (c) 1999-2008 LSI Corporation
[    2.456436] e1000: Copyright (c) 1999-2006 Intel Corporation.
[    2.555223] Fusion MPT SPI Host driver 3.04.20
[    2.715981] input: ImExPS/2 Generic Explorer Mouse as /devices/platform/i8042/serio1/input/input4
[    2.962795] e1000 0000:00:03.0 eth0: (PCI:33MHz:32-bit) 02:11:56:70:dd:80
[    2.965226] e1000 0000:00:03.0 eth0: Intel(R) PRO/1000 Network Connection
[    2.968878] mptbase: ioc0: Initiating bringup
[    2.969326] e1000 0000:00:03.0 enp0s3: renamed from eth0
[    3.474884] ioc0: LSI53C1030 A0: Capabilities={Initiator}
[    4.063039] scsi host2: ioc0: LSI53C1030 A0, FwRev=00000000h, Ports=1, MaxQ=256, IRQ=20
[    4.535143] scsi 2:0:0:0: Direct-Access     VBOX     HARDDISK         1.0  PQ: 0 ANSI: 5
[    4.544836] scsi target2:0:0: Beginning Domain Validation
[    4.558764] scsi target2:0:0: Domain Validation skipping write tests
[    4.565635] scsi target2:0:0: Ending Domain Validation
[    4.572122] scsi target2:0:0: asynchronous
[    4.580003] scsi 2:0:1:0: Direct-Access     VBOX     HARDDISK         1.0  PQ: 0 ANSI: 5
[    4.589091] scsi target2:0:1: Beginning Domain Validation
[    4.602390] scsi target2:0:1: Domain Validation skipping write tests
[    4.609293] scsi target2:0:1: Ending Domain Validation
[    4.616046] scsi target2:0:1: asynchronous
[    4.654961] sd 2:0:0:0: Attached scsi generic sg0 type 0
[    4.661199] sd 2:0:0:0: [sda] 20971520 512-byte logical blocks: (10.7 GB/10.0 GiB)
[    4.671835] sd 2:0:1:0: Attached scsi generic sg1 type 0
[    4.672337] sd 2:0:1:0: [sdb] 20480 512-byte logical blocks: (10.5 MB/10.0 MiB)
[    4.673343] sd 2:0:1:0: [sdb] Write Protect is off
[    4.674028] sd 2:0:1:0: [sdb] Incomplete mode parameter data
[    4.674042] sd 2:0:1:0: [sdb] Assuming drive cache: write through
[    4.678304] sd 2:0:0:0: [sda] Write Protect is off
[    4.678869] sd 2:0:0:0: [sda] Incomplete mode parameter data
[    4.678875] sd 2:0:0:0: [sda] Assuming drive cache: write through
[    4.696565]  sda: sda1
[    4.700691] sd 2:0:0:0: [sda] Attached SCSI disk
[    4.702217] sd 2:0:1:0: [sdb] Attached SCSI disk
Begin: Loading essential drivers ... [    6.552158] md: linear personality registered for level -1
[    6.562242] md: multipath personality registered for level -4
[    6.569504] md: raid0 personality registered for level 0
[    6.585787] md: raid1 personality registered for level 1
[    6.671193] raid6: mmxx1    gen()  3478 MB/s
[    6.738562] raid6: mmxx2    gen()  3490 MB/s
[    6.806895] raid6: sse1x1   gen()  3153 MB/s
[    6.875132] raid6: sse1x2   gen()  3278 MB/s
[    6.942495] raid6: sse2x1   gen()  5762 MB/s
[    7.010831] raid6: sse2x1   xor()  4487 MB/s
[    7.079112] raid6: sse2x2   gen()  7522 MB/s
[    7.146450] raid6: sse2x2   xor()  5518 MB/s
[    7.214765] raid6: avx2x1   gen() 11817 MB/s
[    7.283116] raid6: avx2x2   gen() 14364 MB/s
[    7.285718] raid6: using algorithm avx2x2 gen() 14364 MB/s
[    7.288684] raid6: using avx2x1 recovery algorithm
[    7.295698] xor: automatically using best checksumming function:
[    7.338754]    avx       : 16432.000 MB/sec
[    7.343722] async_tx: api initialized (async)
[    7.381294] md: raid6 personality registered for level 6
[    7.383924] md: raid5 personality registered for level 5
[    7.385910] md: raid4 personality registered for level 4
[    7.400144] md: raid10 personality registered for level 10
done.
Begin: Running /scripts/init-premount ... done.
Begin: Mounting root file system ... Begin: Running /scripts/local-top ... done.
Begin: Running /scripts/local-premount ... [    7.472083] Btrfs loaded
Scanning for Btrfs filesystems
done.
Warning: fsck not present, so skipping root file system
[    7.529261] EXT4-fs (sda1): INFO: recovery required on readonly filesystem
[    7.532251] EXT4-fs (sda1): write access will be enabled during recovery
[    7.665758] EXT4-fs (sda1): orphan cleanup on readonly fs
[    7.667612] EXT4-fs (sda1): 1 orphan inode deleted
[    7.669275] EXT4-fs (sda1): recovery complete
[    7.671642] EXT4-fs (sda1): mounted filesystem with ordered data mode. Opts: (null)
done.
Begin: Running /scripts/local-bottom ... done.
Begin: Running /scripts/init-bottom ... done.
[    7.822865] systemd[1]: systemd 229 running in system mode. (+PAM +AUDIT +SELINUX +IMA +APPARMOR +SMACK +SYSVINIT +UTMP +LIBCRYPTSETUP +GCRYPT +GNUTLS +ACL +XZ -LZ4 +SECCOMP +BLKID +ELFUTILS +KMOD -IDN)
[    7.832877] systemd[1]: Detected virtualization oracle.
[    7.835983] systemd[1]: Detected architecture x86.

Welcome to [1mUbuntu 16.04.6 LTS[0m!

[    7.845197] systemd[1]: Set hostname to <ubuntu-xenial>.
[    8.144928] systemd[1]: Listening on Journal Socket.
[[0;32m  OK  [0m] Listening on Journal Socket.
[    8.149159] systemd[1]: Set up automount Arbitrary Executable File Formats File System Automount Point.
[[0;32m  OK  [0m] Set up automount Arbitrary Executab...ats File System Automount Point.
[    8.157463] systemd[1]: Started Forward Password Requests to Wall Directory Watch.
[[0;32m  OK  [0m] Started Forward Password Requests to Wall Directory Watch.
[    8.162877] systemd[1]: Listening on Journal Audit Socket.
[[0;32m  OK  [0m] Listening on Journal Audit Socket.
[    8.167372] systemd[1]: Created slice System Slice.
[[0;32m  OK  [0m] Created slice System Slice.
[    8.187144] systemd[1]: Starting Uncomplicated firewall...
         Starting Uncomplicated firewall...
[    8.200666] systemd[1]: Starting Create list of required static device nodes for the current kernel...
         Starting Create list of required st... nodes for the current kernel...
[    8.213453] systemd[1]: Mounting Huge Pages File System...
         Mounting Huge Pages File System...
[    8.228355] systemd[1]: Starting Set console keymap...
         Starting Set console keymap...
[    8.236479] random: nonblocking pool is initialized
[    8.251837] systemd[1]: Starting Remount Root and Kernel File Systems...
         Starting Remount Root and Kernel File Systems...
[    8.271575] systemd[1]: Mounting Debug File System...
         Mounting Debug File System...
[    8.279756] EXT4-fs (sda1): re-mounted. Opts: (null)
[    8.280568] systemd[1]: Listening on LVM2 poll daemon socket.
[[0;32m  OK  [0m] Listening on LVM2 poll daemon socket.
[    8.316860] systemd[1]: Reached target System Time Synchronized.
[[0;32m  OK  [0m] Reached target System Time Synchronized.
[    8.326563] systemd[1]: Created slice User and Session Slice.
[[0;32m  OK  [0m] Created slice User and Session Slice.
[    8.333596] systemd[1]: Reached target Slices.
[[0;32m  OK  [0m] Reached target Slices.
[    8.342772] systemd[1]: Listening on Journal Socket (/dev/log).
[[0;32m  OK  [0m] Listening on Journal Socket (/dev/log).
[    8.350029] systemd[1]: Created slice system-serial\x2dgetty.slice.
[[0;32m  OK  [0m] Created slice system-serial\x2dgetty.slice.
[    8.355189] systemd[1]: Listening on Device-mapper event daemon FIFOs.
[[0;32m  OK  [0m] Listening on Device-mapper event daemon FIFOs.
[    8.360249] systemd[1]: Started Trigger resolvconf update for networkd DNS.
[[0;32m  OK  [0m] Started Trigger resolvconf update for networkd DNS.
[    8.373168] systemd[1]: Reached target User and Group Name Lookups.
[[0;32m  OK  [0m] Reached target User and Group Name Lookups.
[    8.378289] systemd[1]: Listening on udev Kernel Socket.
[[0;32m  OK  [0m] Listening on udev Kernel Socket.
[    8.402705] systemd[1]: Starting Nameserver information manager...
         Starting Nameserver information manager...
[    8.410815] systemd[1]: Mounting POSIX Message Queue File System...
         Mounting POSIX Message Queue File System...
[    8.418098] systemd[1]: Listening on udev Control Socket.
[[0;32m  OK  [0m] Listening on udev Control Socket.
[    8.422858] systemd[1]: Reached target Swap.
[[0;32m  OK  [0m] Reached target Swap.
[    8.450697] systemd[1]: Starting Load Kernel Modules...
         Starting Load Kernel Modules...
[    8.457998] systemd[1]: Listening on LVM2 metadata daemon socket.
[[0;32m  OK  [0m] Listening on LVM2 metadata daemon socket.
[    8.467728] systemd[1]: Starting Monitoring of LVM2 mirrors, snapshots etc. using dmeventd or progress polling...
[    8.483173] Loading iSCSI transport class v2.0-870.
         Starting Monitoring of LVM2 mirrors... dmeventd or progress polling...
[    8.511788] systemd[1]: Listening on Syslog Socket.
[[0;32m  OK  [0m] Listening on Syslog Socket.
[    8.529522] iscsi: registered transport (tcp)
[    8.543292] systemd[1]: Starting Journal Service...
         Starting Journal Service...
[    8.577485] systemd[1]: Listening on /dev/initctl Compatibility Named Pipe.
[[0;32m  OK  [0m] Listening on /dev/initctl Compatibility Named Pipe.
[    8.588059] systemd[1]: Reached target Encrypted Volumes.
[[0;32m  OK  [0m] Reached target Encrypted Volumes.
[    8.621557] systemd[1]: Mounted Huge Pages File System.
[[0;32m  OK  [0m] Mounted Huge Pages File System.
[    8.629074] systemd[1]: Mounted POSIX Message Queue File System.
[[0;32m  OK  [0m] Mounted POSIX Message Queue File System.
[    8.635327] systemd[1]: Mounted Debug File System.
[[0;32m  OK  [0m] Mounted Debug File System.
[    8.641793] systemd[1]: Started Uncomplicated firewall.
[[0;32m  OK  [0m] Started Uncomplicated firewall.
[    8.667340] systemd[1]: Started Create list of required static device nodes for the current kernel.
[[0;32m  OK  [0m] Started Create list of required sta...ce nodes for the current k[    8.679253] iscsi: registered transport (iser)
ernel.
[    8.701745] systemd[1]: Started Set console keymap.
[[0;32m  OK  [0m] Started Set console keymap.
[    8.707409] systemd[1]: Started Remount Root and Kernel File Systems.
[[0;32m  OK  [0m] Started Remount Root and Kernel File Systems.
[    8.727485] systemd[1]: Started Load Kernel Modules.
[[0;32m  OK  [0m] Started Load Kernel Modules.
[    8.747730] systemd[1]: Started Nameserver information manager.
[[0;32m  OK  [0m] Started Nameserver information manager.
[    8.786310] systemd[1]: Started Journal Service.
[[0;32m  OK  [0m] Started Journal Service.
[[0;32m  OK  [0m] Started LVM2 metadata daemon.
         Starting Apply Kernel Variables...
         Mounting FUSE Control File System...
         Starting Load/Save Random Seed...
         Starting udev Coldplug all Devices...
         Starting Flush Journal to Persistent Storage...
         Starting Create Static Device Nodes in /dev...
[[0;32m  OK  [0m] Mounted FUSE Control File System.
[[0;32m  OK  [0m] Started Apply Kernel Variables.
[[0;32m  OK  [0m] Started Load/Save Random Seed.
[[0;32m  OK  [0m] Started Create Static Device Nodes in /dev.
[[0;32m  OK  [0m] Started udev Coldplug all Devices.
[[0;32m  OK  [0m] Started Flush Journal to Persistent Storage.
         Starting udev Kernel Device Manager...
[[0;32m  OK  [0m] Started udev Kernel Device Manager.
[[0;32m  OK  [0m] Started Dispatch Password Requests to Console Directory Watch.
[[0;32m  OK  [0m] Started Monitoring of LVM2 mirrors,...ng dmeventd or progress polling.
[[0;32m  OK  [0m] Reached target Local File Systems (Pre).
[[0;32m  OK  [0m] Reached target Local File Systems.
         Starting Initial cloud-init job (pre-networking)...
         Starting Set console font and keymap...
         Starting Create Volatile Files and Directories...
         Starting Tell Plymouth To Write Out Runtime Data...
         Starting LSB: AppArmor initialization...
[[0;32m  OK  [0m] Started Create Volatile Files and Directories.
[[0;32m  OK  [0m] Started Tell Plymouth To Write Out Runtime Data.
         Starting Update UTMP about System Boot/Shutdown...
[[0;32m  OK  [0m] Found device /dev/ttyS0.
[[0;32m  OK  [0m] Started Update UTMP about System Boot/Shutdown.
[[0;32m  OK  [0m] Started LSB: AppArmor initialization.
[[0;32m  OK  [0m] Listening on Load/Save RF Kill Switch Status /dev/rfkill Watch.
[[0;32m  OK  [0m] Found device 82540EM Gigabit Ethern...r (PRO/1000 MT Desktop Adapter).
[[0;32m  OK  [0m] Started Set console font and keymap.
[[0;32m  OK  [0m] Created slice system-getty.slice.
[   11.633338] cloud-init[471]: Cloud-init v. 19.1-1-gbaa47854-0ubuntu1~16.04.1 running 'init-local' at Tue, 12 Nov 2019 15:10:27 +0000. Up 10.89 seconds.
[[0;32m  OK  [0m] Started Initial cloud-init job (pre-networking).
[[0;32m  OK  [0m] Reached target Network (Pre).
         Starting Raise network interfaces...
[[0;32m  OK  [0m] Started ifup for enp0s3.
[[0;32m  OK  [0m] Started Raise network interfaces.
[[0;32m  OK  [0m] Reached target Network.
         Starting Initial cloud-init job (metadata service crawler)...
[   13.637911] cloud-init[964]: Cloud-init v. 19.1-1-gbaa47854-0ubuntu1~16.04.1 running 'init' at Tue, 12 Nov 2019 15:10:29 +0000. Up 12.95 seconds.
[   13.643330] cloud-init[964]: ci-info: ++++++++++++++++++++++++++++++++++++++Net device info++++++++++++++++++++++++++++++++++++++
[   13.656566] cloud-init[964]: ci-info: +--------+------+----------------------------+---------------+--------+-------------------+
[   13.661753] cloud-init[964]: ci-info: | Device |  Up  |          Address           |      Mask     | Scope  |     Hw-Address    |
[   13.666697] cloud-init[964]: ci-info: +--------+------+----------------------------+---------------+--------+-------------------+
[   13.677285] cloud-init[964]: ci-info: | enp0s3 | True |         10.0.2.15          | 255.255.255.0 | global | 02:11:56:70:dd:80 |
[   13.682161] cloud-init[964]: ci-info: | enp0s3 | True | fe80::11:56ff:fe70:dd80/64 |       .       |  link  | 02:11:56:70:dd:80 |
[   13.687181] cloud-init[964]: ci-info: |   lo   | True |         127.0.0.1          |   255.0.0.0   |  host  |         .         |
[   13.739151] [[0;32m  OK  [0m] Started Initial cloud-init job (metadata service crawler).
cloud-init[964]: ci-info: |   lo   | True |          ::1/128           |       .       |  host  |         .         |
[[0;32m  OK  [0m] Reached target System Initialization.
[[0;32m  OK  [0m] Listening on UUID daemon activation socket.
[[0;32m  OK  [0m] Started Daily Cleanup of Temporary Directories.
         Starting Socket activation for snappy daemon.
[   13.756238] cloud-init[964]: ci-info: +--------+------+----------------------------+---------------+--------+-------------------+
[   13.765265] cloud-init[964]: ci-info: +++++++++++++++++++++++++++Route IPv4 info++++++++++++++++++++++++++++
[   13.768946] cloud-init[964]: ci-info: +-------+-------------+----------+---------------+-----------+-------+
[   13.774374] cloud-init[964]: ci-info: | Route | Destination | Gateway  |    Genmask    | Interface | Flags |
[   13.778094] cloud-init[964]: ci-info: +-------+-------------+----------+---------------+-----------+-------+
[   13.784444] cloud-init[964]: ci-info: |   0   |   0.0.0.0   | 10.0.2.2 |    0.0.0.0    |   enp0s3  |   UG  |
[   13.784997] cloud-init[964]: ci-info: |   1   |   10.0.2.0  | 0.0.0.0  | 255.255.255.0 |   enp0s3  |   U   |
[   13.785373] cloud-init[964]: ci-info: +-------+-------------+----------+---------------+-----------+-------+
[   13.785755] cloud-init[964]: ci-info: +++++++++++++++++++Route IPv6 info+++++++++++++++++++
[   13.786126] cloud-init[964]: ci-info: +-------+-------------+---------+-----------+-------+
[   13.786473] cloud-init[964]: ci-info: | Route | Destination | Gateway | Interface | Flags |
[   13.786845] cloud-init[964]: ci-info: +-------+-------------+---------+-----------+-------+
[   13.787227] cloud-init[964]: ci-info: |   0   |  fe80::/64  |    ::   |   enp0s3  |   U   |
[   13.787558] cloud-init[964]: ci-info: |   3   |   ff00::/8  |    ::   |   enp0s3  |   U   |
[   13.787910] cloud-init[964]: ci-info: +-------+-------------+---------+-----------+-------+
         Starting LXD - unix socket.
[[0;32m  OK  [0m] Started Daily apt download activities.
[[0;32m  OK  [0m] Started ACPI Events Check.
[[0;32m  OK  [0m] Reached target Paths.
[[0;32m  OK  [0m] Listening on D-Bus System Message Bus Socket.
[[0;32m  OK  [0m] Started Daily apt upgrade and clean activities.
[[0;32m  OK  [0m] Reached target Timers.
[[0;32m  OK  [0m] Listening on ACPID Listen Socket.
[[0;32m  OK  [0m] Reached target Cloud-config availability.
[[0;32m  OK  [0m] Reached target Network is Online.
         Starting iSCSI initiator daemon (iscsid)...
[[0;32m  OK  [0m] Listening on Socket activation for snappy daemon.
[[0;32m  OK  [0m] Listening on LXD - unix socket.
[[0;32m  OK  [0m] Started iSCSI initiator daemon (iscsid).
         Starting Login to default iSCSI targets...
[[0;32m  OK  [0m] Reached target Sockets.
[[0;32m  OK  [0m] Reached target Basic System.
[[0;32m  OK  [0m] Started FUSE filesystem for LXC.
         Starting Accounts Service...
[[0;32m  OK  [0m] Started D-Bus System Message Bus.
[[0;32m  OK  [0m] Started Deferred execution scheduler.
         Starting LSB: MD monitoring daemon...
         Starting /etc/rc.local Compatibility...
[[0;32m  OK  [0m] Started Regular background program processing daemon.
         Starting OpenBSD Secure Shell server...
         Starting LSB: Record successful boot for GRUB...
         Starting System Logging Service...
         Starting LXD - container startup/shutdown...
         Starting Login Service...
[[0;32m  OK  [0m] Started ACPI event daemon.
         Starting Virtualbox guest utils...
         Starting Snappy daemon...
[[0;32m  OK  [0m] Started System Logging Service.
[[0;32m  OK  [0m] Started /etc/rc.local Compatibility.
[[0;32m  OK  [0m] Started OpenBSD Secure Shell server.
[[0;32m  OK  [0m] Started Login to default iSCSI targets.
[[0;32m  OK  [0m] Started LXD - container startup/shutdown.
[[0;32m  OK  [0m] Started LSB: MD monitoring daemon.
[[0;32m  OK  [0m] Started LSB: Record successful boot for GRUB.
[[0;32m  OK  [0m] Started Snappy daemon.
         Starting Authenticate and Authorize Users to Run Privileged Tasks...
         Starting Wait until snapd is fully seeded...
[[0;32m  OK  [0m] Reached target Remote File Systems (Pre).
[[0;32m  OK  [0m] Reached target Remote File Systems.
         Starting LSB: Set the CPU Frequency Scaling governor to "ondemand"...
         Starting LSB: automatic crash report generation...
         Starting LSB: daemon to balance interrupts for SMP systems...
         Starting Permit User Sessions...
[[0;32m  OK  [0m] Started Virtualbox guest utils.
[[0;32m  OK  [0m] Started Wait until snapd is fully seeded.
[[0;32m  OK  [0m] Started Permit User Sessions.
[[0;32m  OK  [0m] Started Login Service.
[[0;32m  OK  [0m] Started Authenticate and Authorize Users to Run Privileged Tasks.
[[0;32m  OK  [0m] Started Accounts Service.
[[0;32m  OK  [0m] Started LSB: Set the CPU Frequency Scaling governor to "ondemand".
[[0;32m  OK  [0m] Created slice User Slice of vagrant.
[[0;32m  OK  [0m] Started Session 1 of user vagrant.
         Starting User Manager for UID 1000...
[[0;32m  OK  [0m] Started Unattended Upgrades Shutdown.
         Starting Terminate Plymouth Boot Screen...
         Starting Hold until boot process finishes up...
         Starting Apply the settings specified in cloud-config...
[[0;32m  OK  [0m] Started LSB: automatic crash report generation.
[[0;32m  OK  [0m] Started LSB: daemon to balance interrupts for SMP systems.
[[0;32m  OK  [0m] Started Terminate Plymouth Boot Screen.
[[0;32m  OK  [0m] Started Hold until boot process finishes up.
[[0;32m  OK  [0m] Started User Manager for UID 1000.
         Starting Set console scheme...
[[0;32m  OK  [0m] Started Serial Getty on ttyS0.
[[0;32m  OK  [0m] Started Getty on tty1.
[[0;32m  OK  [0m] Reached target Login Prompts.
[[0;32m  OK  [0m] Reached target Multi-User System.
[[0;32m  OK  [0m] Reached target Graphical Interface.
         Starting Update UTMP about System Runlevel Changes...
[[0;32m  OK  [0m] Started Set console scheme.
[[0;32m  OK  [0m] Started Update UTMP about System Runlevel Changes.
[   16.249242] cloud-init[1224]: Cloud-init v. 19.1-1-gbaa47854-0ubuntu1~16.04.1 running 'modules:config' at Tue, 12 Nov 2019 15:10:32 +0000. Up 15.95 seconds.
[[0;32m  OK  [0m] Started Apply the settings specified in cloud-config.
         Starting Execute cloud user/final scripts...
[   17.547301] cloud-init[1255]: Cloud-init v. 19.1-1-gbaa47854-0ubuntu1~16.04.1 running 'modules:final' at Tue, 12 Nov 2019 15:10:34 +0000. Up 17.21 seconds.
[   17.556635] cloud-init[1255]: Cloud-init v. 19.1-1-gbaa47854-0ubuntu1~16.04.1 finished at Tue, 12 Nov 2019 15:10:34 +0000. Datasource DataSourceNoCloud [seed=/dev/sdb][dsmode=net].  Up 17.52 seconds
[[0;32m  OK  [0m] Started Execute cloud user/final scripts.
[[0;32m  OK  [0m] Reached target Cloud-init target.

Ubuntu 16.04.6 LTS ubuntu-xenial ttyS0

ubuntu-xenial login: 