[    0.000000] Initializing cgroup subsys cpuset
[    0.000000] Initializing cgroup subsys cpu
[    0.000000] Initializing cgroup subsys cpuacct
[    0.000000] Linux version 4.4.0-164-generic (buildd@lgw01-amd64-056) (gcc version 5.4.0 20160609 (Ubuntu 5.4.0-6ubuntu1~16.04.10) ) #192-Ubuntu SMP Fri Sep 13 12:05:17 UTC 2019 (Ubuntu 4.4.0-164.192-generic 4.4.186)
[    0.000000] KERNEL supported cpus:
[    0.000000]   Intel GenuineIntel
[    0.000000]   AMD AuthenticAMD
[    0.000000]   NSC Geode by NSC
[    0.000000]   Cyrix CyrixInstead
[    0.000000]   Centaur CentaurHauls
[    0.000000]   Transmeta GenuineTMx86
[    0.000000]   Transmeta TransmetaCPU
[    0.000000]   UMC UMC UMC UMC
[    0.000000] x86/fpu: xstate_offset[2]:  576, xstate_sizes[2]:  256
[    0.000000] x86/fpu: Supporting XSAVE feature 0x01: 'x87 floating point registers'
[    0.000000] x86/fpu: Supporting XSAVE feature 0x02: 'SSE registers'
[    0.000000] x86/fpu: Supporting XSAVE feature 0x04: 'AVX registers'
[    0.000000] x86/fpu: Enabled xstate features 0x7, context size is 832 bytes, using 'standard' format.
[    0.000000] e820: BIOS-provided physical RAM map:
[    0.000000] BIOS-e820: [mem 0x0000000000000000-0x000000000009fbff] usable
[    0.000000] BIOS-e820: [mem 0x000000000009fc00-0x000000000009ffff] reserved
[    0.000000] BIOS-e820: [mem 0x00000000000f0000-0x00000000000fffff] reserved
[    0.000000] BIOS-e820: [mem 0x0000000000100000-0x000000003ffeffff] usable
[    0.000000] BIOS-e820: [mem 0x000000003fff0000-0x000000003fffffff] ACPI data
[    0.000000] BIOS-e820: [mem 0x00000000fec00000-0x00000000fec00fff] reserved
[    0.000000] BIOS-e820: [mem 0x00000000fee00000-0x00000000fee00fff] reserved
[    0.000000] BIOS-e820: [mem 0x00000000fffc0000-0x00000000ffffffff] reserved
[    0.000000] NX (Execute Disable) protection: active
[    0.000000] SMBIOS 2.5 present.
[    0.000000] Hypervisor detected: KVM
[    0.000000] e820: last_pfn = 0x3fff0 max_arch_pfn = 0x1000000
[    0.000000] MTRR: Disabled
[    0.000000] x86/PAT: MTRRs disabled, skipping PAT initialization too.
[    0.000000] CPU MTRRs all blank - virtualized system.
[    0.000000] x86/PAT: Configuration [0-7]: WB  WT  UC- UC  WB  WT  UC- UC  
[    0.000000] found SMP MP-table at [mem 0x0009fff0-0x0009ffff] mapped at [c009fff0]
[    0.000000] Scanning 1 areas for low memory corruption
[    0.000000] RAMDISK: [mem 0x3630a000-0x3717cfff]
[    0.000000] ACPI: Early table checksum verification disabled
[    0.000000] ACPI: RSDP 0x00000000000E0000 000024 (v02 VBOX  )
[    0.000000] ACPI: XSDT 0x000000003FFF0030 00003C (v01 VBOX   VBOXXSDT 00000001 ASL  00000061)
[    0.000000] ACPI: FACP 0x000000003FFF00F0 0000F4 (v04 VBOX   VBOXFACP 00000001 ASL  00000061)
[    0.000000] ACPI: DSDT 0x000000003FFF0470 0021FF (v02 VBOX   VBOXBIOS 00000002 INTL 20100528)
[    0.000000] ACPI: FACS 0x000000003FFF0200 000040
[    0.000000] ACPI: FACS 0x000000003FFF0200 000040
[    0.000000] ACPI: APIC 0x000000003FFF0240 00005C (v02 VBOX   VBOXAPIC 00000001 ASL  00000061)
[    0.000000] ACPI: SSDT 0x000000003FFF02A0 0001CC (v01 VBOX   VBOXCPUT 00000002 INTL 20100528)
[    0.000000] 131MB HIGHMEM available.
[    0.00000] 891MB LOWMEM available.
[    0.000000]   mapped low ram: 0 - 37bfe000
[    0.000000]   low ram: 0 - 37bfe000
[    0.000000] kvm-clock: Using mssrs 4b564d01 and 4b564d00
[    0.000000] kvm-clock: cpu 0, msr 0:37bfd001, primary cpu clock
[    0.000000] kvm-clock: using sched offset of 3901637684 cycles
[    0.000000] clocksource: kvm-clock: mask: 0xffffffffffffffff max_cycles: 0x1cd42e4dffb, max_idle_ns: 881590591483 ns
[    0.000000] Zoneranges:
[    0.000000]   DMA      [mem 0x0000000000001000-0x0000000000ffffff]
[    0.000000]   Normal   [mem 0x0000000001000000-0x0000000037bfdfff]
[    0.000000]   HighMem  [mem 0x0000000037bfe000-0x000000003ffeffff]
[    0.000000] Movable zone start for each node
[    0.000000] Early memory node ranges
[    0.000000]   node   0: [mem 0x0000000000001000-0x000000000009efff]
[    0.000000]   node   0: [mem 0x0000000000100000-0x000000003ffeffff]
[    0.000000] Initmem setup node 0 [mem 0x0000000000001000-0x000000003ffeffff]
[    0.000000] Using APIC driver default
[    0.000000] ACPI: PM-Timer IO Port: 0x4008
[    0.000000] IOAPIC[0]: apic_id 2, version 32, address 0xfec00000, GSI 0-23
[    0.000000] ACPI: INT_SRC_OVR (bus 0 bus_irq 0 global_irq 2 dfl dfl)
[    0.000000] ACPI: INT_SRC_OVR (bus 0 bus_irq 9 global_irq 9 low level)
[    0.000000] Using ACPI (MADT) for SMP configuration information
[    0.000000] smpboot: Allowing 2 CPUs, 0 hotplug CPUs
[    0.000000] PM: Registered nosave memory: [mem 0x00000000-0x00000fff]
[    0.000000] PM: Registered nosave memory: [mem 0x0009f000-0x0009ffff]
[    0.000000] PM: Registered nosave memory: [mem 0x000a0000-0x000effff]
[    0.000000] PM: Registered nosave memory: [mem 0x000f0000-0x000fffff]
[    0.000000] e820: [mem 0x40000000-0xfebfffff] available for PCI devices
[    0.000000] Booting paravirtualized kernel on KVM
[    0.000000] clocksource: refined-jiffies: mask: 0xffffffff max_cycles: 0xffffffff, max_idle_ns: 7645519600211568 ns
[    0.000000] setup_percpu: NR_CPUS:8 nr_cpumask_bits:8 nr_cpu_ids:2 nr_node_ids:1
[    0.000000] PERCPU: Embedded 19 pages/cpu @f71b0000 s47372 r0 d30452 u77824
[    0.000000] Built 1 zonelists in Zone order, mobility grouping on.  Total pages: 259800
[    0.000000] Kernel command line: BOOT_IMAGE=/boot/vmlinuz-4.4.0-164-generic root=UUID=8dbb91e3-5f82-4688-8239-4b29c48a49bd ro console=tty1 console=ttyS0
[    0.000000] PID hash table entries: 4096 (order: 2, 16384 bytes)
[    0.000000] Dentry cache hash table entries: 131072 (order: 7, 524288 bytes)
[    0.000000] Inode-cache hash table entries: 65536 (order: 6, 262144 bytes)
[    0.000000] Initializing CPU#0
[    0.000000] Initializing HighMem for node 0 (00037bfe:0003fff0)
[    0.000000] Initializing Movable for node 0 (00000000:00000000)
[    0.000000] Memory: 1007920K/1048120K available (8126K kernel code, 793K rwdata, 3208K rodata, 940K init, 784K bss, 40200K reserved, 0K cma-reserved, 135112K highmem)
[    0.000000] virtual kernel memory layout:
[    0.000000]     fixmap  : 0xfff15000 - 0xfffff000   ( 936 kB)
[    0.000000]     pkmap   : 0xffc00000 - 0xffe00000   (2048 kB)
[    0.000000]     vmalloc : 0xf83fe000 - 0xffbfe000   ( 120 MB)
[    0.000000]     lowmem  : 0xc0000000 - 0xf7bfe000   ( 891 MB)
[    0.000000]       .init : 0xc1bdb000 - 0xc1cc6000   ( 940 kB)
[    0.000000]       .data : 0xc17efc48 - 0xc1bd9580   (4006 kB)
[    0.000000]       .text : 0xc1000000 - 0xc17efc48   (8127 kB)
[    0.000000] Checking if this processor honours the WP bit even in supervisor mode...Ok.
[    0.000000] SLUB: HWalign=64, Order=0-3, MinObjects=0, CPUs=2, Nodes=1
[    0.000000] Hierarchical RCU implementation.
[    0.000000] 	Build-time adjstment of leaf fanout to 32.
[    0.000000] 	RCU restricting CPUs from NR_CPUS=8 to nr_cpu_ids=2.
[    0.000000] RCU: Adjusting geometry for rcu_fanout_leaf=32, nr_cpu_ids=2
[    0.000000] NR_IRQS:2304 nr_irqs:440 16
[    0.000000] Console: colour VGA+ 80x25
[    0.000000] console [tty1] enabled
[    0.000000] console [ttyS0] enabled
[    0.000000] allocated 1048576 bytes of page_ext
[    0.000000] tsc: Detected 2399.998 MHz processor
[    0.573775] Calibrating delay loop (skipped) preset value.. 4799.99 BogoMIPS ((lpj=9599992)
[    0.577198] pid_max: default: 32768 minimum: 301
[    0.579538] ACPI: Core revision 20150930
[    0.584700] ACPI: 2 ACPI AML tables successfully acquired and loaded
[    0.587808] Security Framework initialized
[    0.589400] Yama: becoming mindful.
[    0.591135] AppArmor: AppArmor initialized
[    0.593325] Mount-cache hash table entries: 2048 (order: 1, 8192 bytes)
[    0.596965] Mountpoint-cache hash table entries: 2048 (order: 1, 8192 bytes)
[    0.600569] Initializing cgroup subsys io
[    0.602959] Initializing cgroup subsys memory
[    0.605654] Initializing cgroup subsys devices
[    0.608338] Initializing cgroup subsys freezer
[    0.610288] Initializing cgroup subsys net_cls
[    0.612349] Initializing cgroup subsys perf_event
[    0.614322] Initializing cgroup subsys net_prio
[    0.616068] Initializing cgroup subsys hugetlb
[    0.617670] Initializing cgroup subsys pids
[    0.621914] mce: CPU supports 0 MCE banks
[    0.623367] Last level iTLB entries: 4KB 64, 2MB 8, 4MB 8
[    0.625105] Last level dTLB entries: 4KB 64, 2MB 0, 4MB 0, 1GB 4
[    0.627320] Spectre V1 : Mitigation: usercopy/swapgs barriers and __user pointer sanitization
[    0.630279] Spectre V2 : Mitigation: Full generic retpoline
[    0.632009] Spectre V2 : Spectre v2 / SpectreRSB mitigation: Filling RSB on context switch
[    0.635071] Speculative Store Bypass: Vulnerable
[    0.637094] MDS: Vulnerable: Clear CPU buffers attempted, no microcode
[    0.646169] Freeing SMP alternatives memory: 36K
[    0.659658] ftrace: allocating 31591 entries in 62 pages
[    0.798883] smpboot: APIC(0) Converting physical 0 to logical package 0
[    0.802273] smpboot: Max logical packages: 1
[    0.804275] Enabling APIC mode:  Flat.  Using 1 I/O APICs
[    0.809013] ..TIMER: vector=0x30 apic1=0 pin1=2 apic2=-1 pin2=-1
[    0.916623] smpboot: CPU0: Intel(R) Core(TM) i5-6200U CPU @ 2.30GHz (family: 0x6, model: 0x4e, stepping: 0x3)
[    0.928986] Performance Events: unsupported p6 CPU model 78 no PMU driver, software events only.
[    0.943974] KVM setup paravirtual spinlock
[    0.947329] x86: Booting SMP configuration:
[    0.949174] .... node  #0, CPUs:      #1
[1266874885.807913] Initializing CPU#1
[    0.952309] kvm-clock: cpu 1, msr 0:37bfd041, secondary cpu clock
[    0.957061] mce: CPU supports 0 MCE banks
[    0.960517] x86: Booted up 1 node, 2 CPUs
[    0.962260] smpboot: Total of 2 processors activated (9599.99 BogoMIPS)
[    0.964804] devtmpfs: initialized
[    0.966260] evm: security.selinux
[    0.967473] evm: security.SMACK64
[    0.968690] evm: security.SMACK64EXEC
[    0.969990] evm: security.SMACK64TRANSMUTE
[    0.971491] evm: security.SMACK64MMAP
[    0.972820] evm: security.ima
[    0.974234] evm: security.capability
[    0.976306] clocksource: jiffies: mask: 0xffffffff max_cycles: 0xffffffff, max_idle_ns: 7645041785100000 ns
[    0.980792] futex hash table entries: 512 (order: 3, 32768 bytes)
[    0.989041] pinctrl core: initialized pinctrl subsystem
[    0.991519] RTC time: 14:55:44, date: 10/24/19
[    0.993579] NET: Registered protocol family 16
[    0.995610] EISA bus registered
[    1.005326] cpuidle: using governor ladder
[    1.017036] cpuidle: using governor menu
[    1.018932] PCCT header not found.
[    1.020690] ACPI: bus type PCI registered
[    1.022654] acpiphp: ACPI Hot Plug PCI Controller Driver version: 0.5
[    1.025542] PCI : PCI BIOS area is rw and x. Use pci=nobios if you want it NX.
[    1.028937] PCI: PCI BIOS revision 2.10 entry at 0xfda26, last bus=0
[    1.031497] PCI: Using configuration type 1 for base access
[    1.047418] ACPI: Added _OSI(Module Device)
[    1.049753] ACPI: Added _OSI(Processor Device)
[    1.052801] ACPI: Added _OSI(3.0 _SCP Extensions)
[    1.055684] ACPI: Added _OSI(Processor Aggregator Device)
[    1.059469] ACPI: Executed 1 blocks of module-level executable AML code
[    1.066387] ACPI: Interpreter enabled
[    1.068374] ACPI: (supports S0 S5)
[    1.070176] ACPI: Using IOAPIC for interrupt routing
[    1.073078] PCI: Using host bridge windows from ACPI; if necessary, use "pci=nocrs" and report a bug
[    1.106268] ACPI: PCI Root Bridge [PCI0] (domain 0000 [bus 00-ff])
[    1.109807] acpi PNP0A03:00: _OSC: OS supports [ASPM ClockPM Segments MSI]
[    1.113627] acpi PNP0A03:00: _OSC: not requesting OS control; OS requires [ExtendedConfig ASPM ClockPM MSI]
[    1.119195] acpi PNP0A03:00: fail to add MMCONFIG information, can't access extended PCI configuration space under this bridge.
[    1.124871] PCI host bridge to bus 0000:00
[    1.126822] pci_bus 0000:00: root bus resource [io  0x0000-0x0cf7 window]
[    1.129915] pci_bus 0000:00: root bus resource [io  0x0d00-0xffff window]
[    1.133194] pci_bus 0000:00: root bus resource [mem 0x000a0000-0x000bffff window]
[    1.138110] pci_bus 0000:00: root bus resource [mem 0x40000000-0xfdffffff window]
[    1.142965] pci_bus 0000:00: root bus resource [bus 00-ff]
[    1.150344] pci 0000:00:01.1: legacy IDE quirk: reg 0x10: [io  0x01f0-0x01f7]
[    1.154246] pci 0000:00:01.1: legacy IDE quirk: reg 0x14: [io  0x03f6]
[    1.157844] pci 0000:00:01.1: legacy IDE quirk: reg 0x18: [io  0x0170-0x0177]
[    1.161803] pci 0000:00:01.1: legacy IDE quirk: reg 0x1c: [io  0x0376]
[    1.189423] pci 0000:00:07.0: quirk: [io  0x4000-0x403f] claimed by PIIX4 ACPI
[    1.195915] pci 0000:00:07.0: quirk: [io  0x4100-0x410f] claimed by PIIX4 SMB
[    1.208525] ACPI: PCI Interrupt Link [LNKA] (IRQs 5 9 10 *11)
[    1.213741] ACPI: PCI Interrupt Link [LNKB] (IRQs 5 9 *10 11)
[    1.218104] ACPI: PCI Interrupt Link [LNKC] (IRQs 5 *9 10 11)
[    1.222497] ACPI: PCI Interrupt Link [LNKD] (IRQs 5 9 10 *11)
[    1.226971] ACPI: Enabled 2 GPEs in block 00 to 07
[    1.230216] vgaarb: setting as boot device: PCI:0000:00:02.0
[    1.233201] vgaarb: device added: PCI:0000:00:02.0,decodes=io+mem,owns=io+mem,locks=none
[    1.237877] vgaarb: loaded
[    1.239647] vgaarb: bridge control possible 0000:00:02.0
[    1.242698] SCSI subsystem initialized
[    1.251733] ACPI: bus type USB registered
[    1.253837] usbcore: registered new interface driver usbfs
[    1.256760] usbcore: registered new interface driver hub
[    1.259414] usbcore: registered new device driver usb
[    1.261865] PCI: Using ACPI for IRQ routing
[    1.264023] NetLabel: Initializing
[    1.265873] NetLabel:  domain hash size = 128
[    1.267937] NetLabel:  protocols = UNLABELED CIPSOv4
[    1.270420] NetLabel:  unlabeled traffic allowed by default
[    1.274029] amd_nb: Cannot enumerate AMD northbridges
[    1.277581] clocksource: Switched to clocksource kvm-clock
[    1.311807] AppArmor: AppArmor Filesystem Enabled
[    1.314802] pnp: PnP ACPI init
[    1.318633] pnp: PnP ACPI: found 3 devices
[    1.321108] PnPBIOS: Disabled by ACPI PNP
[    1.373429] clocksource: acpi_pm: mask: 0xffffff max_cycles: 0xffffff, max_idle_ns: 2085701024 ns
[    1.376562] NET: Registered protocol family 2
[    1.378508] TCP established hash table entries: 8192 (order: 3, 32768 bytes)
[    1.380638] TCP bind hash table entries: 8192 (order: 4, 65536 bytes)
[    1.382690] TCP: Hash tables configured (established 8192 bind 8192)
[    1.384685] UDP hash table entries: 512 (order: 2, 16384 bytes)
[    1.386550] UDP-Lite hash table entries: 512 (order: 2, 16384 bytes)
[    1.388678] NET: Registered protocol family 1
[    1.390130] pci 0000:00:00.0: Limiting direct PCI/PCI transfers
[    1.392018] pci 0000:00:01.0: Activating ISA DMA hang workarounds
[    1.394510] Unpacking initramfs...
[    2.329549] Freeing initrd memory: 14796K
[    2.331341] clocksource: tsc: mask: 0xffffffffffffffff max_cycles: 0x229835b7123, max_idle_ns: 440795242976 ns
[    2.335025] platform rtc_cmos: registered platform RTC device (no PNP device found)
[    2.337781] Scanning for low memory corruption every 60 seconds
[    2.340079] audit: initializing netlink subsys (disabled)
[    2.341909] audit: type=2000 audit(1571928951.021:1): initialized
[    2.344819] Initialise system trusted keyring
[    2.347540] HugeTLB registered 2 MB page size, pre-allocated 0 pages
[    2.352140] zbud: loaded
[    2.353611] VFS: Disk quotas dquot_6.6.0
[    2.363265] VFS: Dquot-cache hash table entries: 1024 (order 0, 4096 bytes)
[    2.372456] squashfs: version 4.0 (2009/01/31) Phillip Lougher
[    2.374732] fuse init (API version 7.23)
[    2.380608] Key type big_key registered
[    2.382033] Allocating IMA MOK and blacklist keyrings.
[    2.387462] Key type asymmetric registered
[    2.389481] Asymmetric key parser 'x509' registered
[    2.391724] bounce: pool size: 64 pages
[    2.393897] Block layer SCSI generic (bsg) driver version 0.4 loaded (major 249)
[    2.397209] io scheduler noop registered
[    2.398875] io scheduler deadline registered (default)
[    2.400634] io scheduler cfq registered
[    2.402082] pci_hotplug: PCI Hot Plug PCI Core version: 0.5
[    2.403907] pciehp: PCI Express Hot Plug Controller Driver version: 0.4
[    2.406126] ACPI: AC Adapter [AC] (off-line)
[    2.407585] input: Power Button as /devices/LNXSYSTM:00/LNXPWRBN:00/input/input0
[    2.410390] ACPI: Power Button [PWRF]
[    2.411938] input: Sleep Button as /devices/LNXSYSTM:00/LNXSLPBN:00/input/input1
[    2.414411] ACPI: Sleep Button [SLPF]
[    2.416026] GHES: HEST is not enabled!
[    2.417602] isapnp: Scanning for PnP cards...
[    2.418999] ACPI: Battery Slot [BAT0] (battery present)
[    2.419030] Serial: 8250/16550 driver, 32 ports, IRQ sharing enabled
[    2.442443] 00:02: ttyS0 at I/O 0x3f8 (irq = 4, base_baud = 115200) is a 16550A
[    2.446482] Linux agpgart interface v0.103
[    2.455023] loop: module loaded
[    2.457997] scsi host0: ata_piix
[    2.459730] scsi host1: ata_piix
[    2.461146] ata1: PATA max UDMA/33 cmd 0x1f0 ctl 0x3f6 bmdma 0xd000 irq 14
[    2.464379] ata2: PATA max UDMA/33 cmd 0x170 ctl 0x376 bmdma 0xd008 irq 15
[    2.468477] libphy: Fixed MDIO Bus: probed
[    2.470289] tun: Universal TUN/TAP device driver, 1.6
[    2.472389] tun: (C) 1999-2004 Max Krasnyansky <maxk@qualcomm.com>
[    2.481706] PPP generic driver version 2.4.2
[    2.484398] ehci_hcd: USB 2.0 'Enhanced' Host Controller (EHCI) Driver
[    2.487577] ehci-pci: EHCI PCI platform driver
[    2.490038] ehci-platform: EHCI generic platform driver
[    2.492563] ohci_hcd: USB 1.1 'Open' Host Controller (OHCI) Driver
[    2.495188] ohci-pci: OHCI PCI platform driver
[    2.497185] ohci-platform: OHCI generic platform driver
[    2.499466] uhci_hcd: USB Universal Host Controller Interface driver
[    2.502617] i8042: PNP: PS/2 Controller [PNP0303:PS2K,PNP0f03:PS2M] at 0x60,0x64 irq 1,12
[    2.507056] serio: i8042 KBD port at 0x60,0x64 irq 1
[    2.509233] serio: i8042 AUX port at 0x60,0x64 irq 12
[    2.511619] mousedev: PS/2 mouse device common for all mice
[    2.514577] input: AT Translated Set 2 keyboard as /devices/platform/i8042/serio0/input/input2
[    2.525753] rtc_cmos rtc_cmos: rtc core: registered rtc_cmos as rtc0
[    2.529184] rtc_cmos rtc_cmos: alarms up to one day, 114 bytes nvram
[    2.532884] i2c /dev entries driver
[    2.535235] device-mapper: uevent: version 1.0.3
[    2.543754] device-mapper: ioctl: 4.34.0-ioctl (2015-10-28) initialised: dm-devel@redhat.com
[    2.555403] platform eisa.0: Probing EISA bus 0
[    2.558083] platform eisa.0: EISA: Cannot allocate resource for mainboard
[    2.561734] platform eisa.0: Cannot allocate resource for EISA slot 1
[    2.566187] platform eisa.0: Cannot allocate resource for EISA slot 2
[    2.571855] platform eisa.0: Cannot allocate resource for EISA slot 3
[    2.574782] platform eisa.0: Cannot allocate resource for EISA slot 4
[    2.583589] platform eisa.0: Cannot allocate resource for EISA slot 5
[    2.586511] platform eisa.0: Cannot allocate resource for EISA slot 6
[    2.589410] platform eisa.0: Cannot allocate resource for EISA slot 7
[    2.592299] platform eisa.0: Cannot allocate resource for EISA slot 8
[    2.595133] platform eisa.0: EISA: Detected 0 cards
[    2.597147] cpufreq-nforce2: No nForce2 chipset.
[    2.598809] ledtrig-cpu: registered to indicate activity on CPUs
[    2.601179] NET: Registered protocol family 10
[    2.603078] NET: Registered protocol family 17
[    2.605010] Key type dns_resolver registered
[    2.606667] Using IPI No-Shortcut mode
[    2.608868] registered taskstats version 1
[    2.617556] Loading compiled-in X.509 certificates
[    2.632341] Loaded X.509 cert 'Build time autogenerated kernel key: 175438d3dae07b2eff9310cb786e1c0dec5834e6'
[    2.642067] zswap: loaded using pool lzo/zbud
[    2.645322] Key type trusted registered
[    2.650840] Key type encrypted registered
[    2.652680] AppArmor: AppArmor sha1 policy hashing enabled
[    2.654575] ima: No TPM chip found, activating TPM-bypass!
[    2.656423] ima: Allocated hash algorithm: sha1
[    2.658529] evm: HMAC attrs: 0x1
[    2.660309]   Magic number: 7:205:941
[    2.662173] rtc_cmos rtc_cmos: setting system clock to 2019-10-24 14:55:46 UTC (1571928946)
[    2.665883] BIOS EDD facility v0.16 2004-Jun-25, 0 devices found
[    2.668219] EDD information not available.
[    2.815295] isapnp: No Plug & Play device found
[    2.818520] Freeing unused kernel memory: 940K
[    2.830722] Write protecting the kernel text: 8128k
[    2.833581] Write protecting the kernel read-only data: 3212k
[    2.836711] NX-protecting the kernel data: 6208k
Loading, please wait...
starting version 229
[    2.864337] random: systemd-udevd: uninitialized urandom read (16 bytes read, 4 bits of entropy available)
[    2.864756] random: udevadm: uninitialized urandom read (16 bytes read, 4 bits of entropy available)
[    2.881421] random: systemd-udevd: uninitialized urandom read (16 bytes read, 4 bits of entropy available)
[    2.886595] random: systemd-udevd: uninitialized urandom read (16 bytes read, 4 bits of entropy available)
[    2.890036] random: udevadm: uninitialized urandom read (16 bytes read, 4 bits of entropy available)
[    2.890114] random: udevadm: uninitialized urandom read (16 bytes read, 4 bits of entropy available)
[    2.890364] random: udevadm: uninitialized urandom read (16 bytes read, 4 bits of entropy available)
[    2.890452] random: udevadm: uninitialized urandom read (16 bytes read, 4 bits of entropy available)
[    2.890536] random: udevadm: uninitialized urandom read (16 bytes read, 4 bits of entropy available)
[    2.890634] random: udevadm: uninitialized urandom read (16 bytes read, 4 bits of entropy available)
[    3.005484] Fusion MPT base driver 3.04.20
[    3.008228] Copyright (c) 1999-2008 LSI Corporation
[    3.013314] e1000: Intel(R) PRO/1000 Network Driver - version 7.3.21-k8-NAPI
[    3.016270] e1000: Copyright (c) 1999-2006 Intel Corporation.
[    3.095688] Fusion MPT SPI Host driver 3.04.20
[    3.278440] input: ImExPS/2 Generic Explorer Mouse as /devices/platform/i8042/serio1/input/input4
[    3.583515] e1000 0000:00:03.0 eth0: (PCI:33MHz:32-bit) 02:11:56:70:dd:80
[    3.586217] e1000 0000:00:03.0 eth0: Intel(R) PRO/1000 Network Connection
[    3.591158] mptbase: ioc0: Initiating bringup
[    3.595274] e1000 0000:00:03.0 enp0s3: renamed from eth0
[    3.658365] ioc0: LSI53C1030 A0: Capabilities={Initiator}
[    3.823963] scsi host2: ioc0: LSI53C1030 A0, FwRev=00000000h, Ports=1, MaxQ=256, IRQ=20
[    3.948007] scsi 2:0:0:0: Direct-Access     VBOX     HARDDISK         1.0  PQ: 0 ANSI: 5
[    3.975497] scsi target2:0:0: Beginning Domain Validation
[    3.980366] scsi target2:0:0: Domain Validation skipping write tests
[    3.982740] scsi target2:0:0: Ending Domain Validation
[    3.984756] scsi target2:0:0: asynchronous
[    3.987194] scsi 2:0:1:0: Direct-Access     VBOX     HARDDISK         1.0  PQ: 0 ANSI: 5
[    3.997865] scsi target2:0:1: Beginning Domain Validation
[    4.000965] scsi target2:0:1: Domain Validation skipping write tests
[    4.003194] scsi target2:0:1: Ending Domain Validation
[    4.005253] scsi target2:0:1: asynchronous
[    4.019454] sd 2:0:0:0: [sda] 20971520 512-byte logical blocks: (10.7 GB/10.0 GiB)
[    4.023763] sd 2:0:0:0: [sda] Write Protect is off
[    4.025839] sd 2:0:0:0: Attached scsi generic sg0 type 0
[    4.028204] sd 2:0:0:0: [sda] Incomplete mode parameter data
[    4.030305] sd 2:0:0:0: [sda] Assuming drive cache: write through
[    4.033284] sd 2:0:1:0: Attached scsi generic sg1 type 0
[    4.035844] sd 2:0:1:0: [sdb] 20480 512-byte logical blocks: (10.5 MB/10.0 MiB)
[    4.039853] sd 2:0:1:0: [sdb] Write Protect is off
[    4.042182] sd 2:0:1:0: [sdb] Incomplete mode parameter data
[    4.044548] sd 2:0:1:0: [sdb] Assuming drive cache: write through
[    4.054895]  sda: sda1
[    4.057784] sd 2:0:0:0: [sda] Attached SCSI disk
[    4.057802] sd 2:0:1:0: [sdb] Attached SCSI disk
Begin: Loading essential drivers ... [    5.877032] md: linear personality registered for level -1
[    5.885060] md: multipath personality registered for level -4
[    5.895280] md: raid0 personality registered for level 0
[    5.911923] md: raid1 personality registered for level 1
[    5.997653] raid6: mmxx1    gen()  2947 MB/s
[    6.066143] raid6: mmxx2    gen()  3362 MB/s
[    6.134225] raid6: sse1x1   gen()  2749 MB/s
[    6.201743] raid6: sse1x2   gen()  3859 MB/s
[    6.269639] raid6: sse2x1   gen()  5345 MB/s
[    6.337895] raid6: sse2x1   xor()  4101 MB/s
[    6.405707] raid6: sse2x2   gen()  7442 MB/s
[    6.473632] raid6: sse2x2   xor()  4177 MB/s
[    6.542158] raid6: avx2x1   gen() 10955 MB/s
[    6.609738] raid6: avx2x2   gen() 14055 MB/s
[    6.611636] raid6: using algorithm avx2x2 gen() 14055 MB/s
[    6.613777] raid6: using avx2x1 recovery algorithm
[    6.620253] xor: automatically using best checksumming function:
[    6.662467]    avx       : 14161.000 MB/sec
[    6.671616] async_tx: api initialized (async)
[    6.708290] md: raid6 personality registered for level 6
[    6.710404] md: raid5 personality registered for level 5
[    6.712419] md: raid4 personality registered for level 4
[    6.727897] md: raid10 personality registered for level 10
done.
Begin: Running /scripts/init-premount ... done.
Begin: Mounting root file system ... Begin: Running /scripts/local-top ... done.
Begin: Running /scripts/local-premount ... [    6.814078] Btrfs loaded
Scanning for Btrfs filesystems
done.
Warning: fsck not present, so skipping root file system
[    6.853496] EXT4-fs (sda1): INFO: recovery required on readonly filesystem
[    6.856300] EXT4-fs (sda1): write access will be enabled during recovery
[    6.933586] EXT4-fs (sda1): recovery complete
[    6.935950] EXT4-fs (sda1): mounted filesystem with ordered data mode. Opts: (null)
done.
Begin: Running /scripts/local-bottom ... done.
Begin: Running /scripts/init-bottom ... done.
[    7.070000] systemd[1]: systemd 229 running in system mode. (+PAM +AUDIT +SELINUX +IMA +APPARMOR +SMACK +SYSVINIT +UTMP +LIBCRYPTSETUP +GCRYPT +GNUTLS +ACL +XZ -LZ4 +SECCOMP +BLKID +ELFUTILS +KMOD -IDN)
[    7.078120] systemd[1]: Detected virtualization oracle.
[    7.080771] systemd[1]: Detected architecture x86.

Welcome to [1mUbuntu 16.04.6 LTS[0m!

[    7.088437] systemd[1]: Set hostname to <ubuntu-xenial>.
[    7.300574] systemd[1]: Reached target Swap.
[[0;32m  OK  [0m] Reached target Swap.
[    7.306639] systemd[1]: Listening on LVM2 metadata daemon socket.
[[0;32m  OK  [0m] Listening on LVM2 metadata daemon socket.
[    7.315483] systemd[1]: Started Forward Password Requests to Wall Directory Watch.
[[0;32m  OK  [0m] Started Forward Password Requests to Wall Directory Watch.
[    7.324281] systemd[1]: Listening on Journal Socket.
[[0;32m  OK  [0m] Listening on Journal Socket.
[    7.330377] systemd[1]: Set up automount Arbitrary Executable File Formats File System Automount Point.
[[0;32m  OK  [0m] Set up automount Arbitrary Executab...ats File System Automount Point.
[    7.340781] systemd[1]: Listening on LVM2 poll daemon socket.
[[0;32m  OK  [0m] Listening on LVM2 poll daemon socket.
[    7.348340] systemd[1]: Created slice User and Session Slice.
[[0;32m  OK  [0m] Created slice User and Session Slice.
[    7.354784] systemd[1]: Started Trigger resolvconf update for networkd DNS.
[[0;32m  OK  [0m] Started Trigger resolvconf update for networkd DNS.
[    7.361621] systemd[1]: Listening on udev Kernel Socket.
[[0;32m  OK  [0m] Listening on udev Kernel Socket.
[    7.367160] systemd[1]: Reached target User and Group Name Lookups.
[[0;32m  OK  [0m] Reached target User and Group Name Lookups.
[    7.373576] systemd[1]: Listening on udev Control Socket.
[[0;32m  OK  [0m] Listening on udev Control Socket.
[    7.378958] systemd[1]: Listening on Journal Audit Socket.
[[0;32m  OK  [0m] Listening on Journal Audit Socket.
[    7.384807] systemd[1]: Listening on Journal Socket (/dev/log).
[[0;32m  OK  [0m] Listening on Journal Socket (/dev/log).
[    7.390738] systemd[1]: Listening on /dev/initctl Compatibility Named Pipe.
[[0;32m  OK  [0m] Listening on /dev/initctl Compatibility Named Pipe.
[    7.396944] systemd[1]: Listening on Device-mapper event daemon FIFOs.
[[0;32m  OK  [0m] Listening on Device-mapper event daemon FIFOs.
[    7.402573] systemd[1]: Listening on Syslog Socket.
[[0;32m  OK  [0m] Listening on Syslog Socket.
[    7.407425] systemd[1]: Created slice System Slice.
[[0;32m  OK  [0m] Created slice System Slice.
[    7.421960] systemd[1]: Starting Set console keymap...
         Starting Set console keymap...
[    7.426342] systemd[1]: Starting Journal Service...
         Starting Journal Service...
[    7.430617] systemd[1]: Mounting Debug File System...
         Mounting Debug File System...
[    7.440093] systemd[1]: Starting Load Kernel Modules...
         Starting Load Kernel Modules...
[    7.458838] systemd[1]: Mounting Huge Pages File System...
         Mounting Huge Pa[    7.469685] Loading iSCSI transport class v2.0-870.
ges File System...
[    7.478712] systemd[1]: Reached target Slices.
[[0;32m  OK  [0m] Reached target Slices.
[    7.501904] systemd[1]: Starting Create list of required static device nodes for the current kernel...
         Starting Create list of required[    7.523570] iscsi: registered transport (tcp)
 st... nodes for the current kernel...
[    7.544872] systemd[1]: Created slice system-serial\x2dgetty.slice.
[[0;32m  OK  [0m] Created slice system-serial\x2dgetty.slice.
[    7.565810] systemd[1]: Starting Nameserver information manager...
         Starting Nameserver information manager...
[    7.575068] systemd[1]: Starting Uncomplicated firewall...
         Starting Uncomplicated firewall...
[    7.588399] systemd[1]: Starting Monitoring of LVM2 mirrors, snapshots etc. using dmeventd or progress polling...
[    7.610085] random: nonblocking pool is initialized
         Starting Monitoring of LVM2 mirrors... dmeventd or progress polling...
[    7.623371] systemd[1]: Reached target System Time Synchronized.
[[0;32m  OK  [0m] Reached target System Time Synchronized.
[    7.641776] systemd[1]: Starting Remount Root and Kernel File Systems...
         Starting Remount Root and Kernel File Systems...
[    7.646814] systemd[1]: Mounting POSIX Message Queue File System...
[    7.662074] iscsi: registered transport (iser)
         Mounting POSIX Message Queue File System...
[    7.667426] EXT4-fs (sda1): re-mounted. Opts: (null)
[    7.667916] systemd[1]: Reached target Encrypted Volumes.
[[0;32m  OK  [0m] Reached target Encrypted Volumes.
[    7.686985] systemd[1]: Mounted Huge Pages File System.
[[0;32m  OK  [0m] Mounted Huge Pages File System.
[    7.691031] systemd[1]: Mounted POSIX Message Queue File System.
[[0;32m  OK  [0m] Mounted POSIX Message Queue File System.
[    7.708248] systemd[1]: Mounted Debug File System.
[[0;32m  OK  [0m] Mounted Debug File System.
[    7.711520] systemd[1]: Started Journal Service.
[[0;32m  OK  [0m] Started Journal Service.
[[0;32m  OK  [0m] Started Set console keymap.
[[0;32m  OK  [0m] Started Load Kernel Modules.
[[0;32m  OK  [0m] Started Create list of required sta...ce nodes for the current kernel.
[[0;32m  OK  [0m] Started Uncomplicated firewall.
[[0;32m  OK  [0m] Started Remount Root and Kernel File Systems.
[[0;32m  OK  [0m] Started Nameserver information manager.
[[0;32m  OK  [0m] Started LVM2 metadata daemon.
         Starting udev Coldplug all Devices...
         Starting Load/Save Random Seed...
         Starting Create Static Device Nodes in /dev...
         Mounting FUSE Control File System...
         Starting Apply Kernel Variables...
         Starting Flush Journal to Persistent Storage...
[[0;32m  OK  [0m] Mounted FUSE Control File System.
[[0;32m  OK  [0m] Started Load/Save Random Seed.
[[0;32m  OK  [0m] Started Create Static Device Nodes in /dev.
[[0;32m  OK  [0m] Started Apply Kernel Variables.
[[0;32m  OK  [0m] Started udev Coldplug all Devices.
         Starting udev Kernel Device Manager...
[[0;32m  OK  [0m] Started Flush Journal to Persistent Storage.
[[0;32m  OK  [0m] Started udev Kernel Device Manager.
[[0;32m  OK  [0m] Started Dispatch Password Requests to Console Directory Watch.
[[0;32m  OK  [0m] Started Monitoring of LVM2 mirrors,...ng dmeventd or progress polling.
[[0;32m  OK  [0m] Reached target Local File Systems (Pre).
[[0;32m  OK  [0m] Reached target Local File Systems.
         Starting LSB: AppArmor initialization...
         Starting Set console font and keymap...
         Starting Create Volatile Files and Directories...
         Starting Initial cloud-init job (pre-networking)...
         Starting Tell Plymouth To Write Out Runtime Data...
[[0;32m  OK  [0m] Started Tell Plymouth To Write Out Runtime Data.
[[0;32m  OK  [0m] Started Create Volatile Files and Directories.
         Starting Update UTMP about System Boot/Shutdown...
[[0;32m  OK  [0m] Found device /dev/ttyS0.
[[0;32m  OK  [0m] Started LSB: AppArmor initialization.
[[0;32m  OK  [0m] Started Update UTMP about System Boot/Shutdown.
[[0;32m  OK  [0m] Listening on Load/Save RF Kill Switch Status /dev/rfkill Watch.
[[0;32m  OK  [0m] Found device 82540EM Gigabit Ethern...r (PRO/1000 MT Desktop Adapter).
[[0;32m  OK  [0m] Started Set console font and keymap.
[[0;32m  OK  [0m] Created slice system-getty.slice.
[   10.137136] cloud-init[494]: Cloud-init v. 19.1-1-gbaa47854-0ubuntu1~16.04.1 running 'init-local' at Thu, 24 Oct 2019 14:55:53 +0000. Up 9.31 seconds.
[[0;32m  OK  [0m] Started Initial cloud-init job (pre-networking).
[[0;32m  OK  [0m] Reached target Network (Pre).
         Starting Raise network interfaces...
[[0;32m  OK  [0m] Started ifup for enp0s3.
[[0;32m  OK  [0m] Started Raise network interfaces.
         Starting Initial cloud-init job (metadata service crawler)...
[[0;32m  OK  [0m] Reached target Network.
[   12.297073] cloud-init[974]: Cloud-init v. 19.1-1-gbaa47854-0ubuntu1~16.04.1 running 'init' at Thu, 24 Oct 2019 14:55:56 +0000. Up 11.57 seconds.
[   12.306295] cloud-init[974]: ci-info: ++++++++++++++++++++++++++++++++++++++Net device info++++++++++++++++++++++++++++++++++++++
[   12.313226] cloud-init[974]: ci-info: +--------+------+----------------------------+---------------+--------+-------------------+
[   12.359815] cloud-init[974]: ci-info: | Device |  Up  |          Address           |      Mask     | Scope  |     Hw-Address    |
[   12.397534] cloud-init[974]: ci-info: +--------+------+----------------------------+---------------+--------+-------------------+
[   12.420929] [[0;32m  OK  [0m] Started Initial cloud-init job (metadata service crawler).
cloud-init[974]: ci-info: | enp0s3 | True |         10.0.2.15          | 255.255.255.0 | global | 02:11:56:70:dd:80 |
[   12.427193] [[0;32m  OK  [0m] Reached target System Initialization.
cloud-init         Starting LXD - unix socket.
[[0;32m  OK  [0m] Listening on UUID daemon activation socket.
[974]: ci-info: | enp0s3 | True | fe80::11:56ff:fe70:dd80/64 |       .       |  link  | 02:11:56:70:dd:80 |
[   12.446774] [[0;32m  OK  [0m] Started Daily apt download activities.
[[0;32m  OK  [0m] Started Daily apt upgrade and clean activities.
[[0;32m  OK  [0m] Listening on D-Bus System Message Bus Socket.
[[0;32m  OK  [0m] Listening on ACPID Listen Socket.
[[0;32m  OK  [0m] Started Daily Cleanup of Temporary Directories.
[[0;32m  OK  [0m] Reached target Timers.
cloud-init[974]: ci-info: |   lo   | True |         127.0.0.1          |   255.0.0.0   |  host  |         .         |
[   12.486366] [[0;32m  OK  [0m] Started ACPI Events Check.
[[0;32m  OK  [0m] Reached target Paths.
         Starting Socket activation for snappy daemon.
[[0;32m  OK  [0m] Reached target Cloud-config availability.
[[0;32m  OK  [0m] Reached target Network is Online.
cloud-init[974]: ci-info: |   lo   | True |          ::1/128           |       .       |  host  |         .         |
[   12.497129] cloud-init[974]: ci-info: +--------+------+----------------------------+---------------+--------+-------------------+         Starting iSCSI initiator daemon (iscsid)...
[[0;32m  OK  [0m] Listening on LXD - unix socket.
[[0;32m  OK  [0m] Listening on Socket activation for snappy daemon.
[[0;32m  OK  [0m] Reached target Sockets.
[[0;32m  OK  [0m] Reached target Basic System.
         Starting LSB: MD monitoring daemon...
[[0;32m  OK  [0m] Started D-Bus System Message Bus.

[   12.523388] cloud-init[974]: ci-info: +++++++++++++++++++++++++++Route IPv4 info++++++++++++++++++++++++++++
[   12.562479] cloud-init[974]:          Starting OpenBSD Secure Shell server...
[[0;32m  OK  [0m] Started FUSE filesystem for LXC.
[[0;32m  OK  [0m] Started ACPI event daemon.
ci-info: +-------+-------------+----------+---------------+-----------+-------+
[[0;32m  OK  [0m] Started Deferred execution scheduler.
[   12.608335] cloud-init[974]: ci-info: | Route | Destination | Gateway  |    Genmask    | Interface | Flags |
[   12.645202]          Starting System Logging Service...
cloud-init[974]: ci-info: +-------+-------------+----------+---------------+-----------+-------+
[   12.660609]          Starting Login Service...
cloud-init[974]: ci-info: |   0   |   0.0.0.0   | 10.0.2.2 |    0.0.0.0    |   enp0s3  |   UG  |
[   12.676665]          Starting /etc/rc.local Compatibility...
         Starting LXD - container startup/shutdown...
cloud-init[974]: ci-info: |   1   |   10.0.2.0  | 0.0.0.0  | 255.255.255.0 |   enp0s3  |   U   |
[   12.686223]          Starting Snappy daemon...
cloud-init[974]: ci-info: +-------+-------------+----------+---------------+-----------+-------+[
[0;32m  OK  [0m] Started Regular background program processing daemon.
[   12.690381] cloud-init[974]: ci-info: +++++++++++++++++++Route IPv6 info+++++++++++++++++++
[   12.752368]          cloud-initStarting Virtualbox guest utils...[974]: 
ci-info: +-------+-------------+---------+-----------+-------+
         Starting LSB: Record successful boot for GRUB...
         Starting Accounts Service...
[[0;32m  OK  [0m] Started System Logging Service.
[   12.768050] cloud-init[974]: ci-info: | Route | Destination | Gateway | Interface | Flags |
[   12.810964] cloud-init[974]: ci-info: +-------+-------------+---------+-----------+-------+
[[0;32m  OK  [0m] Started /etc/rc.local Compatibility.
[[0;32m  OK  [0m] Started iSCSI initiator daemon (iscsid).
[[0;32m  OK  [0m] Started OpenBSD Secure Shell server.
[   12.840672] cloud-init[974]: ci-info: |   0   |  fe80::/64  |    ::   |   enp0s3  |   U   |
[   12.900079] cloud-init[974]: ci-info: |   4   |   ff00::/8  |    ::   |   enp0s3  |   U   |
[   12.907936] cloud-init[974]: ci-info: +-------+-------------+---------+-----------+-------+
[[0;32m  OK  [0m] Started LXD - container startup/shutdown.
[[0;32m  OK  [0m] Started LSB: MD monitoring daemon.
[[0;32m  OK  [0m] Started Snappy daemon.
[[0;32m  OK  [0m] Started Login Service.
[[0;32m  OK  [0m] Started Unattended Upgrades Shutdown.
         Starting Authenticate and Authorize Users to Run Privileged Tasks...
         Starting Wait until snapd is fully seeded...
         Starting Login to default iSCSI targets...
[[0;32m  OK  [0m] Started Virtualbox guest utils.
[[0;32m  OK  [0m] Started LSB: Record successful boot for GRUB.
[[0;32m  OK  [0m] Started Wait until snapd is fully seeded.
[[0;32m  OK  [0m] Started Authenticate and Authorize Users to Run Privileged Tasks.
[[0;32m  OK  [0m] Started Accounts Service.
         Starting Apply the settings specified in cloud-config...
[[0;32m  OK  [0m] Started Login to default iSCSI targets.
[[0;32m  OK  [0m] Reached target Remote File Systems (Pre).
[[0;32m  OK  [0m] Reached target Remote File Systems.
         Starting LSB: Set the CPU Frequency Scaling governor to "ondemand"...
         Starting Permit User Sessions...
         Starting LSB: automatic crash report generation...
         Starting LSB: daemon to balance interrupts for SMP systems...
[[0;32m  OK  [0m] Started Permit User Sessions.
[[0;32m  OK  [0m] Created slice User Slice of vagrant.
         Starting User Manager for UID 1000...
[[0;32m  OK  [0m] Started Session 1 of user vagrant.
         Starting Hold until boot process finishes up...
         Starting Terminate Plymouth Boot Screen...
[[0;32m  OK  [0m] Started LSB: Set the CPU Frequency Scaling governor to "ondemand".
[[0;32m  OK  [0m] Started LSB: automatic crash report generation.
[[0;32m  OK  [0m] Started LSB: daemon to balance interrupts for SMP systems.
[[0;32m  OK  [0m] Started Hold until boot process finishes up.
[[0;32m  OK  [0m] Started Terminate Plymouth Boot Screen.
[[0;32m  OK  [0m] Started User Manager for UID 1000.
[[0;32m  OK  [0m] Started Serial Getty on ttyS0.
         Starting Set console scheme...
[[0;32m  OK  [0m] Started Getty on tty1.
[[0;32m  OK  [0m] Reached target Login Prompts.
[[0;32m  OK  [0m] Reached target Multi-User System.
[[0;32m  OK  [0m] Reached target Graphical Interface.
         Starting Update UTMP about System Runlevel Changes...
[[0;32m  OK  [0m] Started Set console scheme.
[[0;32m  OK  [0m] Started Update UTMP about System Runlevel Changes.
[   15.095673] cloud-init[1184]: Cloud-init v. 19.1-1-gbaa47854-0ubuntu1~16.04.1 running 'modules:config' at Thu, 24 Oct 2019 14:55:59 +0000. Up 14.77 seconds.
[[0;32m  OK  [0m] Started Apply the settings specified in cloud-config.
         Starting Execute cloud user/final scripts...
[   16.429725] cloud-init[1271]: Cloud-init v. 19.1-1-gbaa47854-0ubuntu1~16.04.1 running 'modules:final' at Thu, 24 Oct 2019 14:56:00 +0000. Up 16.08 seconds.
[   16.486729] cloud-init[1271]: Cloud-init v. 19.1-1-gbaa47854-0ubuntu1~16.04.1 finished at Thu, 24 Oct 2019 14:56:01 +0000. Datasource DataSourceNoCloud [seed=/dev/sdb][dsmode=net].  Up 16.40 seconds
[[0;32m  OK  [0m] Started Execute cloud user/final scripts.
[[0;32m  OK  [0m] Reached target Cloud-init target.

Ubuntu 16.04.6 LTS ubuntu-xenial ttyS0

ubuntu-xenial login: 