[    0.000000] Initializing cgroup subsys cpuset
[    0.000000] Initializing cgroup subsys cpu
[    0.000000] Initializing cgroup subsys cpuacct
[    0.000000] Linux version 4.4.0-166-generic (buildd@lgw01-amd64-027) (gcc version 5.4.0 20160609 (Ubuntu 5.4.0-6ubuntu1~16.04.10) ) #195-Ubuntu SMP Tue Oct 1 09:36:25 UTC 2019 (Ubuntu 4.4.0-166.195-generic 4.4.194)
[    0.000000] KERNEL supported cpus:
[    0.000000]   Intel GenuineIntel
[    0.000000]   AMD AuthenticAMD
[    0.000000]   NSC Geode by NSC
[    0.000000]   Cyrix CyrixInstead
[    0.000000]   Centaur CentaurHauls
[    0.000000]   Transmeta GenuineTMx86
[    0.000000]   Transmeta TranmetaCPU
[    0.000000]   UMC UMC UMC UMC
[    0.000000] x86/fpu: xstate_offset[2]:  576, xstate_sizes[2]:  256
[    0.000000] x86/fpu: Supporting XSAVE feature 0x01: 'x87 floating point registers'
[    0.000000] x86/fpu: Supporting XSAVE feature 0x02: 'SSE registers'
[    0.000000] x86/fpu: Supporting XSAVE feature 0x04: 'AVX registers'
[    0.000000] x86/fpu: Enabled xstate features 0x7, context ssize is 832 bytes, using 'standard' format.
[    0.000000] e820: BIOS-provided physical RAM map:
[    0.000000] BIOS-e820: [mem 0x0000000000000000-0x000000000009fbff] usable
[    0.000000] BIOS-e820: [mem 0x000000000009fc00-0x000000000009ffff] reserved
[    0.000000] BIOS-e820: [mem 0x00000000000f0000-0x00000000000fffff] reserved
[    0.000000] BIOS-e820: [mem 0x0000000000100000-0000000003ffeffff] usable
[    0.000000] BIOS-e820: [mem 0x000000003fff0000-0x000000003fffffff] ACPI data
[    0.000000] BIOS-e820: [mem 0x00000000fec00000-0x00000000fec00fff] reserved
[    0.000000] BIOS-e820: [mem 0x00000000fee00000-0x00000000fee00fff] reserved
[    0.000000] BIOS-e820: [mem 0x00000000fffc0000-0x00000000ffffffff] reserved
[    0.000000] NX (Execute Disable) protection: active
[    0.000000] SMBIOS 2.5 present.
[    0.000000] Hypervisor detected: KVM
[    0.000000] e820: last_pfn = 0x3fff0 max_arch_pfn = 0x1000000
[    0.000000] MTRR: Disabled
[    0.000000] x86/PAAT: MTRRs disabled, skipping PAT initialization too.
[    0.000000] CPU MTRRs all blank - virtualized sytem.
[    0.000000] x86/PAT: Configuration [0-7]: WB  WT  UC- UC  WB  WT  UC- UC  
[    0.000000] found SMP MP-table at [mem 0x0009fff0-0x0009ffff] mapped at [c009fff0]
[    0.000000] Scanning 1 areas for low memory corruption
[    0.000000] RAMDISK: [mem 0x3630a000-0x3717cfff]
[    0.000000] ACPI: Early table checksum verification disabled
[    0.000000] ACPI: RSDP 0x00000000000E0000 000024 (v02 VBOX  )
[    0.000000] ACPI: XSDT 0x000000003FFF0030 00003C (v01 VBOX   VBOXXSDT 00000001 ASL  00000061)
[    0.000000] ACPI: FACP 0x000000003FFF00F0 0000F4 (v04 VBOX   VBOXFACP 00000001 ASL  00000061)
[    0.000000] ACPI: DSDT 0x000000003FFF0470 0021FF (v02 VBOX   VBOXBIOS 00000002 INTL 20100528)
[    0.000000] ACPI: FACS 0x000000003FFF0200 000040
[    0.000000] ACPI: FACS 0x000000003FFF0200 000040
[    0.000000] ACPI: APIC 0x000000003FFF0240 00005C (v02 VBOX   VBOXAPIC 00000001 ASL  00000061)
[    0.000000] ACPI: SSDT 0x000000003FFF02A0 0001CC (v01 VBOX   VBOXCPUT 00000002 INTL 20100528)
[    0.000000] 131MB HIGHMEM available.
[    0.000000] 891MB LOWMEM available.
[    0.000000]   mapped low ram: 0 - 37bfe000
[    0.000000]   low ram: 0 - 37bfe000
[    0.000000] kvm-clock: Using msrs 4b564d01 and 4b564d00
[    0.000000] kvm-clock: cpu 0, msr 0:37bfd001, primary cpu clock
[    0.000000] kvm-clock: using sched offset of 4176494092 cycles
[    0.000000] clocksource: kvm-clock: mask: 0xffffffffffffffff max_cycles: 0x1cd42e4dffb, max_idle_ns: 881590591483 ns
[    0.000000] Zone ranges:
[    0.000000]   DMA      [mem 0x0000000000001000-0x0000000000ffffff]
[    0.000000]   Normal   [mem 0x0000000001000000-0x0000000037bfdfff]
[    0.000000]   HighMem  [mem 0x0000000037bfe000-0x000000003ffeffff]
[    0.000000] Movable zone start for each node
[    0.000000] Early memory node ranges
[    0.000000]   node   0: [mem 0x0000000000001000-0x000000000009efff]
[    0.000000]   node   0: [mem 0x0000000000100000-0x000000003ffeffff]
[    0.000000] Initmem setup node 0 [mem 0x0000000000001000-0x000000003ffeffff]
[    0.000000] Using APIC driver default
[    0.000000] ACPI: PM-Timer IO Port: 0x4008
[    0.000000] IOAPIC[0]: apic_id 2, version 32, address 0xfec00000, GSI 0-23
[    0.000000] ACPI: INT_SRC_OVR (bus 0 bus_irq 0 global_irq 2 dfl dfl)
[    0.000000] ACPI: INT_SRC_OVR (bus 0 bus_irq 9 global_irq 9 low level)
[    0.000000] Using ACPI (MADT) for SMP configuration information
[    0.000000] smpboot: Allowing 2 CPUs, 0 hotplug CPUs
[    0.000000] PM: Registered nosave memory: [mem 0x00000000-0x00000fff]
[    0.000000] PM: Registered nosave memory: [mem 0x0009f000-0x0009ffff]
[    0.000000] PM: Registered nosave memory: [mem 0x000a0000-0x000effff]
[    0.000000] PM: Registered nosave memory: [mem 0x000f0000-0x000fffff]
[    0.000000] e820: [mem 0x40000000-0xfebfffff] available for PCI devices
[    0.000000] Booting paravirtualized kernel on KVM
[    0.000000] clocksource: refined-jiffies: mask: 0xffffffff max_cycles: 0xffffffff, max_idle_ns: 7645519600211568 ns
[    0.000000] setup_percpu: NR_CPUS:8 nr_cpumask_bits:8 nr_cpu_ids:2 nr_node_ids:1
[    0.000000] PERCPU: Embedded 19 pages/cpu @f71b0000 s47372 r0 d30452 u77824
[    0.000000] Built 1 zonelists in Zone order, mobility grouping on.  Total pages: 259800
[    0.000000] Kernel command line: BOOT_IMAGE=/boot/vmlinuz-4.4.0-166-generic root=UUID=8dbb91e3-5f82-4688-8239-4b29c48a49bd ro console=tty1 console=ttyS0
[    0.000000] PID hash table entries: 4096 (order: 2, 16384 bytes)
[    0.000000] Dentry cache hash table entries: 131072 (order: 7, 524288 bytes)
[    0.000000] Inode-cache hash table entries: 65536 (order: 6, 262144 bytes)
[    0.000000] Initializing CPU#0
[    0.000000] Initializing HighMem for node 0 (00037bfe:0003fff0)
[    0.000000] Initializing Movable for node 0 (00000000:00000000)
[    0.000000] Memory: 1007908K/1048120K available (8131K kernel code, 794K rwdata, 3208K rodata, 940K init, 788K bss, 40212K reserved, 0K cma-reserved, 135112K highmem)
[    0.000000] virtual kernel memory layout:
[    0.000000]     fixmap  : 0xfff15000 - 0xfffff000   ( 936 kB)
[    0.000000]     pkmap   : 0xffc00000 - 0xffe00000   (2048 kB)
[    0.000000]     vmalloc : 0xf83fe000 - 0xffbfe000   ( 120 MB)
[    0.000000]     lowmem  : 0xc0000000 - 0xf7bfe000   ( 891 MB)
[    0.000000]       .init : 0xc1bdd000 - 0xc1cc8000   ( 940 kB)
[    0.000000]       .data : 0xc17f1088 - 0xc1bdb980   (4010 kB)
[    0.000000]       .text : 0xc1000000 - 0xc17f1088   (8132 kB)
[    0.000000] Checking if this processor honours the WP bit even in supervisor mode...Ok.
[    0.000000] SLUB: HWalign=64, Order=0-3, MinObjects=0, CPUs=2, Nodes=1
[    0.000000] Hierarchical RCU implementation.
[    0.000000] 	Build-time adjustment of leaf fanout to 32.
[    0.000000] 	RCU restricting CPUs from NR_CPUS=8 to nr_cpu_ids=2.
[    0.000000] RCU: Adjusting geometry for rcu_fanout_leaf=32, nr_cpu_ids=2
[    0.000000] NR_IRQS:2304 nr_irqs:440 16
[    0.000000] Console: colour VGA+ 80x25
[    0.000000] console [tty1] enabled
[    0.000000] console [ttyS0] enabled
[    0.000000] allocated 1048576 bytes of page_ext
[    0.000000] tsc: Detected 2400.000 MHz processor
[    0.657715] Calibrating delay loop (skipped) preset value.. 4800.00 BogoMIPS (lpj=9600000)
[    0.661800] pid_max: default: 32768 minimum: 301
[    0.683362] ACPI: Core revision 20150930
[    0.690558] ACPI: 2 ACPI AML tables successfully acquired and loaded
[    0.694571] Security Framework initialized
[    0.697146] Yama: becoming mindful.
[    0.698827] AppArmor: AppArmor initialized
[    0.701039] Mount-cache hash table entries: 2048 (order: 1, 8192 bytes)
[    0.704610] Mountpoint-cache hash table entries: 2048 (order: 1, 8192 bytes)
[    0.710154] Initializing cgroup subsys io
[    0.712304] Initializing cgroup subsys memory
[    0.714629] Initializing cgroup subsys devices
[    0.717139] Initializing cgroup subsys freezer
[    0.719477] Initializing cgroup subsys net_cls
[    0.721892] Initializing cgroup subsys perf_event
[    0.724223] Initializing cgroup subsys net_prio
[    0.726400] Initializing cgroup subsys hugetlb
[    0.728686] Initializing cgroup subsys pids
[    0.734939] mce: CPU supports 0 MCE banks
[    0.738278] Last level iTLB entries: 4KB 64, 2MB 8, 4MB 8
[    0.745859] Last level dTLB entries: 4KB 64, 2MB 0, 4MB 0, 1GB 4
[    0.749730] Spectre V1 : Mitigation: usercopy/swapgs barriers and __user pointer sanitization
[    0.755908] Spectre V2 : Mitigation: Full generic retpoline
[    0.762705] Spectre V2 : Spectre v2 / SpectreRSB mitigation: Filling RSB on context switch
[    0.768843] Speculative Store Bypass: Vulnerable
[    0.772273] MDS: Vulnerable: Clear CPU buffers attempted, no microcode
[    0.783162] Freeing SMP alternatives memory: 36K
[    0.794852] ftrace: allocating 31583 entries in 62 pages
[    0.894477] smpboot: APIC(0) Converting physical 0 to logical package 0
[    0.897642] smpboot: Max logical packages: 1
[    0.899649] Enabling APIC mode:  Flat.  Using 1 I/O APICs
[    0.904296] ..TIMER: vector=0x30 apic1=0 pin1=2 apic2=-1 pin2=-1
[    1.015410] smpboot: CPU0: Intel(R) Core(TM) i5-6200U CPU @ 2.30GHz (family: 0x6, model: 0x4e, stepping: 0x3)
[    1.021823] Performance Events: unsupported p6 CPU model 78 no PMU driver, software events only.
[    1.046131] KVM setup paravirtual spinlock
[    1.050650] x86: Booting SMP configuration:
[    1.053003] .... node  #0, CPUs:      #1
[1266874885.533057] Initializing CPU#1
[    1.062784] kvm-clock: cpu 1, msr 0:37bfd041, secondary cpu clock
[    1.068228] mce: CPU supports 0 MCE banks
[    1.072028] x86: Booted up 1 node, 2 CPUs
[    1.081300] smpboot: Total of 2 processors activated (9600.00 BogoMIPS)
[    1.085714] devtmpfs: initialized
[    1.088329] evm: security.selinux
[    1.090061] evm: security.SMACK64
[    1.091752] evm: security.SMACK64EXEC
[    1.093508] evm: security.SMACK64TRANSMUTE
[    1.095552] evm: security.SMACK64MMAP
[    1.097290] evm: security.ima
[    1.098779] evm: security.capability
[    1.101187] clocksource: jiffies: mask: 0xffffffff max_cycles: 0xffffffff, max_idle_ns: 7645041785100000 ns
[    1.105896] futex hash table entries: 512 (order: 3, 32768 bytes)
[    1.108886] pinctrl core: initialized pinctrl subsystem
[    1.111372] RTC time: 15:02:15, date: 12/03/19
[    1.113646] NET: Registered protocol family 16
[    1.115677] EISA bus registered
[    1.128153] cpuidle: using governor ladder
[    1.139864] cpuidle: using governor menu
[    1.142606] PCCT header not found.
[    1.145205] ACPI: bus type PCI registered
[    1.147852] acpiphp: ACPI Hot Plug PCI Controller Driver version: 0.5
[    1.151604] PCI : PCI BIOS area is rw and x. Use pci=nobios if you want it NX.
[    1.155289] PCI: PCI BIOS revision 2.10 entry at 0xfda26, last bus=0
[    1.158294] PCI: Using configuration type 1 for base access
[    1.178029] ACPI: Added _OSI(Module Device)
[    1.182562] ACPI: Added _OSI(Processor Device)
[    1.185255] ACPI: Added _OSI(3.0 _SCP Extensions)
[    1.188333] ACPI: Added _OSI(Processor Aggregator Device)
[    1.193040] ACPI: Executed 1 blocks of module-level executable AML code
[    1.203770] ACPI: Interpreter enabled
[    1.212828] ACPI: (supports S0 S5)
[    1.214737] ACPI: Using IOAPIC for interrupt routing
[    1.217670] PCI: Using host bridge windows from ACPI; if necessary, use "pci=nocrs" and report a bug
[    1.260797] ACPI: PCI Root Bridge [PCI0] (domain 0000 [bus 00-ff])
[    1.263939] acpi PNP0A03:00: _OSC: OS supports [ASPM ClockPM Segments MSI]
[    1.266736] acpi PNP0A03:00: _OSC: not requesting OS control; OS requires [ExtendedConfig ASPM ClockPM MSI]
[    1.271553] acpi PNP0A03:00: fail to add MMCONFIG information, can't access extended PCI configuration space under this bridge.
[    1.280513] PCI host bridge to bus 0000:00
[    1.282437] pci_bus 0000:00: root bus resource [io  0x0000-0x0cf7 window]
[    1.285132] pci_bus 0000:00: root bus resource [io  0x0d00-0xffff window]
[    1.287886] pci_bus 0000:00: root bus resource [mem 0x000a0000-0x000bffff window]
[    1.291029] pci_bus 0000:00: root bus resource [mem 0x40000000-0xfdffffff window]
[    1.294143] pci_bus 0000:00: root bus resource [bus 00-ff]
[    1.309585] pci 0000:00:01.1: legacy IDE quirk: reg 0x10: [io  0x01f0-0x01f7]
[    1.313751] pci 0000:00:01.1: legacy IDE quirk: reg 0x14: [io  0x03f6]
[    1.317181] pci 0000:00:01.1: legacy IDE quirk: reg 0x18: [io  0x0170-0x0177]
[    1.321167] pci 0000:00:01.1: legacy IDE quirk: reg 0x1c: [io  0x0376]
[    1.356083] pci 0000:00:07.0: quirk: [io  0x4000-0x403f] claimed by PIIX4 ACPI
[    1.360491] pci 0000:00:07.0: quirk: [io  0x4100-0x410f] claimed by PIIX4 SMB
[    1.376086] ACPI: PCI Interrupt Link [LNKA] (IRQs 5 9 10 *11)
[    1.380943] ACPI: PCI Interrupt Link [LNKB] (IRQs 5 9 *10 11)
[    1.385526] ACPI: PCI Interrupt Link [LNKC] (IRQs 5 *9 10 11)
[    1.390250] ACPI: PCI Interrupt Link [LNKD] (IRQs 5 9 10 *11)
[    1.395139] ACPI: Enabled 2 GPEs in block 00 to 07
[    1.399238] vgaarb: setting as boot device: PCI:0000:00:02.0
[    1.402652] vgaarb: device added: PCI:0000:00:02.0,decodes=io+mem,owns=io+mem,locks=none
[    1.407440] vgaarb: loaded
[    1.408863] vgaarb: bridge control possible 0000:00:02.0
[    1.411378] SCSI subsystem initialized
[    1.413852] ACPI: bus type USB registered
[    1.416085] usbcore: registered new interface driver usbfs
[    1.418487] usbcore: registered new interface driver hub
[    1.423451] usbcore: registered new device driver usb
[    1.426565] PCI: Using ACPI for IRQ routing
[    1.429409] NetLabel: Initializing
[    1.431536] NetLabel:  domain hash size = 128
[    1.433563] NetLabel:  protocols = UNLABELED CIPSOv4
[    1.436290] NetLabel:  unlabeled traffic allowed by default
[    1.440469] amd_nb: Cannot enumerate AMD northbridges
[    1.443833] clocksource: Switched to clocksource kvm-clock
[    1.471415] AppArmor: AppArmor Filesystem Enabled
[    1.474456] pnp: PnP ACPI init
[    1.479520] pnp: PnP ACPI: found 3 devices
[    1.482326] PnPBIOS: Disabled by ACPI PNP
[    1.540095] clocksource: acpi_pm: mask: 0xffffff max_cycles: 0xffffff, max_idle_ns: 2085701024 ns
[    1.545506] NET: Registered protocol family 2
[    1.548289] TCP established hash table entries: 8192 (order: 3, 32768 bytes)
[    1.552203] TCP bind hash table entries: 8192 (order: 4, 65536 bytes)
[    1.555242] TCP: Hash tables configured (established 8192 bind 8192)
[    1.558096] UDP hash table entries: 512 (order: 2, 16384 bytes)
[    1.561332] UDP-Lite hash table entries: 512 (order: 2, 16384 bytes)
[    1.565764] NET: Registered protocol family 1
[    1.569463] pci 0000:00:00.0: Limiting direct PCI/PCI transfers
[    1.573864] pci 0000:00:01.0: Activating ISA DMA hang workarounds
[    1.583050] Unpacking initramfs...
[    2.124161] Freeing initrd memory: 14796K
[    2.127375] clocksource: tsc: mask: 0xffffffffffffffff max_cycles: 0x22983777dd9, max_idle_ns: 440795300422 ns
[    2.133251] platform rtc_cmos: registered platform RTC device (no PNP device found)
[    2.138072] Scanning for low memory corruption every 60 seconds
[    2.143027] audit: initializing netlink subsys (disabled)
[    2.146532] audit: type=2000 audit(1575385341.719:1): initialized
[    2.150778] Initialise system trusted keyring
[    2.153813] HugeTLB registered 2 MB page size, pre-allocated 0 pages
[    2.158649] zbud: loaded
[    2.160545] VFS: Disk quotas dquot_6.6.0
[    2.162446] VFS: Dquot-cache hash table entries: 1024 (order 0, 4096 bytes)
[    2.165553] squashfs: version 4.0 (2009/01/31) Phillip Lougher
[    2.168931] fuse init (API version 7.23)
[    2.171704] Key type big_key registered
[    2.173775] Allocating IMA MOK and blacklist keyrings.
[    2.185002] Key type asymmetric registered
[    2.187774] Asymmetric key parser 'x509' registered
[    2.190968] bounce: pool size: 64 pages
[    2.193174] Block layer SCSI generic (bsg) driver version 0.4 loaded (major 249)
[    2.197746] io scheduler noop registered
[    2.199873] io scheduler deadline registered (default)
[    2.202232] io scheduler cfq registered
[    2.204771] pci_hotplug: PCI Hot Plug PCI Core version: 0.5
[    2.207181] pciehp: PCI Express Hot Plug Controller Driver version: 0.4
[    2.210161] ACPI: AC Adapter [AC] (off-line)
[    2.212335] input: Power Button as /devices/LNXSYSTM:00/LNXPWRBN:00/input/input0
[    2.215913] ACPI: Power Button [PWRF]
[    2.218282] input: Sleep Button as /devices/LNXSYSTM:00/LNXSLPBN:00/input/input1
[    2.223447] ACPI: Sleep Button [SLPF]
[    2.226701] GHES: HEST is not enabled!
[    2.228732] ACPI: Battery Slot [BAT0] (battery present)
[    2.232433] isapnp: Scanning for PnP cards...
[    2.241380] Serial: 8250/16550 driver, 32 ports, IRQ sharing enabled
[    2.273741] 00:02: ttyS0 at I/O 0x3f8 (irq = 4, base_baud = 115200) is a 16550A
[    2.282838] Linux agpgart interface v0.103
[    2.290314] loop: module loaded
[    2.294206] scsi host0: ata_piix
[    2.296607] scsi host1: ata_piix
[    2.298587] ata1: PATA max UDMA/33 cmd 0x1f0 ctl 0x3f6 bmdma 0xd000 irq 14
[    2.302512] ata2: PATA max UDMA/33 cmd 0x170 ctl 0x376 bmdma 0xd008 irq 15
[    2.307613] libphy: Fixed MDIO Bus: probed
[    2.310131] tun: Universal TUN/TAP device driver, 1.6
[    2.312800] tun: (C) 1999-2004 Max Krasnyansky <maxk@qualcomm.com>
[    2.316108] PPP generic driver version 2.4.2
[    2.318395] ehci_hcd: USB 2.0 'Enhanced' Host Controller (EHCI) Driver
[    2.321178] ehci-pci: EHCI PCI platform driver
[    2.323232] ehci-platform: EHCI generic platform driver
[    2.325768] ohci_hcd: USB 1.1 'Open' Host Controller (OHCI) Driver
[    2.329681] ohci-pci: OHCI PCI platform driver
[    2.333748] ohci-platform: OHCI generic platform driver
[    2.337157] uhci_hcd: USB Universal Host Controller Interface driver
[    2.340782] i8042: PNP: PS/2 Controller [PNP0303:PS2K,PNP0f03:PS2M] at 0x60,0x64 irq 1,12
[    2.348398] serio: i8042 KBD port at 0x60,0x64 irq 1
[    2.350715] serio: i8042 AUX port at 0x60,0x64 irq 12
[    2.353199] mousedev: PS/2 mouse device common for all mice
[    2.357427] rtc_cmos rtc_cmos: rtc core: registered rtc_cmos as rtc0
[    2.360820] input: AT Translated Set 2 keyboard as /devices/platform/i8042/serio0/input/input2
[    2.368068] rtc_cmos rtc_cmos: alarms up to one day, 114 bytes nvram
[    2.379024] i2c /dev entries driver
[    2.381536] device-mapper: uevent: version 1.0.3
[    2.384091] device-mapper: ioctl: 4.34.0-ioctl (2015-10-28) initialised: dm-devel@redhat.com
[    2.396410] platform eisa.0: Probing EISA bus 0
[    2.398995] platform eisa.0: EISA: Cannot allocate resource for mainboard
[    2.402321] platform eisa.0: Cannot allocate resource for EISA slot 1
[    2.405550] platform eisa.0: Cannot allocate resource for EISA slot 2
[    2.408572] platform eisa.0: Cannot allocate resource for EISA slot 3
[    2.411727] platform eisa.0: Cannot allocate resource for EISA slot 4
[    2.414554] platform eisa.0: Cannot allocate resource for EISA slot 5
[    2.417519] platform eisa.0: Cannot allocate resource for EISA slot 6
[    2.420451] platform eisa.0: Cannot allocate resource for EISA slot 7
[    2.423397] platform eisa.0: Cannot allocate resource for EISA slot 8
[    2.426690] platform eisa.0: EISA: Detected 0 cards
[    2.428839] cpufreq-nforce2: No nForce2 chipset.
[    2.430873] ledtrig-cpu: registered to indicate activity on CPUs
[    2.434318] NET: Registered protocol family 10
[    2.444106] NET: Registered protocol family 17
[    2.446684] Key type dns_resolver registered
[    2.449651] Using IPI No-Shortcut mode
[    2.452138] registered taskstats version 1
[    2.454127] Loading compiled-in X.509 certificates
[    2.461402] Loaded X.509 cert 'Build time autogenerated kernel key: ff2581549e7ce7e6616cef99f70b135c5c856bdc'
[    2.467717] zswap: loaded using pool lzo/zbud
[    2.474537] Key type trusted registered
[    2.485545] Key type encrypted registered
[    2.488548] AppArmor: AppArmor sha1 policy hashing enabled
[    2.491767] ima: No TPM chip found, activating TPM-bypass!
[    2.494788] ima: Allocated hash algorithm: sha1
[    2.497728] evm: HMAC attrs: 0x1
[    2.506372]   Magic number: 15:812:31
[    2.509036] rtc_cmos rtc_cmos: setting system clock to 2019-12-03 15:02:16 UTC (1575385336)
[    2.514855] BIOS EDD facility v0.16 2004-Jun-25, 0 devices found
[    2.518208] EDD information not available.
[    2.608131] isapnp: No Plug & Play device found
[    2.614670] Freeing unused kernel memory: 940K
[    2.643390] Write protecting the kernel text: 8136k
[    2.647228] Write protecting the kernel read-only data: 3212k
[    2.650981] NX-protecting the kernel data: 6200k
Loading, please wait...
starting version 229
[    2.690320] random: systemd-udevd: uninitialized urandom read (16 bytes read, 4 bits of entropy available)
[    2.691795] random: udevadm: uninitialized urandom read (16 bytes read, 4 bits of entropy available)
[    2.705017] random: systemd-udevd: uninitialized urandom read (16 bytes read, 4 bits of entropy available)
[    2.717763] random: systemd-udevd: uninitialized urandom read (16 bytes read, 4 bits of entropy available)
[    2.724129] random: udevadm: uninitialized urandom read (16 bytes read, 4 bits of entropy available)
[    2.728536] random: udevadm: uninitialized urandom read (16 bytes read, 4 bits of entropy available)
[    2.731522] random: systemd-udevd: uninitialized urandom read (16 bytes read, 4 bits of entropy available)
[    2.775936] random: udevadm: uninitialized urandom read (16 bytes read, 4 bits of entropy available)
[    2.782794] random: udevadm: uninitialized urandom read (16 bytes read, 4 bits of entropy available)
[    2.788946] random: udevadm: uninitialized urandom read (16 bytes read, 4 bits of entropy available)
[    2.901460] Fusion MPT base driver 3.04.20
[    2.903632] Copyright (c) 1999-2008 LSI Corporation
[    2.920106] e1000: Intel(R) PRO/1000 Network Driver - version 7.3.21-k8-NAPI
[    2.923167] e1000: Copyright (c) 1999-2006 Intel Corporation.
[    2.957196] Fusion MPT SPI Host driver 3.04.20
[    3.132849] input: ImExPS/2 Generic Explorer Mouse as /devices/platform/i8042/serio1/input/input4
[    3.513451] e1000 0000:00:03.0 eth0: (PCI:33MHz:32-bit) 02:11:56:70:dd:80
[    3.518541] e1000 0000:00:03.0 eth0: Intel(R) PRO/1000 Network Connection
[    3.525538] mptbase: ioc0: Initiating bringup
[    3.526851] e1000 0000:00:03.0 enp0s3: renamed from eth0
[    3.600947] ioc0: LSI53C1030 A0: Capabilities={Initiator}
[    3.771296] scsi host2: ioc0: LSI53C1030 A0, FwRev=00000000h, Ports=1, MaxQ=256, IRQ=20
[    3.889021] scsi 2:0:0:0: Direct-Access     VBOX     HARDDISK         1.0  PQ: 0 ANSI: 5
[    3.895521] scsi target2:0:0: Beginning Domain Validation
[    3.902277] scsi target2:0:0: Domain Validation skipping write tests
[    3.906923] scsi target2:0:0: Ending Domain Validation
[    3.911397] scsi target2:0:0: asynchronous
[    3.916138] scsi 2:0:1:0: Direct-Access     VBOX     HARDDISK         1.0  PQ: 0 ANSI: 5
[    3.922538] scsi target2:0:1: Beginning Domain Validation
[    3.929348] scsi target2:0:1: Domain Validation skipping write tests
[    3.933561] scsi target2:0:1: Ending Domain Validation
[    3.937575] scsi target2:0:1: asynchronous
[    3.958291] sd 2:0:0:0: Attached scsi generic sg0 type 0
[    3.961934] sd 2:0:0:0: [sda] 20971520 512-byte logical blocks: (10.7 GB/10.0 GiB)
[    3.967028] sd 2:0:1:0: [sdb] 20480 512-byte logical blocks: (10.5 MB/10.0 MiB)
[    3.971711] sd 2:0:0:0: [sda] Write Protect is off
[    3.971934] sd 2:0:1:0: [sdb] Write Protect is off
[    3.971966] sd 2:0:1:0: Attached scsi generic sg1 type 0
[    3.972165] sd 2:0:1:0: [sdb] Incomplete mode parameter data
[    3.972167] sd 2:0:1:0: [sdb] Assuming drive cache: write through
[    3.979723] sd 2:0:1:0: [sdb] Attached SCSI disk
[    3.986388] sd 2:0:0:0: [sda] Incomplete mode parameter data
[    3.988775] sd 2:0:0:0: [sda] Assuming drive cache: write through
[    3.994150]  sda: sda1
[    3.997254] sd 2:0:0:0: [sda] Attached SCSI disk
Begin: Loading e[    6.078437] md: linear personality registered for level -1
ssential drivers ... [    6.102743] md: multipath personality registered for level -4
[    6.117777] md: raid0 personality registered for level 0
[    6.138652] md: raid1 personality registered for level 1
[    6.228292] raid6: mmxx1    gen()  2238 MB/s
[    6.296060] raid6: mmxx2    gen()  2192 MB/s
[    6.364153] raid6: sse1x1   gen()  2129 MB/s
[    6.432222] raid6: sse1x2   gen()  2359 MB/s
[    6.499994] raid6: sse2x1   gen()  4034 MB/s
[    6.567910] raid6: sse2x1   xor()  3503 MB/s
[    6.636157] raid6: sse2x2   gen()  6605 MB/s
[    6.703963] raid6: sse2x2   xor()  3458 MB/s
[    6.771910] raid6: avx2x1   gen()  7720 MB/s
[    6.840256] raid6: avx2x2   gen()  8422 MB/s
[    6.843380] raid6: using algorithm avx2x2 gen() 8422 MB/s
[    6.847193] raid6: using avx2x1 recovery algorithm
[    6.859562] xor: automatically using best checksumming function:
[    6.904089]    avx       :  9737.000 MB/sec
[    6.914754] async_tx: api initialized (async)
[    6.968210] md: raid6 personality registered for level 6
[    6.971086] md: raid5 personality registered for level 5
[    6.973668] md: raid4 personality registered for level 4
[    7.000257] md: raid10 personality registered for level 10
done.
Begin: Running /scripts/init-premount ... done.
Begin: Mounting root file system ... Begin: Running /scripts/local-top ... done.
Begin: Running /scripts/local-premount ... [    7.114117] Btrfs loaded
Scanning for Btrfs filesystems
done.
Warning: fsck not present, so skipping root file system
[    7.169822] EXT4-fs (sda1): INFO: recovery required on readonly filesystem
[    7.174319] EXT4-fs (sda1): write access will be enabled during recovery
[    7.270462] EXT4-fs (sda1): recovery complete
[    7.272889] EXT4-fs (sda1): mounted filesystem with ordered data mode. Opts: (null)
done.
Begin: Running /scripts/local-bottom ... done.
Begin: Running /scripts/init-bottom ... done.
[    7.433607] systemd[1]: systemd 229 running in system mode. (+PAM +AUDIT +SELINUX +IMA +APPARMOR +SMACK +SYSVINIT +UTMP +LIBCRYPTSETUP +GCRYPT +GNUTLS +ACL +XZ -LZ4 +SECCOMP +BLKID +ELFUTILS +KMOD -IDN)
[    7.448173] systemd[1]: Detected virtualization oracle.
[    7.451449] systemd[1]: Detected architecture x86.

Welcome to [1mUbuntu 16.04.6 LTS[0m!

[    7.460854] systemd[1]: Set hostname to <ubuntu-xenial>.
[    7.665315] systemd[1]: Started Trigger resolvconf update for networkd DNS.
[[0;32m  OK  [0m] Started Trigger resolvconf update for networkd DNS.
[    7.672758] systemd[1]: Reached target User and Group Name Lookups.
[[0;32m  OK  [0m] Reached target User and Group Name Lookups.
[    7.685182] systemd[1]: Reached target Encrypted Volumes.
[[0;32m  OK  [0m] Reached target Encrypted Volumes.
[    7.690854] systemd[1]: Listening on udev Kernel Socket.
[[0;32m  OK  [0m] Listening on udev Kernel Socket.
[    7.696337] systemd[1]: Set up automount Arbitrary Executable File Formats File System Automount Point.
[[0;32m  OK  [0m] Set up automount Arbitrary Executab...ats File System Automount Point.
[    7.704363] systemd[1]: Listening on udev Control Socket.
[[0;32m  OK  [0m] Listening on udev Control Socket.
[    7.709628] systemd[1]: Listening on LVM2 metadata daemon socket.
[[0;32m  OK  [0m] Listening on LVM2 metadata daemon socket.
[    7.715363] systemd[1]: Reached target Swap.
[[0;32m  OK  [0m] Reached target Swap.
[    7.720246] systemd[1]: Listening on Syslog Socket.
[[0;32m  OK  [0m] Listening on Syslog Socket.
[    7.724931] systemd[1]: Reached target System Time Synchronized.
[[0;32m  OK  [0m] Reached target System Time Synchronized.
[    7.730813] systemd[1]: Created slice System Slice.
[[0;32m  OK  [0m] Created slice System Slice.
[    7.736341] systemd[1]: Listening on Journal Audit Socket.
[[0;32m  OK  [0m] Listening on Journal Audit Socket.
[    7.742224] systemd[1]: Listening on Device-mapper event daemon FIFOs.
[[0;32m  OK  [0m] Listening on Device-mapper event daemon FIFOs.
[    7.748418] systemd[1]: Listening on /dev/initctl Compatibility Named Pipe.
[[0;32m  OK  [0m] Listening on /dev/initctl Compatibility Named Pipe.
[    7.755037] systemd[1]: Listening on LVM2 poll daemon socket.
[[0;32m  OK  [0m] Listening on LVM2 poll daemon socket.
[    7.761398] systemd[1]: Created slice User and Session Slice.
[[0;32m  OK  [0m] Created slice User and Session Slice.
[    7.766839] systemd[1]: Reached target Slices.
[[0;32m  OK  [0m] Reached target Slices.
[    7.771629] systemd[1]: Listening on Journal Socket (/dev/log).
[[0;32m  OK  [0m] [    7.775525] random: nonblocking pool is initialized
Listening on Journal Socket (/dev/log).
[    7.779721] systemd[1]: Started Forward Password Requests to Wall Directory Watch.
[[0;32m  OK  [0m] Started Forward Password Requests to Wall Directory Watch.
[    7.787601] systemd[1]: Listening on Journal Socket.
[[0;32m  OK  [0m] Listening on Journal Socket.
[    7.804220] systemd[1]: Starting Journal Service...
         Starting Journal Service...
[    7.811381] systemd[1]: Starting Set console keymap...
         Starting Set console keymap...
[    7.822503] systemd[1]: Mounting Huge Pages File System...
         Mounting Huge Pages File System...
[    7.839902] systemd[1]: Mounting POSIX Message Queue File System...
         Mounting POSIX Message Queue File System...
[    7.862050] systemd[1]: Starting Monitoring of LVM2 mirrors, snapshots etc. using dmeventd or progress polling...
         Starting Monitoring of LVM2 mirrors... dmeventd or progress polling...
[    7.877690] systemd[1]: Starting Nameserver information manager...
         Starting Nameserver information manager...
[    7.886480] systemd[1]: Mounting Debug File System...
         Mounting Debug File System...
[    7.894255] systemd[1]: Starting Create list of required static device nodes for the current kernel...
         Starting Create list of required st... nodes for the current kernel...
[    7.913962] systemd[1]: Starting Load Kernel Modules...
         Starting Load Kernel Modules...
[    7.929795] systemd[1]: Starting Uncomplicated firewall...
         Starting Uncomplicated firewall...
[    7.946451] systemd[1]: Created slice system-serial\x2dgetty.slice.
[    7.950692] Loading iSCSI transport class v2.0-870.
[[0;32m  OK  [0m] Created slice system-serial\x2dgetty.slice.
[    7.959299] systemd[1]: Starting Remount Root and Kernel File Systems...
         Starting Remount Root and Kernel[    7.972427] EXT4-fs (sda1): re-mounted. Opts: (null)
 File Systems...
[    7.988993] systemd[1]: Mounted Huge Pages File System.
[[0;32m  OK  [0[    8.006607] iscsi: registered transport (tcp)
m] Mounted Huge Pages File System.
[    8.010440] systemd[1]: Mounted POSIX Message Queue File System.
[[0;32m  OK  [0m] Mounted POSIX Message Queue File System.
[    8.018975] systemd[1]: Mounted Debug File System.
[[0;32m  OK  [0m] Mounted Debug File System.
[    8.026882] systemd[1]: Started Journal Service.
[[0;32m  OK  [0m] Started Journal Service.
[[0;32m  OK  [0m] Started Create list of required sta...ce nodes for the current kernel.
[[0;32m  OK  [0m] Started Uncomplicated firewall.
[[0;32m  OK  [0m] Started Remount Root and Kernel File Systems.
[[0;32m  OK  [0m] Started Nameserver information manager.
[[0;32m  OK  [0m] Started Set console keymap.
[    8.204193] iscsi: registered transport (iser)
[[0;32m  OK  [0m] Started Load Kernel Modules.
         Starting Apply Kernel Variables...
         Mounting FUSE Control File System...
[[0;32m  OK  [0m] Started LVM2 metadata daemon.
         Starting udev Coldplug all Devices...
         Starting Load/Save Random Seed...
         Starting Create Static Device Nodes in /dev...
         Starting Flush Journal to Persistent Storage...
[[0;32m  OK  [0m] Mounted FUSE Control File System.
[[0;32m  OK  [0m] Started Apply Kernel Variables.
[[0;32m  OK  [0m] Started Load/Save Random Seed.
[[0;32m  OK  [0m] Started Create Static Device Nodes in /dev.
[[0;32m  OK  [0m] Started udev Coldplug all Devices.
[[0;32m  OK  [0m] Started Flush Journal to Persistent Storage.
         Starting udev Kernel Device Manager...
[[0;32m  OK  [0m] Started udev Kernel Device Manager.
[[0;32m  OK  [0m] Started Dispatch Password Requests to Console Directory Watch.
[[0;32m  OK  [0m] Started Monitoring of LVM2 mirrors,...ng dmeventd or progress polling.
[[0;32m  OK  [0m] Reached target Local File Systems (Pre).
[[0;32m  OK  [0m] Reached target Local File Systems.
         Starting Initial cloud-init job (pre-networking)...
         Starting Create Volatile Files and Directories...
         Starting LSB: AppArmor initialization...
         Starting Set console font and keymap...
         Starting Tell Plymouth To Write Out Runtime Data...
[[0;32m  OK  [0m] Started Create Volatile Files and Directories.
[[0;32m  OK  [0m] Started Tell Plymouth To Write Out Runtime Data.
         Starting Update UTMP about System Boot/Shutdown...
[[0;32m  OK  [0m] Found device /dev/ttyS0.
[[0;32m  OK  [0m] Started LSB: AppArmor initialization.
[[0;32m  OK  [0m] Started Update UTMP about System Boot/Shutdown.
[[0;32m  OK  [0m] Listening on Load/Save RF Kill Switch Status /dev/rfkill Watch.
[[0;32m  OK  [0m] Found device 82540EM Gigabit Ethern...r (PRO/1000 MT Desktop Adapter).
[[0;32m  OK  [0m] Started Set console font and keymap.
[   11.088098] cloud-init[485]: Cloud-init v. 19.1-1-gbaa47854-0ubuntu1~16.04.1 running 'init-local' at Tue, 03 Dec 2019 15:02:24 +0000. Up 10.11 seconds.
[[0;32m  OK  [0m] Created slice system-getty.slice.
[[0;32m  OK  [0m] Started Initial cloud-init job (pre-networking).
[[0;32m  OK  [0m] Reached target Network (Pre).
[[0;32m  OK  [0m] Started ifup for enp0s3.
         Starting Raise network interfaces...
[[0;32m  OK  [0m] Started Raise network interfaces.
[[0;32m  OK  [0m] Reached target Network.
         Starting Initial cloud-init job (metadata service crawler)...
[   13.395457] cloud-init[977]: Cloud-init v. 19.1-1-gbaa47854-0ubuntu1~16.04.1 running 'init' at Tue, 03 Dec 2019 15:02:27 +0000. Up 12.66 seconds.
[   13.400900] cloud-init[977]: ci-info: ++++++++++++++++++++++++++++++++++++++Net device info++++++++++++++++++++++++++++++++++++++
[   13.405625] cloud-init[977]: ci-info: +--------+------+----------------------------+---------------+--------+-------------------+
[   13.461632] cloud-init[977]: ci-info: | Device |  Up  |          Address           |      Mask     | Scope  |     Hw-Address    |
[   13.479423] [[0;32m  OK  [0m] Started Initial cloud-init job (metadata service crawler).
[[0;32m  OK  [0m] Reached target Cloud-config availability.
[[0;32m  OK  [0m] Reached target Network is Online.
cloud-init[977]: ci-info: +--------+------+----------------------------+---------------+--------+-------------------+
[   13.489453] cloud-init[977]: ci-info: | enp0s3 | True |         10.0.2.15          | 255.255.255.0 | global | 02:11:56:70:dd:80 |         Starting iSCSI initiator daemon (iscsid)...

[   13.513699] [[0;32m  OK  [0m] Reached target System Initialization.
         Starting LXD - unix socket.
         Starting Socket activation for snappy daemon.
cloud-init[977]: ci-info: | enp0s3 | True | fe80::11:56ff:fe70:dd80/64 |       .       |  link  | 02:11:56:70:dd:80 |
[   13.533308] [[0;32m  OK  [0m] Started Daily apt download activities.
[[0;32m  OK  [0m] Started Daily apt upgrade and clean activities.
cloud-init[977]: ci-info: |   lo   | True |         127.0.0.1          |   255.0.0.0   |  host  |         .         |
[   13.554169] [[0;32m  OK  [0m] Started ACPI Events Check.
[[0;32m  OK  [0m] Reached target Paths.
[[0;32m  OK  [0m] Listening on UUID daemon activation socket.
[[0;32m  OK  [0m] Started Daily Cleanup of Temporary Directories.
cloud-init[977]: ci-info: |   lo   | True |          ::1/128           |       .       |  host  |         .         |[
[0;32m  OK  [0m] Reached target Timers.
[   13.557284] [[0;32m  OK  [0m] Listening on D-Bus System Message Bus Socket.
[[0;32m  OK  [0m] Listening on ACPID Listen Socket.
cloud-init[977]: ci-info: +--------+------+----------------------------+---------------+--------+-------------------+
[   13.626881] cloud-init[977]: [[0;32m  OK  [0m] Listening on LXD - unix socket.
[[0;32m  OK  [0m] Listening on Socket activation for snappy daemon.
ci-info: +++++++++++++++++++++++++++Route IPv4 info++++++++++++++++++++++++++++
[   13.634952] cloud-init[977]: ci-info: +-------+-------------+----------+---------------+-----------+-------+
[[0;32m  OK  [0m] Started iSCSI initiator daemon (iscsid).
[   13.641124] cloud-init[977]: ci-info: | Route | Destination | Gateway  |    Genmask    | Interface | Flags |
[   13.647422] cloud-init[977]: ci-info: +-------+-------------+----------+---------------+-----------+-------+
[   13.651870] cloud-init[977]: ci-info: |   0   |   0.0.0.0   | 10.0.2.2 |    0.0.0.0    |   enp0s3  |   UG  |
[   13.672982] cloud-init[977]: ci-info: |   1   |   10.0.2.0  | 0.0.0.0  | 255.255.255.0 |   enp0s3  |   U   |         Starting Login to default iSCSI targets...
[[0;32m  OK  [0m] Reached target Sockets.
[[0;32m  OK  [0m] Reached target Basic System.
[[0;32m  OK  [0m] Started Deferred execution scheduler.
         Starting Login Service...
[[0;32m  OK  [0m] Started Regular background program processing daemon.
         Starting /etc/rc.local Compatibility...
         Starting LSB: MD monitoring daemon...
         Starting LSB: Record successful boot for GRUB...
         Starting System Logging Service...
         Starting Virtualbox guest utils...

         Starting OpenBSD Secure Shell server...
[   13.718667] cloud-init[977]: ci-info: +-------+-------------+----------+---------------+-----------+-------+
[   13.774209] cloud-init[977]: ci-info: +++++++++++++++++++Route IPv6 info+++++++++++++++++++
[   13.774660] cloud-init[977]: ci-info: +-------+-------------+---------+-----------+-------+
[   13.777478] cloud-init[977]: ci-info: | Route | Destination | Gateway | Interface | Flags |
[   13.777776] cloud-init[977]: ci-info: +-------+-------------+---------+-----------+-------+
[[0;32m  OK  [0m] Started ACPI event daemon.
[   13.778036] cloud-init[977]: ci-info: |   0   |  fe80::/64  |    ::   |   enp0s3  |   U   |
[[0;32m  OK  [0m[   13.807998] cloud-init[977]: ci-info: |   3   |   ff00::/8  |    ::   |   enp0s3  |   U   |
[   13.808620] cloud-init[977]: ci-info: +-------+-------------+---------+-----------+-------+
] Started D-Bus System Message Bus.
[[0;32m  OK  [0m] Started FUSE filesystem for LXC.
         Starting Snappy daemon...
         Starting Accounts Service...
         Starting LXD - container startup/shutdown...
[[0;32m  OK  [0m] Started System Logging Service.
[[0;32m  OK  [0m] Started /etc/rc.local Compatibility.
[[0;32m  OK  [0m] Started OpenBSD Secure Shell server.
[[0;32m  OK  [0m] Started LXD - container startup/shutdown.
[[0;32m  OK  [0m] Started Snappy daemon.
[[0;32m  OK  [0m] Started LSB: Record successful boot for GRUB.
[[0;32m  OK  [0m] Started Login to default iSCSI targets.
[[0;32m  OK  [0m] Started LSB: MD monitoring daemon.
[[0;32m  OK  [0m] Started Login Service.
[[0;32m  OK  [0m] Started Unattended Upgrades Shutdown.
         Starting Authenticate and Authorize Users to Run Privileged Tasks...
[[0;32m  OK  [0m] Reached target Remote File Systems (Pre).
[[0;32m  OK  [0m] Reached target Remote File Systems.
         Starting LSB: automatic crash report generation...
         Starting LSB: daemon to balance interrupts for SMP systems...
         Starting Permit User Sessions...
         Starting LSB: Set the CPU Frequency Scaling governor to "ondemand"...
         Starting Wait until snapd is fully seeded...
[[0;32m  OK  [0m] Started Virtualbox guest utils.
[[0;32m  OK  [0m] Started Permit User Sessions.
[[0;32m  OK  [0m] Started Authenticate and Authorize Users to Run Privileged Tasks.
[[0;32m  OK  [0m] Started Accounts Service.
         Starting Terminate Plymouth Boot Screen...
         Starting Hold until boot process finishes up...
[[0;32m  OK  [0m] Started LSB: automatic crash report generation.
[[0;32m  OK  [0m] Started LSB: daemon to balance interrupts for SMP systems.
[[0;32m  OK  [0m] Started LSB: Set the CPU Frequency Scaling governor to "ondemand".
[[0;32m  OK  [0m] Started Wait until snapd is fully seeded.
[[0;32m  OK  [0m] Started Terminate Plymouth Boot Screen.
[[0;32m  OK  [0m] Started Hold until boot process finishes up.
[[0;32m  OK  [0m] Created slice User Slice of vagrant.
[[0;32m  OK  [0m] Started Session 1 of user vagrant.
         Starting User Manager for UID 1000...
         Starting Set console scheme...
[[0;32m  OK  [0m] Started Serial Getty on ttyS0.
[[0;32m  OK  [0m] Started Getty on tty1.
[[0;32m  OK  [0m] Reached target Login Prompts.
         Starting Apply the settings specified in cloud-config...
[[0;32m  OK  [0m] Reached target Multi-User System.
[[0;32m  OK  [0m] Reached target Graphical Interface.
         Starting Update UTMP about System Runlevel Changes...
[[0;32m  OK  [0m] Started User Manager for UID 1000.
[[0;32m  OK  [0m] Started Set console scheme.
[[0;32m  OK  [0m] Started Update UTMP about System Runlevel Changes.
[   16.712720] cloud-init[1251]: Cloud-init v. 19.1-1-gbaa47854-0ubuntu1~16.04.1 running 'modules:config' at Tue, 03 Dec 2019 15:02:31 +0000. Up 16.40 seconds.
[[0;32m  OK  [0m] Started Apply the settings specified in cloud-config.
         Starting Execute cloud user/final scripts...
[   18.506054] cloud-init[1277]: Cloud-init v. 19.1-1-gbaa47854-0ubuntu1~16.04.1 running 'modules:final' at Tue, 03 Dec 2019 15:02:32 +0000. Up 18.05 seconds.
[   18.519060] cloud-init[1277]: Cloud-init v. 19.1-1-gbaa47854-0ubuntu1~16.04.1 finished at Tue, 03 Dec 2019 15:02:33 +0000. Datasource DataSourceNoCloud [seed=/dev/sdb][dsmode=net].  Up 18.48 seconds
[[0;32m  OK  [0m] Started Execute cloud user/final scripts.
[[0;32m  OK  [0m] Reached target Cloud-init target.

Ubuntu 16.04.6 LTS ubuntu-xenial ttyS0

ubuntu-xenial login: [201223.362362] e1000 0000:00:03.0 enp0s3: Detected Tx Unit Hang
[201223.362362]   Tx Queue             <0>
[201223.362362]   TDH                  <2a>
[201223.362362]   TDT                  <2e>
[201223.362362]   next_to_use          <2e>
[201223.362362]   next_to_clean        <2a>
[201223.362362] buffer_info[next_to_clean]
[201223.362362]   time_stamp           <2fe75dc>
[201223.362362]   next_to_watch        <2b>
[201223.362362]   jiffies              <2fe789b>
[201223.362362]   next_to_watch.status <0>
[201225.394365] e1000 0000:00:03.0 enp0s3: Detected Tx Unit Hang
[201225.394365]   Tx Queue             <0>
[201225.394365]   TDH                  <2a>
[201225.394365]   TDT                  <2e>
[201225.394365]   next_to_use          <2e>
[201225.394365]   next_to_clean        <2a>
[201225.394365] buffer_info[next_to_clean]
[201225.394365]   time_stamp           <2fe75dc>
[201225.394365]   next_to_watch        <2b>
[201225.394365]   jiffies              <2fe7a97>
[201225.394365]   next_to_watch.status <0>
[201227.406893] e1000 0000:00:03.0 enp0s3: Detected Tx Unit Hang
[201227.406893]   Tx Queue             <0>
[201227.406893]   TDH                  <2a>
[201227.406893]   TDT                  <2e>
[201227.406893]   next_to_use          <2e>
[201227.406893]   next_to_clean        <2a>
[201227.406893] buffer_info[next_to_clean]
[201227.406893]   time_stamp           <2fe75dc>
[201227.406893]   next_to_watch        <2b>
[201227.406893]   jiffies              <2fe7c8e>
[201227.406893]   next_to_watch.status <0>
[201227.558338] e1000 0000:00:03.0 enp0s3: Reset adapter
