[    0.000000] Initializing cgroup subsys cpuset
[    0.000000] Initializing cgroup subsys cpu
[    0.000000] Initializing cgroup subsys cpuacct
[    0.000000] Linux version 4.4.0-161-generic (buildd@lcy01-amd64-019) (gcc version 5.4.0 20160609 (Ubuntu 5.4.0-6ubuntu1~16.04.10) ) #189-Ubuntu SMP Tue Aug 27 08:10:53 UTC 2019 (Ubuntu 4.4.0-161.189-generic 4.4.186)
[    0.000000] KERNEL supported cpus:
[    0.000000]   Intel GenuineIntel
[    0.000000]   AMD AuthenticAMD
[    0.000000]   NSC Geode by NSC
[    0.000000]   Cyrix CyrixInstead
[    0.000000]   Centaur CentaurHauls
[    0.000000]   Transmeta GenuineTMx86
[    0.000000]   Transmeta TransmetaCPU
[    0.000000]   UMC UMC UMC UMC
[    0.000000] x86/fpu: xstate_offset[2]:  576, xstate_sizes[2]:  256
[    0.000000] x86/fpu: Supporting XSAVE feature 0x01: 'x87 floating point registers'
[    0.000000] x86/fpu: Supporting XSAVE feature 0x02: 'SSE registers'
[    0.000000] x86/fpu: Supporting XSAVE feature 0x04: 'AVX registers'
[    0.000000] x86/fpu: Enabled xstate features 0x7, context size is 832 bytes, using 'standard' format.
[    0.000000] e820: BIOS-provided physical RAM map:
[    0.000000] BIOS-e820: [mem 0x0000000000000000-0x000000000009fbff] usable
[    0.000000] BIOS-e820: [mem 0x000000000009fc00-0x000000000009ffff] reserved
[    0.000000] BIOS-e820: [mem 0x00000000000f0000-0x00000000000fffff] reserved
[    0.000000] BIOS-e820: [mem 0x0000000000100000-0x000000003ffeffff] usable
[    0.000000] BIOS-e820: [mem 0x000000003fff0000-0x000000003fffffff] ACPI data
[    0.000000] BIOS-e820: [mem 0x00000000fec00000-0x00000000fec00fff] reserved
[    0.000000] BIOS-e820: [mem 0x00000000fee00000-0x00000000fee00fff] reserved
[    0.000000] BIOS-e820: [mem 0x00000000fffc0000-0x00000000ffffffff] reserved
[    0.000000] NX (Execute Disable) protection: active
[    0.000000] SMBIOS 2.5 present.
[    0.000000] Hypervisor detected: KVM
[    0.000000] e820: last_pfn = 0x3fff0 max_arch_pfn = 0x1000000
[    0.000000] MTRR: Disabled
[    0.000000] x86/PAT: MTRRs disabled, skipping PAT initialization too.
[    0.000000] CPU MTRRs all blank - virtualized system.
[    0.000000] x86/PAT: Configuration [0-7]: WB  WT  UC- UC  WB  WT  UC- UC  
[    0.000000] found SMP MP-table at [mem 0x0009fff0-0x0009ffff] mapped at [c009fff0]
[    0.000000] Scanning 1 areas for low memory corruption
[    0.000000] RAMDISK: [mem 0x363be000-0x371d6fff]
[    0.000000] ACPI: Early table checksum verification disabled
[    0.000000] ACPI: RSDP 0x00000000000E0000 000024 (v02 VBOX  )
[    0.000000] ACPI: XSDT 0x000000003FFF0030 00003C (v01 VBOX   VBOXXSDT 00000001 ASL  00000061)
[    0.000000] ACPI: FACP 0x000000003FFF00F0 0000F4 (v04 VBOX   VBOXFACP 00000001 ASL  00000061)
[    0.000000] ACPI: DSDT 0x000000003FFF0470 0021FF (v02 VBOX   VBOXBIOS 00000002 INTL 20100528)
[    0.000000] ACPI: FACS 0x000000003FFF0200 000040
[    0.000000] ACPI: FACS 0x000000003FFF0200 000040
[    0.000000] ACPI: APIC 0x000000003FFF0240 00005C (v02 VBOX   VBOXAPIC 00000001 ASL  00000061)
[    0.000000] ACPI: SSDT 0x000000003FFF02A0 0001CC (v01 VBOX   VBOXCPUT 00000002 INTL 20100528)
[    0.000000] 131MB HIGHMEM available.
[    0.000000] 891MB LOWMEM available.
[    0.000000]   mapped low ram: 0 - 37bfe000
[    0.000000]   low ram: 0 - 37bfe000
[    0.000000] kvm-clock: Using msrs 4b564d01 and 4b564d00
[    0.000000] kvm-clock: cpu 0, msr 0:37bfd001, primary cpu clock
[    0.000000] kvm-clock: using sched offset of 4004697041 cycles
[    0.000000] clocksource: kvm-clock: mask: 0xffffffffffffffff max_cycles: 0x1cd42e4dffb, max_idle_ns: 881590591483 ns
[    0.000000] Zone ranges:
[    0.000000]   DMA      [mem 0x0000000000001000-0x0000000000ffffff]
[    0.000000]   Normal   [mem 0x0000000001000000-0x0000000037bfdfff]
[    0.000000]   HighMem  [mem 0x0000000037bfe000-0x000000003ffeffff]
[    0.000000] Movable zone start for each node
[    0.000000] Early memory node ranges
[    0.000000]   node   0: [mem 0x0000000000001000-0x000000000009efff]
[    0.000000]   node   0: [mem 0x0000000000100000-0x000000003ffeffff]
[    0.000000] Initmem setup node 0 [mem 0x0000000000001000-0x000000003ffeffff]
[    0.000000] Using APIC driver default
[    0.000000] ACPI: PM-Timer IO Port: 0x4008
[    0.000000] IOAPIC[0]: apic_id 2, version 32, address 0xfec00000, GSI 0-23
[    0.000000] ACPI: INT_SRC_OVR (bus 0 bus_irq 0 global_irq 2 dfl dfl)
[    0.000000] ACPI: INT_SRC_OVR (bus 0 bus_irq 9 global_irq 9 low level)
[    0.000000] Using ACPI (MADT) for SMP configuration information
[    0.000000] smpboot: Allowing 2 CPUs, 0 hotplug CPUs
[    0.000000] PM: Registered nosave memory: [mem 0x00000000-0x00000fff]
[    0.000000] PM: Registered nosave memory: [mem 0x0009f000-0x0009ffff]
[    0.000000] PM: Registered nosave memory: [mem 0x000a0000-0x000effff]
[    0.000000] PM: Registered nosave memory: [mem 0x000f0000-0x000fffff]
[    0.000000] e820: [mem 0x40000000-0xfebfffff] available for PCI devices
[    0.000000] Booting paravirtualized kernel on KVM
[    0.000000] clocksource: refined-jiffies: mask: 0xffffffff max_cycles: 0xffffffff, max_idle_ns: 7645519600211568 ns
[    0.000000] setup_percpu: NR_CPUS:8 nr_cpumask_bits:8 nr_cpu_ids:2 nr_node_ids:1
[    0.000000] PERCPU: Embedded 19 pages/cpu @f6397000 s47372 r0 d30452 u77824
[    0.000000] Built 1 zonelists in Zone order, mobility grouping on.  Total pages: 259800
[    0.000000] Kernel command line: BOOT_IMAGE=/boot/vmlinuz-4.4.0-161-generic root=LABEL=cloudimg-rootfs ro console=tty1 console=ttyS0
[    0.000000] PID hash table entries: 4096 (order: 2, 16384 bytes)
[    0.000000] Dentry cache hash table entries: 131072 (order: 7, 524288 bytes)
[    0.000000] Inode-cache hash table entries: 65536 (order: 6, 262144 bytes)
[    0.000000] Initializing CPU#0
[    0.000000] Initializing HighMem for node 0 (00037bfe:0003fff0)
[    0.000000] Initializing Movable for node 0 (00000000:00000000)
[    0.000000] Memory: 1008280K/1048120K available (8126K kernel code, 793K rwdata, 3208K rodata, 940K init, 784K bss, 39840K reserved, 0K cma-reserved, 135112K highmem)
[    0.000000] virtual kernel memory layout:
[    0.000000]     fixmap  : 0xfff15000 - 0xfffff000   ( 936 kB)
[    0.000000]     pkmap   : 0xffc00000 - 0xffe00000   (2048 kB)
[    0.000000]     vmalloc : 0xf83fe000 - 0xffbfe000   ( 120 MB)
[    0.000000]     lowmem  : 0xc0000000 - 0xf7bfe000   ( 891 MB)
[    0.000000]       .init : 0xc1bdb000 - 0xc1cc6000   ( 940 kB)
[    0.000000]       .data : 0xc17efc48 - 0xc1bd9580   (4006 kB)
[    0.000000]       .text : 0xc1000000 - 0xc17efc48   (8127 kB)
[    0.000000] Checking if this processor honours the WP bit even in supervisor mode...Ok.
[    0.000000] SLUB: HWalign=64, Order=0-3, MinObjects=0, CPUs=2, Nodes=1
[    0.000000] Hierarchical RCU implementation.
[    0.000000] 	Build-time adjustment of leaf fanout to 32.
[    0.000000] 	RCU restricting CPUs from NR_CPUS=8 to nr_cpu_ids=2.
[    0.000000] RCU: Adjusting geometry for rcu_fanout_leaf=32, nr_cpu_ids=2
[    0.000000] NR_IRQS:2304 nr_irqs:440 16
[    0.000000] Console: colour VGA+ 80x25
[    0.000000] console [tty1] enabled
[    0.000000] console [ttyS0] enabled
[    0.000000] allocated 1048576 bytes of page_ext
[    0.000000] tsc: Detected 2400.000 MHz processor
[    0.420926] Calibrating delay loop (skipped) preset value.. 4800.00 BogoMIPS (lpj=9600000)
[    0.423783] pid_max: default: 32768 minimum: 301
[    0.425340] ACPI: Core revision 20150930
[    0.430406] ACPI: 2 ACPI AML tables successfully acquired and loaded
[    0.433917] Security Framework initialized
[    0.436053] Yama: becoming mindful.
[    0.437713] AppArmor: AppArmor initialized
[    0.439544] Mount-cache hash table entries: 2048 (order: 1, 8192 bytes)
[    0.441900] Mountpoint-cache hash table entries: 2048 (order: 1, 8192 bytes)
[    0.444570] Initializing cgroup subsys io
[    0.446158] Initializing cgroup subsys memory
[    0.447871] Initializing cgroup subsys devices
[    0.449663] Initializing cgroup subsys freezer
[    0.451801] Initializing cgroup subsys net_cls
[    0.453988] Initializing cgroup subsys perf_event
[    0.456451] Initializing cgroup subsys net_prio
[    0.458591] Initializing cgroup subsys hugetlb
[    0.460412] Initializing cgroup subsys pids
[    0.465423] mce: CPU supports 0 MCE banks
[    0.468064] Last level iTLB entries: 4KB 64, 2MB 8, 4MB 8
[    0.470846] Last level dTLB entries: 4KB 64, 2MB 0, 4MB 0, 1GB 4
[    0.474125] Spectre V1 : Mitigation: usercopy/swapgs barriers and __user pointer sanitization
[    0.479042] Spectre V2 : Mitigation: Full generic retpoline
[    0.482305] Spectre V2 : Spectre v2 / SpectreRSB mitigation: Filling RSB on context switch
[    0.486812] Speculative Store Bypass: Vulnerable
[    0.489144] MDS: Vulnerable: Clear CPU buffers attempted, no microcode
[    0.498157] Freeing SMP alternatives memory: 36K
[    0.510590] ftrace: allocating 31591 entries in 62 pages
[    0.640957] smpboot: APIC(0) Converting physical 0 to logical package 0
[    0.644163] smpboot: Max logical packages: 1
[    0.646189] Enabling APIC mode:  Flat.  Using 1 I/O APICs
[    0.650815] ..TIMER: vector=0x30 apic1=0 pin1=2 apic2=-1 pin2=-1
[    0.759441] smpboot: CPU0: Intel(R) Core(TM) i5-6200U CPU @ 2.30GHz (family: 0x6, model: 0x4e, stepping: 0x3)
[    0.764767] Performance Events: unsupported p6 CPU model 78 no PMU driver, software events only.
[    0.783980] KVM setup paravirtual spinlock
[    0.787189] x86: Booting SMP configuration:
[    0.789163] .... node  #0, CPUs:      #1
[1266874885.704854] Initializing CPU#1
[    0.791927] kvm-clock: cpu 1, msr 0:37bfd041, secondary cpu clock
[    0.796626] mce: CPU supports 0 MCE banks
[    0.799886] x86: Booted up 1 node, 2 CPUs
[    0.802337] smpboot: Total of 2 processors activated (9600.00 BogoMIPS)
[    0.806212] devtmpfs: initialized
[    0.808303] evm: security.selinux
[    0.810130] evm: security.SMACK64
[    0.812121] evm: security.SMACK64EXEC
[    0.814027] evm: security.SMACK64TRANSMUTE
[    0.816062] evm: security.SMACK64MMAP
[    0.818016] evm: security.ima
[    0.819709] evm: security.capability
[    0.822083] clocksource: jiffies: mask: 0xffffffff max_cycles: 0xffffffff, max_idle_ns: 7645041785100000 ns
[    0.825994] futex hash table entries: 512 (order: 3, 32768 bytes)
[    0.828219] pinctrl core: initialized pinctrl subsystem
[    0.830049] RTC time: 15:20:50, date: 09/27/19
[    0.831899] NET: Registered protocol family 16
[    0.833784] EISA bus registered
[    0.844266] cpuidle: using governor ladder
[    0.856945] cpuidle: using governor menu
[    0.858658] PCCT header not found.
[    0.860420] ACPI: bus type PCI registered
[    0.862168] acpiphp: ACPI Hot Plug PCI Controller Driver version: 0.5
[    0.864967] PCI : PCI BIOS area is rw and x. Use pci=nobios if you want it NX.
[    0.868303] PCI: PCI BIOS revision 2.10 entry at 0xfda26, last bus=0
[    0.870751] PCI: Using configuration type 1 for base access
[    0.885572] ACPI: Added _OSI(Module Device)
[    0.887455] ACPI: Added _OSI(Processor Device)
[    0.889386] ACPI: Added _OSI(3.0 _SCP Extensions)
[    0.891505] ACPI: Added _OSI(Processor Aggregator Device)
[    0.895083] ACPI: Executed 1 blocks of module-level executable AML code
[    0.900814] ACPI: Interpreter enabled
[    0.902488] ACPI: (supports S0 S5)
[    0.904126] ACPI: Using IOAPIC for interrupt routing
[    0.906715] PCI: Using host bridge windows from ACPI; if necessary, use "pci=nocrs" and report a bug
[    0.940842] ACPI: PCI Root Bridge [PCI0] (domain 0000 [bus 00-ff])
[    0.943588] acpi PNP0A03:00: _OSC: OS supports [ASPM ClockPM Segments MSI]
[    0.946452] acpi PNP0A03:00: _OSC: not requesting OS control; OS requires [ExtendedConfig ASPM ClockPM MSI]
[    0.952653] acpi PNP0A03:00: fail to add MMCONFIG information, can't access extended PCI configuration space under this bridge.
[    0.957479] PCI host bridge to bus 0000:00
[    0.959122] pci_bus 0000:00: root bus resource [io  0x0000-0x0cf7 window]
[    0.961213] pci_bus 0000:00: root bus resource [io  0x0d00-0xffff window]
[    0.963256] pci_bus 0000:00: root bus resource [mem 0x000a0000-0x000bffff window]
[    0.965836] pci_bus 0000:00: root bus resource [mem 0x40000000-0xfdffffff window]
[    0.968943] pci_bus 0000:00: root bus resource [bus 00-ff]
[    0.974119] pci 0000:00:01.1: legacy IDE quirk: reg 0x10: [io  0x01f0-0x01f7]
[    0.977659] pci 0000:00:01.1: legacy IDE quirk: reg 0x14: [io  0x03f6]
[    0.980841] pci 0000:00:01.1: legacy IDE quirk: reg 0x18: [io  0x0170-0x0177]
[    0.983920] pci 0000:00:01.1: legacy IDE quirk: reg 0x1c: [io  0x0376]
[    1.008865] pci 0000:00:07.0: quirk: [io  0x4000-0x403f] claimed by PIIX4 ACPI
[    1.013434] pci 0000:00:07.0: quirk: [io  0x4100-0x410f] claimed by PIIX4 SMB
[    1.026615] ACPI: PCI Interrupt Link [LNKA] (IRQs 5 9 10 *11)
[    1.031529] ACPI: PCI Interrupt Link [LNKB] (IRQs 5 9 *10 11)
[    1.036764] ACPI: PCI Interrupt Link [LNKC] (IRQs 5 *9 10 11)
[    1.041886] ACPI: PCI Interrupt Link [LNKD] (IRQs 5 9 10 *11)
[    1.047320] ACPI: Enabled 2 GPEs in block 00 to 07
[    1.051084] vgaarb: setting as boot device: PCI:0000:00:02.0
[    1.054347] vgaarb: device added: PCI:0000:00:02.0,decodes=io+mem,owns=io+mem,locks=none
[    1.059208] vgaarb: loaded
[    1.061379] vgaarb: bridge control possible 0000:00:02.0
[    1.065085] SCSI subsystem initialized
[    1.067902] ACPI: bus type USB registered
[    1.070411] usbcore: registered new interface driver usbfs
[    1.073713] usbcore: registered new interface driver hub
[    1.077128] usbcore: registered new device driver usb
[    1.080873] PCI: Using ACPI for IRQ routing
[    1.083999] NetLabel: Initializing
[    1.085864] NetLabel:  domain hash size = 128
[    1.088317] NetLabel:  protocols = UNLABELED CIPSOv4
[    1.090998] NetLabel:  unlabeled traffic allowed by default
[    1.093878] amd_nb: Cannot enumerate AMD northbridges
[    1.096364] clocksource: Switched to clocksource kvm-clock
[    1.117303] AppArmor: AppArmor Filesystem Enabled
[    1.119783] pnp: PnP ACPI init
[    1.122777] pnp: PnP ACPI: found 3 devices
[    1.124885] PnPBIOS: Disabled by ACPI PNP
[    1.174521] clocksource: acpi_pm: mask: 0xffffff max_cycles: 0xffffff, max_idle_ns: 2085701024 ns
[    1.179811] NET: Registered protocol family 2
[    1.182730] TCP established hash table entries: 8192 (order: 3, 32768 bytes)
[    1.186778] TCP bind hash table entries: 8192 (order: 4, 65536 bytes
[    1.233557] TCP: Hash tables configured (established 8192 bind 8192)
[    237395] UDP hash table entries: 512 (order: 2, 16384 bytes)
[    1.325070] UDP-Lite hash table entries: 512 (order: 2, 16384 bytes)
[    1.328632] NET: Registered protocol family 1
[    1.330799] pci 0000:00:00.0: Limiting direct PCI/PCI transfers
[    1.334083] pci 0000:00:01.0: Activating ISA DMA hang workarounds
[    1.337838] Unpacking initramfs...

[    1.949771] Freeing initrd memory: 14436K
[    1.952422] clocksource: tsc: mask: 0xffffffffffffffff max_cycles: 0x22983777dd9, max_idle_ns: 440795300422 ns
[    1.957554] platform rtc_cmos: registered platform RTC device (no PNP device found)
[    1.961699] Scanning for low memory corruption every 60 seconds
[    1.965254] audit: initializing netlink subsys (disabled)
[    1.967680] audit: type=2000 audit(1569597656.500:1): initialized
[    1.971123] Initialise system trusted keyring
[    1.973572] HugeTLB registered 2 MB page size, pre-allocated 0 pages
[    1.979780] zbud: loaded
[    1.981526] VFS: Disk quotas dquot_6.6.0
[    1.983344] VFS: Dquot-cache hash table entries: 1024 (order 0, 4096 bytes)
[    1.995738] squashfs: version 4.0 (2009/01/31) Phillip Lougher
[    1.999344] fuse init (API version 7.23)
[    2.001913] Key type big_key registered
[    2.003965] Allocating IMA MOK and blacklist keyrings.
[    2.009415] Key type asymmetric registered
[    2.011082] Asymmetric key parser 'x509' registered
[    2.013347] bounce: pool size: 64 pages
[    2.017319] Block layer SCSI generic (bsg) driver version 0.4 loaded (major 249)
[    2.021065] io scheduler noop registered
[    2.022658] io scheduler deadline registered (default)
[    2.024662] io scheduler cfq registered
[    2.026658] pci_hotplug: PCI Hot Plug PCI Core version: 0.5
[    2.028879] pciehp: PCI Express Hot Plug Controller Driver version: 0.4
[    2.032052] ACPI: AC Adapter [AC] (off-line)
[    2.034071] input: Power Button as /devices/LNXSYSTM:00/LNXPWRBN:00/input/input0
[    2.037363] ACPI: Power Button [PWRF]
[    2.039131] input: Sleep Button as /devices/LNXSYSTM:00/LNXSLPBN:00/input/input1
[    2.042689] ACPI: Sleep Button [SLPF]
[    2.051789] GHES: HEST is not enabled!
[    2.053063] ACPI: Battery Slot [BAT0] (battery present)
[    2.057550] isapnp: Scanning for PnP cards...
[    2.064920] Serial: 8250/16550 driver, 32 ports, IRQ sharing enabled
[    2.134140] 00:02: ttyS0 at I/O 0x3f8 (irq = 4, base_baud = 115200) is a 16550A
[    2.139928] Linux agpgart interface v0.103
[    2.150170] loop: module loaded
[    2.153462] scsi host0: ata_piix
[    2.155557] scsi host1: ata_piix
[    2.157478] ata1: PATA max UDMA/33 cmd 0x1f0 ctl 0x3f6 bmdma 0xd000 irq 14
[    2.160691] ata2: PATA max UDMA/33 cmd 0x170 ctl 0x376 bmdma 0xd008 irq 15
[    2.172755] libphy: Fixed MDIO Bus: probed
[    2.182362] tun: Universal TUN/TAP device driver, 1.6
[    2.184508] tun: (C) 1999-2004 Max Krasnyansky <maxk@qualcomm.com>
[    2.186844] PPP generic driver version 2.4.2
[    2.188618] ehci_hcd: USB 2.0 'Enhanced' Host Controller (EHCI) Driver
[    2.210144] ehci-pci: EHCI PCI platform driver
[    2.211885] ehci-platform: EHCI generic platform driver
[    2.213856] ohci_hcd: USB 1.1 'Open' Host Controller (OHCI) Driver
[    2.215715] ohci-pci: OHCI PCI platform driver
[    2.217232] ohci-platform: OHCI generic platform driver
[    2.219449] uhci_hcd: USB Universal Host Controller Interface driver
[    2.228817] i8042: PNP: PS/2 Controller [PNP0303:PS2K,PNP0f03:PS2M] at 0x60,0x64 irq 1,12
[    2.233767] serio: i8042 KBD port at 0x60,0x64 irq 1
[    2.235573] serio: i8042 AUX port at 0x60,0x64 irq 12
[    2.243074] mousedev: PS/2 mouse device common for all mice
[    2.245750] rtc_cmos rtc_cmos: rtc core: registered rtc_cmos as rtc0
[    2.247986] input: AT Translated Set 2 keyboard as /devices/platform/i8042/serio0/input/input2
[    2.251914] rtc_cmos rtc_cmos: alarms up to one day, 114 bytes nvram
[    2.254743] i2c /dev entries driver
[    2.256515] device-mapper: uevent: version 1.0.3
[    2.258304] device-mapper: ioctl: 4.34.0-ioctl (2015-10-28) initialised: dm-devel@redhat.com
[    2.262558] platform eisa.0: Probing EISA bus 0
[    2.264541] platform eisa.0: EISA: Cannot allocate resource for mainboard
[    2.267202] platform eisa.0: Cannot allocate resource for EISA slot 1
[    2.269845] platform eisa.0: Cannot allocate resource for EISA slot 2
[    2.272943] platform eisa.0: Cannot allocate resource for EISA slot 3
[    2.291032] platform eisa.0: Cannot allocate resource for EISA slot 4
[    2.293778] platform eisa.0: Cannot allocate resource for EISA slot 5
[    2.296051] platform eisa.0: Cannot allocate resource for EISA slot 6
[    2.298328] platform eisa.0: Cannot allocate resource for EISA slot 7
[    2.306375] platform eisa.0: Cannot allocate resource for EISA slot 8
[    2.308355] platform eisa.0: EISA: Detected 0 cards
[    2.309975] cpufreq-nforce2: No nForce2 chipset.
[    2.311513] ledtrig-cpu: registered to indicate activity on CPUs
[    2.319541] NET: Registered protocol family 10
[    2.321370] NET: Registered protocol family 17
[    2.322831] Key type dns_resolver registered
[    2.324442] Using IPI No-Shortcut mode
[    2.326251] registered taskstats version 1
[    2.327685] Loading compiled-in X.509 certificates
[    2.333244] Loaded X.509 cert 'Build time autogenerated kernel key: cb49ae510b4d1f99c8e7d7353c0c71d6f9be425b'
[    2.342216] zswap: loaded using pool lzo/zbud
[    2.348127] Key type trusted registered
[    2.359640] Key type encrypted registered
[    2.361349] AppArmor: AppArmor sha1 policy hashing enabled
[    2.363602] ima: No TPM chip found, activating TPM-bypass!
[    2.368251] ima: Allocated hash algorithm: sha1
[    2.371272] evm: HMAC attrs: 0x1
[    2.374048]   Magic number: 3:909:336
[    2.376228] tty tty57: hash matches
[    2.378830] rtc_cmos rtc_cmos: setting system clock to 2019-09-27 15:20:52 UTC (1569597652)
[    2.384544] BIOS EDD facility v0.16 2004-Jun-25, 0 devices found
[    2.388086] EDD information not available.
[    2.437120] isapnp: No Plug & Play device found
[    2.442711] Freeing unused kernel memory: 940K
[    2.460731] Write protecting the kernel text: 8128k
[    2.463677] Write protecting the kernel read-only data: 3212k
[    2.466941] NX-protecting the kernel data: 6208k
Loading, please wait...
starting version 229
[    2.497619] random: systemd-udevd: uninitialized urandom read (16 bytes read, 4 bits of entropy available)
[    2.499074] random: udevadm: uninitialized urandom read (16 bytes read, 4 bits of entropy available)
[    2.518098] random: systemd-udevd: uninitialized urandom read (16 bytes read, 4 bits of entropy available)
[    2.524531] random: systemd-udevd: uninitialized urandom read (16 bytes read, 4 bits of entropy available)
[    2.527644] random: udevadm: uninitialized urandom read (16 bytes read, 4 bits of entropy available)
[    2.527816] random: udevadm: uninitialized urandom read (16 bytes read, 4 bits of entropy available)
[    2.528256] random: udevadm: uninitialized urandom read (16 bytes read, 4 bits of entropy available)
[    2.528403] random: udevadm: uninitialized urandom read (16 bytes read, 4 bits of entropy available)
[    2.528613] random: udevadm: uninitialized urandom read (16 bytes read, 4 bits of entropy available)
[    2.528803] random: udevadm: uninitialized urandom read (16 bytes read, 4 bits of entropy available)
[    2.665865] e1000: Intel(R) PRO/1000 Network Driver - version 7.3.21-k8-NAPI
[    2.669840] e1000: Copyright (c) 1999-2006 Intel Corporation.
[    2.686266] Fusion MPT base driver 3.04.20
[    2.688976] Copyright (c) 1999-2008 LSI Corporation
[    2.733170] Fusion MPT SPI Host driver 3.04.20
[    2.935684] input: ImExPS/2 Generic Explorer Mouse as /devices/platform/i8042/serio1/input/input4
[    3.194313] e1000 0000:00:03.0 eth0: (PCI:33MHz:32-bit) 02:11:56:70:dd:80
[    3.197119] e1000 0000:00:03.0 eth0: Intel(R) PRO/1000 Network Connection
[    3.200817] mptbase: ioc0: Initiating bringup
[    3.201374] e1000 0000:00:03.0 enp0s3: renamed from eth0
[    3.749718] ioc0: LSI53C1030 A0: Capabilities={Initiator}
[    4.678453] scsi host2: ioc0: LSI53C1030 A0, FwRev=00000000h, Ports=1, MaxQ=256, IRQ=20
[    4.981696] scsi 2:0:0:0: Direct-Access     VBOX     HARDDISK         1.0  PQ: 0 ANSI: 5
[    4.992314] scsi target2:0:0: Beginning Domain Validation
[    5.006267] scsi target2:0:0: Domain Validation skipping write tests
[    5.012258] scsi target2:0:0: Ending Domain Validation
[    5.016246] scsi target2:0:0: asynchronous
[    5.020403] scsi 2:0:1:0: Direct-Access     VBOX     HARDDISK         1.0  PQ: 0 ANSI: 5
[    5.025132] scsi target2:0:1: Beginning Domain Validation
[    5.031783] scsi target2:0:1: Domain Validation skipping write tests
[    5.034803] scsi target2:0:1: Ending Domain Validation
[    5.037165] scsi target2:0:1: asynchronous
[    5.053051] sd 2:0:0:0: Attached scsi generic sg0 type 0
[    5.055642] sd 2:0:0:0: [sda] 20971520 512-byte logical blocks: (10.7 GB/10.0 GiB)
[    5.059272] sd 2:0:0:0: [sda] Write Protect is off
[    5.060098] sd 2:0:1:0: [sdb] 20480 512-byte logical blocks: (10.5 MB/10.0 MiB)
[    5.060500] sd 2:0:1:0: [sdb] Write Protect is off
[    5.060706] sd 2:0:1:0: [sdb] Incomplete mode parameter data
[    5.060708] sd 2:0:1:0: [sdb] Assuming drive cache: write through
[    5.068985] sd 2:0:1:0: Attached scsi generic sg1 type 0
[    5.079399] sd 2:0:0:0: [sda] Incomplete mode parameter data
[    5.082306] sd 2:0:0:0: [sda] Assuming drive cache: write through
[    5.085166] sd 2:0:1:0: [sdb] Attached SCSI disk
[    5.098659]  sda: sda1
[    5.101866] sd 2:0:0:0: [sda] Attached SCSI disk
Begin: Loading essential drivers ... [    7.031067] md: linear personality registered for level -1
[    7.042514] md: multipath personality registered for level -4
[    7.053184] md: raid0 personality registered for level 0
[    7.068564] md: raid1 personality registered for level 1
[    7.152620] raid6: mmxx1    gen()  3006 MB/s
[    7.220921] raid6: mmxx2    gen()  2977 MB/s
[    7.288455] raid6: sse1x1   gen()  2500 MB/s
[    7.356612] raid6: sse1x2   gen()  2929 MB/s
[    7.424914] raid6: sse2x1   gen()  5324 MB/s
[    7.492409] raid6: sse2x1   xor()  3716 MB/s
[    7.560566] raid6: sse2x2   gen()  6336 MB/s
[    7.628910] raid6: sse2x2   xor()  4945 MB/s
[    7.696716] raid6: avx2x1   gen() 10230 MB/s
[    7.764548] raid6: avx2x2   gen() 11790 MB/s
[    7.766847] raid6: using algorithm avx2x2 gen() 11790 MB/s
[    7.769291] raid6: using avx2x1 recovery algorithm
[    7.775627] xor: automatically using best checksumming function:
[    7.816779]    avx       : 10216.000 MB/sec
[    7.824025] async_tx: api initialized (async)
[    7.860772] md: raid6 personality registered for level 6
[    7.863806] md: raid5 personality registered for level 5
[    7.865871] md: raid4 personality registered for level 4
[    7.884770] md: raid10 personality registered for level 10
done.
Begin: Running /scripts/init-premount ... done.
Begin: Mounting root file system ... Begin: Running /scripts/local-top ... done.
Begin: Running /scripts/local-premount ... [    7.972892] Btrfs loaded
Scanning for Btrfs filesystems
done.
Warning: fsck not present, so skipping root file system
[    8.009614] EXT4-fs (sda1): INFO: recovery required on readonly filesystem
[    8.012376] EXT4-fs (sda1): write access will be enabled during recovery
[    8.158567] EXT4-fs (sda1): orphan cleanup on readonly fs
[    8.161700] EXT4-fs (sda1): 2 orphan inodes deleted
[    8.163694] EXT4-fs (sda1): recovery complete
[    8.166526] EXT4-fs (sda1): mounted filesystem with ordered data mode. Opts: (null)
done.
Begin: Running /scripts/local-bottom ... done.
Begin: Running /scripts/init-bottom ... done.
[    8.311715] systemd[1]: systemd 229 running in system mode. (+PAM +AUDIT +SELINUX +IMA +APPARMOR +SMACK +SYSVINIT +UTMP +LIBCRYPTSETUP +GCRYPT +GNUTLS +ACL +XZ -LZ4 +SECCOMP +BLKID +ELFUTILS +KMOD -IDN)
[    8.318820] systemd[1]: Detected virtualization oracle.
[    8.321492] systemd[1]: Detected architecture x86.

Welcome to [1mUbuntu 16.04.6 LTS[0m!

[    8.327998] systemd[1]: Set hostname to <ubuntu-xenial>.
[    8.547782] systemd[1]: Listening on LVM2 poll daemon socket.
[[0;32m  OK  [0m] Listening on LVM2 poll daemon socket.
[    8.552273] systemd[1]: Listening on udev Kernel Socket.
[[0;32m  OK  [0m] Listening on udev Kernel Socket.
[    8.555875] systemd[1]: Reached target System Time Synchronized.
[[0;32m  OK  [0m] Reached target System Time Synchronized.
[    8.559827] systemd[1]: Listening on /dev/initctl Compatibility Named Pipe.
[[0;32m  OK  [0m] Listening on /dev/initctl Compatibility Named Pipe.
[    8.564826] systemd[1]: Created slice System Slice.
[[0;32m  OK  [0m] Created slice System Slice.
[    8.568761] systemd[1]: Set up automount Arbitrary Executable File Formats File System Automount Point.
[[0;32m  OK  [0m] Set up automount Arbitrary Executab...ats File System Automount Point.
[    8.574335] systemd[1]: Listening on Syslog Socket.
[[0;32m  OK  [0m] Listening on Syslog Socket.
[    8.578089] systemd[1]: Reached target User and Group Name Lookups.
[[0;32m  OK  [0m] Reached target User and Group Name Lookups.
[    8.582087] systemd[1]: Listening on Journal Socket.
[[0;32m  OK  [0m] Listening on Journal Socket.
[    8.596713] systemd[1]: Mounting Debug File System...
         Mounting Debug File System...
[    8.619509] systemd[1]: Starting Nameserver information manager...
         Starting Nameserver information manager...
[    8.629604] systemd[1]: Starting Uncomplicated firewall...
         Starting Uncomplicated firewall...
[    8.640743] systemd[1]: Starting Load Kernel Modules...
         Starting Load Kernel Modules...[    8.647718] random: nonblocking pool is initialized

[    8.654755] systemd[1]: Starting Remount Root and Kernel File Systems...
         Starting Remount Root and Kernel File Systems...
[    8.664890] systemd[1]: Mounting POSIX Message Queue File System...
         Mounting POSIX Message Queue File System...[    8.680204] Loading iSCSI transport class v2.0-870.
[    8.683968] EXT4-fs (sda1): re-mounted. Opts: (null)

[    8.687319] systemd[1]: Mounting Huge Pages File System...
         Mounting Huge Pages File System...
[    8.697020] systemd[1]: Starting Set console keymap...
         Starting Set console keymap...
[    8.714478] systemd[1]: Listening on Journal Audit Socket.
[[0;32m  OK  [0m] Listening on Journal Audit Socket.
[    8.737889] systemd[1]: Listening on Journal Socket (/dev/log).
[    8.744598] iscsi: registered transport (tcp)
[[0;32m  OK  [0m] Listening on Journal Socket (/dev/log).
[    8.753215] systemd[1]: Listening on Device-mapper event daemon FIFOs.
[[0;32m  OK  [0m] Listening on Device-mapper event daemon FIFOs.
[    8.759931] systemd[1]: Reached target Swap.
[[0;32m  OK  [0m] Reached target Swap.
[    8.764715] systemd[1]: Listening on udev Control Socket.
[[0;32m  OK  [0m] Listening on udev Control Socket.
[    8.769560] systemd[1]: Started Forward Password Requests to Wall Directory Watch.
[[0;32m  OK  [0m] Started Forward Password Requests to Wall Directory Watch.
[    8.775988] systemd[1]: Listening on LVM2 metadata daemon socket.
[[0;32m  OK  [0m] Listening on LVM2 metadata daemon socket.
[    8.800751] systemd[1]: Starting Monitoring of LVM2 mirrors, snapshots etc. using dmeventd or progress polling...
         Starting Monitoring of LVM2 mirrors... dmeventd or progress polling...
[    8.832600] systemd[1]: Started Trigger resolvconf update for networkd DNS.
[[0;32m  OK  [0m] Started Trigger resolvconf update for networkd DNS.
[    8.840976] systemd[1]: Starting Journal Service...
         Starting Journal Service...
[    8.864244] systemd[1]: Reached target Encrypted Volumes.
[[0;32m  OK  [0m] Reached target Encrypted Volumes.
[    8.879911] systemd[1]: Created slice system-serial\x2dgetty.slice.
[[0;32m  OK  [0m] Created slice system-serial\x2dgetty.slice.
[    8.897978] iscsi: registered transport (iser)
[    8.904835] systemd[1]: Starting Create list of required static device nodes for the current kernel...
         Starting Create list of required st... nodes for the current kernel...
[    8.921381] systemd[1]: Created slice User and Session Slice.
[[0;32m  OK  [0m] Created slice User and Session Slice.
[    8.931616] systemd[1]: Reached target Slices.
[[0;32m  OK  [0m] Reached target Slices.
[    8.951624] systemd[1]: Mounted Huge Pages File System.
[[0;32m  OK  [0m] Mounted Huge Pages File System.
[    8.976836] systemd[1]: Mounted POSIX Message Queue File System.
[[0;32m  OK  [0m] Mounted POSIX Message Queue File System.
[    8.989257] systemd[1]: Mounted Debug File System.
[[0;32m  OK  [0m] Mounted Debug File System.
[    8.995277] systemd[1]: Started Journal Service.
[[0;32m  OK  [0m] Started Journal Service.
[[0;32m  OK  [0m] Started Uncomplicated firewall.
[[0;32m  OK  [0m] Started Load Kernel Modules.
[[0;32m  OK  [0m] Started Remount Root and Kernel File Systems.
[[0;32m  OK  [0m] Started Set console keymap.
[[0;32m  OK  [0m] Started Create list of required sta...ce nodes for the current kernel.
[[0;32m  OK  [0m] Started Nameserver information manager.
[[0;32m  OK  [0m] Started LVM2 metadata daemon.
         Starting Create Static Device Nodes in /dev...
         Starting udev Coldplug all Devices...
         Starting Load/Save Random Seed...
         Mounting FUSE Control File System...
         Starting Apply Kernel Variables...
         Starting Flush Journal to Persistent Storage...
[[0;32m  OK  [0m] Mounted FUSE Control File System.
[[0;32m  OK  [0m] Started Create Static Device Nodes in /dev.
[[0;32m  OK  [0m] Started Load/Save Random Seed.
[[0;32m  OK  [0m] Started Apply Kernel Variables.
[[0;32m  OK  [0m] Started udev Coldplug all Devices.
[[0;32m  OK  [0m] Started Flush Journal to Persistent Storage.
         Starting udev Kernel Device Manager...
[[0;32m  OK  [0m] Started udev Kernel Device Manager.
[[0;32m  OK  [0m] Started Dispatch Password Requests to Console Directory Watch.
[[0;32m  OK  [0m] Started Monitoring of LVM2 mirrors,...ng dmeventd or progress polling.
[[0;32m  OK  [0m] Reached target Local File Systems (Pre).
[[0;32m  OK  [0m] Reached target Local File Systems.
         Starting Tell Plymouth To Write Out Runtime Data...
         Starting Set console font and keymap...
         Starting LSB: AppArmor initialization...
         Starting Create Volatile Files and Directories...
         Starting Initial cloud-init job (pre-networking)...
[[0;32m  OK  [0m] Started Tell Plymouth To Write Out Runtime Data.
[[0;32m  OK  [0m] Started Create Volatile Files and Directories.
         Starting Update UTMP about System Boot/Shutdown...
[[0;32m  OK  [0m] Started Update UTMP about System Boot/Shutdown.
[[0;32m  OK  [0m] Started LSB: AppArmor initialization.
[[0;32m  OK  [0m] Found device /dev/ttyS0.
[[0;32m  OK  [0m] Listening on Load/Save RF Kill Switch Status /dev/rfkill Watch.
[[0;32m  OK  [0m] Found device 82540EM Gigabit Ethern...r (PRO/1000 MT Desktop Adapter).
[[0;32m  OK  [0m] Started Set console font and keymap.
[[0;32m  OK  [0m] Created slice system-getty.slice.
[   12.094987] cloud-init[486]: Cloud-init v. 19.1-1-gbaa47854-0ubuntu1~16.04.1 running 'init-local' at Fri, 27 Sep 2019 15:21:02 +0000. Up 11.28 seconds.
[[0;32m  OK  [0m] Started Initial cloud-init job (pre-networking).
[[0;32m  OK  [0m] Reached target Network (Pre).
         Starting Raise network interfaces...
[[0;32m  OK  [0m] Started ifup for enp0s3.
[[0;32m  OK  [0m] Started Raise network interfaces.
[[0;32m  OK  [0m] Reached target Network.
         Starting Initial cloud-init job (metadata service crawler)...
[   14.393656] cloud-init[972]: Cloud-init v. 19.1-1-gbaa47854-0ubuntu1~16.04.1 running 'init' at Fri, 27 Sep 2019 15:21:04 +0000. Up 13.55 seconds.
[   14.399039] cloud-init[972]: ci-info: ++++++++++++++++++++++++++++++++++++++Net device info++++++++++++++++++++++++++++++++++++++
[   14.413149] cloud-init[972]: ci-info: +--------+------+----------------------------+---------------+--------+-------------------+
[   14.420806] cloud-init[972]: ci-info: | Device |  Up  |          Address           |      Mask     | Scope  |     Hw-Address    |
[   14.432387] cloud-init[972]: ci-info: +--------+------+----------------------------+---------------+--------+-------------------+
[   14.436862] cloud-init[972]: ci-info: | enp0s3 | True |         10.0.2.15          | 255.255.255.0 | global | 02:11:56:70:dd:80 |
[   14.443550] cloud-init[972]: ci-info: | enp0s3 | True | fe80::11:56ff:fe70:dd80/64 |       .       |  link  | 02:11:56:70:dd:80 |
[   14.465746] cloud-init[972]: ci-info: |   lo   | True |         127.0.0.1          |   255.0.0.0   |  host  |         .         |
[   14.510638] [[0;32m  OK  [0m] Started Initial cloud-init job (metadata service crawler).
cloud-init[972]: ci-info: |   lo   | True |          ::1/128           |       .       |  host  |         .         |[[0;32m  OK  [0m] Reached target Network is Online.

[   14.522143] cloud-init[972]: ci-info: +--------+------+----------------------------+---------------+--------+-------------------+
[   14.527081] cloud-init[972]: ci-info: +++++++++++++++++++++++++++Route IPv4 info++++++++++++++++++++++++++++
[   14.531338] cloud-init[972]: ci-info: +-------+-------------+----------+---------------+-----------+-------+
[   14.537217]          Starting iSCSI initiator daemon (iscsid)...
[[0;32m  OK  [0m] Reached target Cloud-config availability.
[[0;32m  OK  [0m] Reached target System Initialization.
[[0;32m  OK  [0m] Listening on D-Bus System Message Bus Socket.
cloud-init[972]: ci-info: | Route | Destination | Gateway  |    Genmask    | Interface | Flags |
[[0;32m  OK  [0m] Listening on ACPID Listen Socket.
[   14.570185]          Starting LXD - unix socket.
cloud-init[[0;32m  OK  [0m] Started Daily apt download activities.
[[0;32m  OK  [0m] Started Daily apt upgrade and clean activities.
         Starting Socket activation for snappy daemon.
[972]: ci-info: +-------+-------------+----------+---------------+-----------+-------+
[   14.588743] [[0;32m  OK  [0m] Started ACPI Events Check.
[[0;32m  OK  [0m] Reached target Paths.
[[0;32m  OK  [0m] Started Daily Cleanup of Temporary Directories.
[[0;32m  OK  [0m] Reached target Timers.
[[0;32m  OK  [0m] Listening on UUID daemon activation socket.
cloud-init[972]: ci-info: |   0   |   0.0.0.0   | 10.0.2.2 |    0.0.0.0    |   enp0s3  |   UG  |
[   14.606678] cloud-init[972]: ci-info: |   1   |   10.0.2.0  | 0.0.0.0  | 255.255.255.0 |   enp0s3  |   U   |
[   14.612805] cloud-init[972]: ci-info: +-------+-------------+----------+---------------+-----------+-------+
[   14.619240] [[0;32m  OK  [0m] Listening on LXD - unix socket.
[[0;32m  OK  [0m] Listening on Socket activation for snappy daemon.
cloud-init[972]: ci-info: +++++++++++++++++++Route IPv6 info+++++++++++++++++++
[   14.634336] cloud-init[972]: ci-info: +-------+-------------+---------+-----------+-------+
[[0;32m  OK  [0m] Started iSCSI initiator daemon (iscsid).
[   14.643913] cloud-init[972]: ci-info: | Route | Destination | Gateway | Interface | Flags |
[   14.679211]          Starting Login to default iSCSI targets...
[[0;32m  OK  [0m] Reached target Sockets.
[[0;32m  OK  [0m] Reached target Basic System.
         Starting /etc/rc.local Compatibility...
cloud-init[972]: ci-info: +-------+-------------+---------+-----------+-------+
[[0;32m  OK  [0m] Started Regular background program processing daemon.
[[0;32m  OK  [0m] Started Deferred execution scheduler.
         Starting Login Service...
         Starting Virtualbox guest utils...
[   14.702558] cloud-init[972]: ci-info: |   0   |  fe80::/64  |    ::   |   enp0s3  |   U   |
[[0;32m  OK  [0m] Started ACPI event daemon.
         Starting Accounts Service...
         Starting System Logging Service...
         Starting OpenBSD Secure Shell server...
         Starting LSB: Record successful boot for GRUB...
[   14.742291] cloud-init[972]: ci-info: |   3   |   ff00::/8  |    ::   |   enp0s3  |   U   |
[   14.769964]          Starting Snappy daemon...
[[0;32m  OK  [0m] Started D-Bus System Message Bus.
cloud-init[972]: ci-info: +-------+-------------+---------+-----------+-------+
[[0;32m  OK  [0m] Started FUSE filesystem for LXC.
         Starting LSB: MD monitoring daemon...
         Starting LXD - container startup/shutdown...
[[0;32m  OK  [0m] Started System Logging Service.
[[0;32m  OK  [0m] Started /etc/rc.local Compatibility.
[[0;32m  OK  [0m] Started OpenBSD Secure Shell server.
[[0;32m  OK  [0m] Started Login to default iSCSI targets.
[[0;32m  OK  [0m] Started LXD - container startup/shutdown.
[[0;32m  OK  [0m] Started Snappy daemon.
[[0;32m  OK  [0m] Started LSB: Record successful boot for GRUB.
[[0;32m  OK  [0m] Started LSB: MD monitoring daemon.
[[0;32m  OK  [0m] Started Virtualbox guest utils.
[[0;32m  OK  [0m] Started Login Service.
[[0;32m  OK  [0m] Started Unattended Upgrades Shutdown.
         Starting Authenticate and Authorize Users to Run Privileged Tasks...
         Starting Wait until snapd is fully seeded...
[[0;32m  OK  [0m] Reached target Remote File Systems (Pre).
[[0;32m  OK  [0m] Reached target Remote File Systems.
         Starting Permit User Sessions...
         Starting LSB: daemon to balance interrupts for SMP systems...
         Starting LSB: automatic crash report generation...
         Starting LSB: Set the CPU Frequency Scaling governor to "ondemand"...
[[0;32m  OK  [0m] Started Wait until snapd is fully seeded.
[[0;32m  OK  [0m] Started Permit User Sessions.
[[0;32m  OK  [0m] Started Authenticate and Authorize Users to Run Privileged Tasks.
[[0;32m  OK  [0m] Started Accounts Service.
[[0;32m  OK  [0m] Started LSB: daemon to balance interrupts for SMP systems.
         Starting Terminate Plymouth Boot Screen...
         Starting Hold until boot process finishes up...
         Starting Apply the settings specified in cloud-config...
[[0;32m  OK  [0m] Started LSB: automatic crash report generation.
[[0;32m  OK  [0m] Started Terminate Plymouth Boot Screen.
[[0;32m  OK  [0m] Started Hold until boot process finishes up.
[[0;32m  OK  [0m] Started LSB: Set the CPU Frequency Scaling governor to "ondemand".
[[0;32m  OK  [0m] Started Getty on tty1.
         Starting Set console scheme...
[[0;32m  OK  [0m] Started Serial Getty on ttyS0.
[[0;32m  OK  [0m] Reached target Login Prompts.
[[0;32m  OK  [0m] Reached target Multi-User System.
[[0;32m  OK  [0m] Reached target Graphical Interface.
         Starting Update UTMP about System Runlevel Changes...
[[0;32m  OK  [0m] Started Set console scheme.
[[0;32m  OK  [0m] Started Update UTMP about System Runlevel Changes.
[   17.686466] cloud-init[1221]: Cloud-init v. 19.1-1-gbaa47854-0ubuntu1~16.04.1 running 'modules:config' at Fri, 27 Sep 2019 15:21:08 +0000. Up 17.33 seconds.
[[0;32m  OK  [0m] Started Apply the settings specified in cloud-config.
         Starting Execute cloud user/final scripts...
[   19.159661] cloud-init[1253]: Cloud-init v. 19.1-1-gbaa47854-0ubuntu1~16.04.1 running 'modules:final' at Fri, 27 Sep 2019 15:21:09 +0000. Up 18.82 seconds.
[   19.169368] cloud-init[1253]: Cloud-init v. 19.1-1-gbaa47854-0ubuntu1~16.04.1 finished at Fri, 27 Sep 2019 15:21:09 +0000. Datasource DataSourceNoCloud [seed=/dev/sdb][dsmode=net].  Up 19.13 seconds
[[0;32m  OK  [0m] Started Execute cloud user/final scripts.
[[0;32m  OK  [0m] Reached target Cloud-init target.

Ubuntu 16.04.6 LTS ubuntu-xenial ttyS0

ubuntu-xenial login: 