[    0.000000] Initializing cgroup subsys cpuset
[    0.000000] Initializing cgroup subsys cpu
[    0.000000] Initializing cgroup subsys cpuacct
[    0.000000] Linux version 4.4.0-166-generic (buildd@lgw01-amd64-027) (gcc version 5.4.0 20160609 (Ubuntu 5.4.0-6ubuntu1~16.04.10) ) #195-Ubuntu SMP Tue Oct 1 09:36:25 UTC 2019 (Ubuntu 4.4.0-166.195-generic 4.4.194)
[    0.000000] KERNEL supported cpus:
[    0.000000]   Intel GenuineIntel
[    0.000000]   AMD AuthenticAMD
[    0.000000]   NSC Geode by NSC
[    0.000000]   Cyrix rixInstead
[    0.000000]   Centaur CentaurHauls
[    0.000000]   Transmeta GenuineTMx86
[    0.000000]   Transmeta TransmetaCPPU
[    0.000000]   UMC UMC UMC UMC
[    0.000000] x86/fpu: xstate_offset[2]:  576, xstate_sizes[2]:  256
[    0.000000] x86/fpu: Supporting XSAVE feature 0x01: 'x87 floating pont registers'
[    0.000000] x86/fpu: Supporting XSAVE feature 0x02: 'SSE registers'
[    0.000000] x86/fpu: Supporting XSAVE feature 0x04: 'AVX registers'
[    0.000000] x86/fpu: Enabled xstate features 0x7, context size is 832 bytes, using 'standard' format.
[    0.000000] e820: BIOS-provided physical RAM map:
[    0.000000] BIOS-e820: [mem 0x0000000000000000-0x000000000009fbff] usable
[    0.000000] BIOS-e820: [mem 0x000000000009fc00-0x000000000009fff] reserved
[    0.000000] BIOS-e820: [mem 0x00000000000f0000-0x00000000000fffff] reserved
[    0.000000] BIOS-e820: [mem 0x0000000000100000-0x000000003ffeffff] usable
[    0.000000] BIOS-e820: [mem 0x000000003f0000-0x000000003fffffff] ACPI data
[    0.000000] BIOS-e820: [mem 0x00000000fcc00000-0x00000000fec00fff] reserved
[    0000000] BIOS-e820: [mem 0x00000000fee00000-0x00000000fee00fff]reserved
[    0.000000] BIOS-e820: [mem 0x00000000fffc0000-0x00000000ffffffff] reserved
[    0.000000] NX (Execute Disable) protection: active
[    0.000000] SMBIOS 2.5 present.
[    0.000000] Hypervisor detected: KVM
[    0.000000] e820: last_pfn = 0x3fff0 max_arch_pfn = 0x1000000
[    0.000000] MTRR: Disabled
[    0.000000] x86/PAT: MTRRs disabled, skipping PAT initialization too.
[    0.000000] CPU MTRRs all blank - virtualized system.
[    0.000000] x86/PAT: Configuration [0-7]: WB  WT  UC- UC  WB  WT  UC- UC  
[    0.000000] found SMP MP-table at [mem 0x0009fff0-0x0009ffff] mapped at [c009fff0]
[    0.000000] Scanning 1 areas for low memory corruption
[    0.000000] RAMDISK: [mem 0x3630a000-0x3717cfff]
[    0.000000] ACPI: Early table checksum verification disabled
[    0.000000] ACPI: RSDP 0x00000000000E0000 000024 (v02 VBOX  )
[    0.000000] ACPI: XSDT 0x000000003FFF0030 00003C (v01 VBOX   VBOXXSDT 00000001 ASL  00000061)
[    0.000000] ACPI: FACP 0x000000003FFF00F0 0000F4 (v04 VBOX   VBOXFACP 00000001 ASL  00000061)
[    0.000000] ACPI: DSDT 0x000000003FFF0470 0021FF (v02 VBOX   VBOXBIOS 00000002 INTL 20100528)
[    0.000000] ACPI: FACS 0x000000003FFF0200 000040
[    0.000000] ACPI: FACS 0x000000003FFF0200 000040
[    0.000000] ACPI: APIC 0x000000003FFF0240 00005C (v02 VBOX   VBOXAPIC 00000001 ASL  00000061)
[    0.000000] ACPI: SSDT 0x000000003FFF02A0 0001CC (v01 VBOX   VBOXCPUT 00000002 INTL 20100528)
[    0.000000] 131MB HIGHMEM available.
[    0.000000] 891MB LOWMEM available.
[    0.000000]   mapped low ram: 0 - 37bfe000
[    0.000000]   low ram: 0 - 37bfe000
[    0.000000] kvm-clock: Using msrs 4b564d01 and 4b564d00
[    0.000000] kvm-clock: cpu 0, msr 0:37bfd001, primary cpu clock
[    0.000000] kvm-clock: using sched offset of 4176087691 cycles
[    0.000000] clocksource: kvm-clock: mask: 0xffffffffffffffff max_cycles: 0x1cd42e4dffb, max_idle_ns: 881590591483 ns
[    0.000000] Zone ranges:
[    0.000000]   DMA      [mem 0x0000000000001000-0x0000000000ffffff]
[    0.000000]   Normal   [mem 0x0000000001000000-0x0000000037bfdfff]
[    0.000000]   HighMem  [mem 0x0000000037bfe000-0x000000003ffeffff]
[    0.000000] Movable zone start for each node
[    0.000000] Early memory node ranges
[    0.000000]   node   0: [mem 0x0000000000001000-0x000000000009efff]
[    0.000000]   node   0: [mem 0x0000000000100000-0x000000003ffeffff]
[    0.000000] Initmem setup node 0 [mem 0x0000000000001000-0x000000003ffeffff]
[    0.000000] Using APIC driver default
[    0.000000] ACPI: PM-Timer IO Port: 0x4008
[    0.000000] IOAPIC[0]: apic_id 2, version 32, address 0xfec00000, GSI 0-23
[    0.000000] ACPI: INT_SRC_OVR (bus 0 bus_irq 0 global_irq 2 dfl dfl)
[    0.000000] ACPI: INT_SRC_OVR (bus 0 bus_irq 9 global_irq 9 low level)
[    0.000000] Using ACPI (MADT) for SP configuration inforation
[    0.000000] smpboot: Allowing 2 CPUs, 0 hotplug CPUs
[    0.000000] PM: Registered nosave memory: [mem 0x00000000-0x00000fff]
[    0.000000] PM: Registeed nosave memory: [mem 0x0009f000-0x0009ffff]
[    0.000000] PM: Registered nosave memory: [mem 0x000a0000-0x000effff]
[    0.00000] PM: Registered nove memory: [mem 0x000f0000-0x000fffff]
[    0.000000] e820: [mem 0x40000000-0xfebfffff] available for PCI devices
[    0.000000] Booting paravirtualized kernel on KVM
[    0.000000] clocksource: refined-jiffies: mask: 0xffffffff max_cycles: 0xffffffff, max_idle_ns: 7645519600211568 ns
[    0.000000] setup_percpu: NR_CPUS:8 nr_cpumask_bits:8 nr_cpu_ids:2 nr_node_ids:1
[    0.000000] PERCPU: Embedded 19 pages/cpu @f71b0000 s47372 r0 d30452 u77824
[    0.000000] Built 1 zonelists in Zone order, mobility grouping on.  Total pages: 259800
[    0.000000] Kernel command line: BOOT_IMAGE=/boot/vmlinuz-4.4.0-166-generic root=UUID=8dbb91e3-5f82-4688-8239-4b29c48a49bd ro console=tty1 console=ttyS0
[    0.000000] PID hash table entries: 4096 (order: 2, 16384 bytes)
[    0.000000] Dentry cache hash table entries: 131072 (order: 7, 524288 bytes)
[    0.000000] Inode-cache hash table entries: 65536 (order: 6, 262144 bytes)
[    0.000000] Initializing CPU#0
[    0.000000] Initializing HighMem for node 0 (00037bfe:0003fff0)
[    0.000000] Initializing Movable for node 0 (00000000:00000000)
[    0.000000] Memory: 1007908K/1048120K available (8131K kernel code, 794K rwdata, 3208K rodata, 940K init, 788K bss, 4021K reserved, 0K cma-reserved, 135112K highmem))
[    0.000000] virtual kernel memory layout:
[    0.000000]     fixmap  : 0xfff150 - 0xfffff000   ( 936 kB)
[    0.000000]     pkmap   : 0xffc00000 - 0xffe00000   (2048 kB)
[    0.000000]     vmalloc : 0xf83fe000 - 0xffbfe000   ( 120 MB)
[    0.000000]     lowmem  : 0xc0000000 - 0xf7bfe000   ( 891 MB)
[    0.000000]       .init : 0xc1bdd000 - 0xc1cc8000   ( 940 kB)
[    0.000000]      .data : 0xc17f1088 - 0xc1bdb980   (4010 kB)
[    0.000000]       .text : 0xc1000000 - 0xc17f1088   (8132 kB)
[    0.000000] Checking if this processor honours the WP bit even in supervisor mode...Ok.
[    0.000000] SLUB: HWalign=64, Order=0-3, MinObjects=0, CPUs=2, Nodes=1
[    0.000000] Hierarchical RCU implementation.
[    0.000000] 	Build-time adjustment of leaf fanout to 32.
[    0.000000] 	RCU restricting CPUs from NR_CPUS=8 to nr_cpu_ids=2.
[    0.000000] RCU: Adjusting geometry for rcu_fanout_leaf=32, nr_cpu_ids=2
[    0.000000] NR_IRQS:2304 nr_irqs:440 16
[    0.000000] Console: colour VGA+ 80x25
[    0.000000] console [tty1] enabled
[    0.000000] console [ttyS0] enabled
[    0.000000] allocated 1048576 bytes of page_ext
[    0.000000] tsc: Detected 2400.000 MHz processor
[    0.770333] Calibrating delay loop (skipped) preset value.. 4800.00 BogoMIPS (lpj=9600000)
[    0.773516] pid_max: default: 32768 minimum: 301
[    0.775179] ACPI: Core revision 20150930
[    0.778497] ACPI: 2 ACPI AML tables successfully acquired and loaded
[    0.780588] Security Framework initialized
[    0.781946] Yama: becoming mindful.
[    0.783308] AppArmor: AppArmor initialized
[    0.784702] Mount-cache hash table entries: 2048 (order: 1, 8192 bytes)
[    0.787596] Mountpoint-cache hash table entries: 2048 (order: 1, 8192 bytes)
[    0.794244] Initializing cgroup subsys io
[    0.795722] Initializing cgroup subsys memory
[    0.797134] Initializing cgroup subsys devices
[    0.798711] Initializing cgroup subsys freezer
[    0.800598] Initializing cgroup subsys net_cls
[    0.802066] Initializing cgroup subsys perf_event
[    0.803764] Initializing cgroup subsys net_prio
[    0.805249] Initializing cgroup subsys hugetlb
[    0.806782] Initializing cgroup subsys pids
[    0.810763] mce: CPU supports 0 MCE banks
[    0.812111] Last level iTLB entries: 4KB 64, 2MB 8, 4MB 8
[    0.813752] Last level dTLB entries: 4KB 64, 2MB 0, 4MB 0, 1GB 4
[    0.815706] Spectre V1 : Mitigation: usercopy/swapgs barriers and __user pointer sanitization
[    0.819343] Spectre V2 : Mitigation: Full generic retpoline
[    0.831210] Spectre V2 : Spectre v2 / SpectreRSB mitigation: Filling RSB on context switch
[    0.833903] Speculative Store Bypass: Vulnerable
[    0.836173] MDS: Vulnerable: Clear CPU buffers attempted, no microcode
[    0.842631] Freeing SMP alternatives memory: 36K
[    0.850564] ftrace: allocating 31583 entries in 62 pages
[    0.929149] smpboot: APIC(0) Converting physical 0 to logical package 0
[    0.931205] smpboot: Max logical packages: 1
[    0.932677] Enabling APIC mode:  Flat.  Using 1 I/O APICs
[    0.937114] ..TIMER: vector=0x30 apic1=0 pin1=2 apic2=-1 pin2=-1
[    1.047601] smpboot: CPU0: Intel(R) Core(TM) i5-6200U CPU @ 2.30GHz (family: 0x6, model: 0x4e, stepping: 0x3)
[    1.051526] Performance Events: unsupported p6 CPU model 78 no PMU driver, software events only.
[    1.064979] KVM setup paravirtual spinlock
[    1.067354] x86: Booting SMP configuration:
[    1.075332] .... node  #0, CPUs:      #1
[1266874885.533463] Initializing CPU#1
[    1.077926] kvm-clock: cpu 1, msr 0:37bfd041, secondary cpu clock
[    1.082399] mce: CPU supports 0 MCE banks
[    1.085732] x86: Booted up 1 node, 2 CPUs
[    1.088166] smpboot: Total of 2 processors activated (9600.00 BogoMIPS)
[    1.090860] devtmpfs: initialized
[    1.092253] evm: security.selinux
[    1.093424] evm: security.SMACK64
[    1.094597] evm: security.SMACK64EXEC
[    1.095852] evm: security.SMACK64TRANSMUTE
[    1.097247] evm: security.SMACK64MMAP
[    1.098533] evm: security.ima
[    1.099763] evm: security.capability
[    1.102932] clocksource: jiffies: mask: 0xffffffff max_cycles: 0xffffffff, max_idle_ns: 7645041785100000 ns
[    1.106731] futex hash table entries: 512 (order: 3, 32768 bytes)
[    1.109358] pinctrl core: initialized pinctrl subsystem
[    1.111459] RTC time:  2:26:39, date: 11/02/19
[    1.113604] NET: Registered protocol family 16
[    1.116802] EISA bus registered
[    1.127852] cpuidle: using governor ladder
[    1.139576] cpuidle: using governor menu
[    1.140980] PCCT header not found.
[    1.142375] ACPI: bus type PCI registered
[    1.143751] acpiphp: ACPI Hot Plug PCI Controller Driver version: 0.5
[    1.145940] PCI : PCI BIOS area is rw and x. Use pci=nobios if you want it NX.
[    1.148389] PCI: PCI BIOS revision 2.10 entry at 0xfda26, last bus=0
[    1.150517] PCI: Using configuration type 1 for base access
[    1.169350] ACPI: Added _OSI(Module Device)
[    1.171274] ACPI: Added _OSI(Processor Device)
[    1.172784] ACPI: Added _OSI(3.0 _SCP Extensions)
[    1.174320] ACPI: Added _OSI(Processor Aggregator Device)
[    1.177734] ACPI: Executed 1 blocks of module-level executable AML code
[    1.182594] ACPI: Interpreter enabled
[    1.184068] ACPI: (supports S0 S5)
[    1.190548] ACPI: Using IOAPIC for interrupt routing
[    1.192492] PCI: Using host bridge windows from ACPI; if necessary, use "pci=nocrs" and report a bug
[    1.215990] ACPI: PCI Root Bridge [PCI0] (domain 0000 [bus 00-ff])
[    1.218351] acpi PNP0A03:00: _OSC: OS supports [ASPM ClockPM Segments MSI]
[    1.220393] acpi PNP0A03:00: _OSC: not requesting OS control; OS requires [ExtendedConfig ASPM ClockPM MSI]
[    1.223521] acpi PNP0A03:00: fail to add MMCONFIG information, can't access extended PCI configuration space under this bridge.
[    1.227386] PCI host bridge to bus 0000:00
[    1.228740] pci_bus 0000:00: root bus resource [io  0x0000-0x0cf7 window]
[    1.230775] pci_bus 0000:00: root bus resource [io  0x0d00-0xffff window]
[    1.232872] pci_bus 0000:00: root bus resource [mem 0x000a0000-0x000bffff window]
[    1.235377] pci_bus 0000:00: root bus resource [mem 0x40000000-0xfdffffff window]
[    1.240782] pci_bus 0000:00: root bus resource [bus 00-ff]
[    1.245052] pci 0000:00:01.1: legacy IDE quirk: reg 0x10: [io  0x01f0-0x01f7]
[    1.250710] pci 0000:00:01.1: legacy IDE quirk: reg 0x14: [io  0x03f6]
[    1.253576] pci 0000:00:01.1: legacy IDE quirk: reg 0x18: [io  0x0170-0x0177]
[    1.255725] pci 0000:00:01.1: legacy IDE quirk: reg 0x1c: [io  0x0376]
[    1.277850] pci 0000:00:07.0: quirk: [io  0x4000-0x403f] claimed by PIIX4 ACPI
[    1.280317] pci 0000:00:07.0: quirk: [io  0x4100-0x410f] claimed by PIIX4 SMB
[    1.290161] ACPI: PCI Interrupt Link [LNKA] (IRQs 5 9 10 *11)
[    1.292764] ACPI: PCI Interrupt Link [LNKB] (IRQs 5 9 *10 11)
[    1.295116] ACPI: PCI Interrupt Link [LNKC] (IRQs 5 *9 10 11)
[    1.297569] ACPI: PCI Interrupt Link [LNKD] (IRQs 5 9 10 *11)
[    1.300056] ACPI: Enabled 2 GPEs in block 00 to 07
[    1.304106] vgaarb: setting as boot device: PCI:0000:00:02.0
[    1.305886] vgaarb: device added: PCI:0000:00:02.0,decodes=io+mem,owns=io+mem,locks=none
[    1.314926] vgaarb: loaded
[    1.315943] vgaarb: bridge control possible 0000:00:02.0
[    1.318028] SCSI subsystem initialized
[    1.319790] ACPI: bus type USB registered
[    1.325530] usbcore: registered new interface driver usbfs
[    1.327235] usbcore: registered new interface driver hub
[    1.336403] usbcore: registered new device driver usb
[    1.340704] PCI: Using ACPI for IRQ routing
[    1.342503] NetLabel: Initializing
[    1.343748] NetLabel:  domain hash size = 128
[    1.345195] NetLabel:  protocols = UNLABELED CIPSOv4
[    1.346806] NetLabel:  unlabeled traffic allowed by default
[    1.349162] amd_nb: Cannot enumerate AMD northbridges
[    1.351530] clocksource: Switched to clocksource kvm-clock
[    1.364996] AppArmor: AppArmor Filesystem Enabled
[    1.366557] pnp: PnP ACPI init
[    1.369147] pn PnP ACPI: found 3 devices
[    1.429675] PnPBIOS: Disabled by ACPI PNP

[    1.475891] clocksource: acpi_pm: mask: 0xffffffmax_cycles: 0xffffff, max_idle_ns: 2085701024 ns
[    1.508152] NET: Registered protocol family 2

[    1.509785] TCP established hash table entries: 8192 (order: 3, 32768 bytes)
[    1.511958] TCP bind hash table entries: 8192 (order: 4, 65536 bytes)
[    1.513857] TCP: Hash tables configured (established 8192 bind 8192)
[    1.515909] UDP hash table entries: 512 (ordr: 2, 16384 bytes)
[    1.549613] UDP-Lite hash table entries: 512 (order: 2, 16384 bytes)
[    1.551916] NET: Registered protocol family 1
[    1.553624] pci 0000:00:00.0: Limiting direct PCI/PCI transfers
[    1.555495] pci 0000:00:01.0: Activating ISA DMA hang workarounds
[    1.557603] Unpacking initramfs...

[    1.916311] Freeing initrd memory: 14796K
[    1.917924] clocksource: tsc: mask: 0xffffffffffffffff max_cycles: 0x22983777dd9, max_idle_ns: 440795300422 ns
[    1.922258] platform rtc_cmos: registered platform RTC device (no PNP device found)
[    1.924893] Scanning for low memory corruption every 60 seconds
[    1.927206] audit: initializing netlink subsys (disabled)
[    1.930548] audit: type=2000 audit(1572661604.918:1): initialized
[    1.932688] Initialise system trusted keyring
[    1.934789] HugeTLB registered 2 MB page size, pre-allocated 0 pages
[    1.947597] zbud: loaded
[    1.949093] VFS: Disk quotas dquot_6.6.0
[    1.950492] VFS: Dquot-cache hash table entries: 1024 (order 0, 4096 bytes)
[    1.954888] squashfs: version 4.0 (2009/01/31) Phillip Lougher
[    1.957153] fuse init (API version 7.23)
[    1.962222] Key type big_key registered
[    1.963786] Allocating IMA MOK and blacklist keyrings.
[    1.967692] Key type asymmetric registered
[    1.975439] Asymmetric key parser 'x509' registered
[    1.977040] bounce: pool size: 64 pages
[    1.978415] Block layer SCSI generic (bsg) driver version 0.4 loaded (major 249)
[    1.981066] io scheduler noop registered
[    1.982389] io scheduler deadline registered (default)
[    1.984247] io scheduler cfq registered
[    1.986011] pci_hotplug: PCI Hot Plug PCI Core version: 0.5
[    1.989567] pciehp: PCI Express Hot Plug Controller Driver version: 0.4
[    1.991744] ACPI: AC Adapter [AC] (on-line)
[    1.993219] input: Power Button as /devices/LNXSYSTM:00/LNXPWRBN:00/input/input0
[    1.995822] ACPI: Power Button [PWRF]
[    1.997185] input: Sleep Button as /devices/LNXSYSTM:00/LNXSLPBN:00/input/input1
[    1.999774] ACPI: Sleep Button [SLPF]
[    2.001343] GHES: HEST is not enabled!
[    2.003729] isapnp: Scanning for PnP cards...
[    2.004687] ACPI: Battery Slot [BAT0] (battery present)
[    2.004889] Serial: 8250/16550 driver, 32 ports, IRQ sharing enabled
[    2.029033] 00:02: ttyS0 at I/O 0x3f8 (irq = 4, base_baud = 115200) is a 16550A
[    2.038674] Linux agpgart interface v0.103
[    2.049115] loop: module loaded
[    2.049800] scsi host0: ata_piix
[    2.049861] scsi host1: ata_piix
[    2.049896] ata1: PATA max UDMA/33 cmd 0x1f0 ctl 0x3f6 bmdma 0xd000 irq 14
[    2.049897] ata2: PATA max UDMA/33 cmd 0x170 ctl 0x376 bmdma 0xd008 irq 15
[    2.049988] libphy: Fixed MDIO Bus: probed
[    2.049992] tun: Universal TUN/TAP device driver, 1.6
[    2.049992] tun: (C) 1999-2004 Max Krasnyansky <maxk@qualcomm.com>
[    2.050499] PPP generic driver version 2.4.2
[    2.050623] ehci_hcd: USB 2.0 'Enhanced' Host Controller (EHCI) Driver
[    2.050630] ehci-pci: EHCI PCI platform driver
[    2.050664] ehci-platform: EHCI generic platform driver
[    2.050679] ohci_hcd: USB 1.1 'Open' Host Controller (OHCI) Driver
[    2.050688] ohci-pci: OHCI PCI platform driver
[    2.050703] ohci-platform: OHCI generic platform driver
[    2.050714] uhci_hcd: USB Universal Host Controller Interface driver
[    2.050799] i8042: PNP: PS/2 Controller [PNP0303:PS2K,PNP0f03:PS2M] at 0x60,0x64 irq 1,12
[    2.051549] serio: i8042 KBD port at 0x60,0x64 irq 1
[    2.051558] serio: i8042 AUX port at 0x60,0x64 irq 12
[    2.051706] mousedev: PS/2 mouse device common for all mice
[    2.052209] input: AT Translated Set 2 keyboard as /devices/platform/i8042/serio0/input/input2
[    2.052641] rtc_cmos rtc_cmos: rtc core: registered rtc_cmos as rtc0
[    2.052716] rtc_cmos rtc_cmos: alarms up to one day, 114 bytes nvram
[    2.052723] i2c /dev entries driver
[    2.052782] device-mapper: uevent: version 1.0.3
[    2.052838] device-mapper: ioctl: 4.34.0-ioctl (2015-10-28) initialised: dm-devel@redhat.com
[    2.052870] platform eisa.0: Probing EISA bus 0
[    2.052872] platform eisa.0: EISA: Cannot allocate resource for mainboard
[    2.052874] platform eisa.0: Cannot allocate resource for EISA slot 1
[    2.052875] platform eisa.0: Cannot allocate resource for EISA slot 2
[    2.052876] platform eisa.0: Cannot allocate resource for EISA slot 3
[    2.052877] platform eisa.0: Cannot allocate resource for EISA slot 4
[    2.052879] platform eisa.0: Cannot allocate resource for EISA slot 5
[    2.052880] platform eisa.0: Cannot allocate resource for EISA slot 6
[    2.052881] platform eisa.0: Cannot allocate resource for EISA slot 7
[    2.052882] platform eisa.0: Cannot allocate resource for EISA slot 8
[    2.052884] platform eisa.0: EISA: Detected 0 cards
[    2.052898] cpufreq-nforce2: No nForce2 chipset.
[    2.052907] ledtrig-cpu: registered to indicate activity on CPUs
[    2.053252] NET: Registered protocol family 10
[    2.053520] NET: Registered protocol family 17
[    2.053530] Key type dns_resolver registered
[    2.053696] Using IPI No-Shortcut mode
[    2.053818] registered taskstats version 1
[    2.053837] Loading compiled-in X.509 certificates
[    2.056312] Loaded X.509 cert 'Build time autogenerated kernel key: ff2581549e7ce7e6616cef99f70b135c5c856bdc'
[    2.056335] zswap: loaded using pool lzo/zbud
[    2.059643] Key type trusted registered
[    2.064291] Key type encrypted registered
[    2.064298] AppArmor: AppArmor sha1 policy hashing enabled
[    2.064311] ima: No TPM chip found, activating TPM-bypass!
[    2.064315] ima: Allocated hash algorithm: sha1
[    2.064329] evm: HMAC attrs: 0x1
[    2.064645]   Magic number: 11:762:408
[    2.066923] rtc_cmos rtc_cmos: setting system clock to 2019-11-02 02:26:40 UTC (1572661600)
[    2.067042] BIOS EDD facility v0.16 2004-Jun-25, 0 devices found
[    2.067042] EDD information not available.
[    2.562613] isapnp: No Plug & Play device found
[    2.564461] Freeing unused kernel memory: 940K
[    2.566067] Write protecting the kernel text: 8136k
[    2.567839] Write protecting the kernel read-only data: 3212k
[    2.570498] NX-protecting the kernel data: 6200k
Loading, please wait...
starting version[    2.589037] random: systemd-udevd: uninitialized urandom read (16 bytes read, 0 bits of entropy available)
 229
[    2.590282] random: udevadm: uninitialized urandom read (16 bytes read, 0 bits of entropy available)
[    2.608212] random: udevadm: uninitialized urandom read (16 bytes read, 0 bits of entropy available)
[    2.608278] random: udevadm: uninitialized urandom read (16 bytes read, 0 bits of entropy available)
[    2.608465] random: udevadm: uninitialized urandom read (16 bytes read, 0 bits of entropy available)
[    2.608712] random: udevadm: uninitialized urandom read (16 bytes read, 0 bits of entropy available)
[    2.608803] random: udevadm: uninitialized urandom read (16 bytes read, 0 bits of entropy available)
[    2.608884] random: udevadm: uninitialized urandom read (16 bytes read, 0 bits of entropy available)
[    2.608956] random: udevadm: uninitialized urandom read (16 bytes read, 0 bits of entropy available)
[    2.609029] random: udevadm: uninitialized urandom read (16 bytes read, 0 bits of entropy available)
[    2.744864] e1000: Intel(R) PRO/1000 Network Driver - version 7.3.21-k8-NAPI
[    2.747867] e1000: Copyright (c) 1999-2006 Intel Corporation.
[    2.769103] Fusion MPT base driver 3.04.20
[    2.778085] Copyright (c) 1999-2008 LSI Corporation
[    2.828030] Fusion MPT SPI Host driver 3.04.20
[    2.994147] input: ImExPS/2 Generic Explorer Mouse as /devices/platform/i8042/serio1/input/input4
[    3.227385] e1000 0000:00:03.0 eth0: (PCI:33MHz:32-bit) 02:11:56:70:dd:80
[    3.230063] e1000 0000:00:03.0 eth0: Intel(R) PRO/1000 Network Connection
[    3.233171] e1000 0000:00:03.0 enp0s3: renamed from eth0
[    3.236463] mptbase: ioc0: Initiating bringup
[    3.810019] ioc0: LSI53C1030 A0: Capabilities={Initiator}
[    4.069539] scsi host2: ioc0: LSI53C1030 A0, FwRev=00000000h, Ports=1, MaxQ=256, IRQ=20
[    4.188762] scsi 2:0:0:0: Direct-Access     VBOX     HARDDISK         1.0  PQ: 0 ANSI: 5
[    4.191559] scsi target2:0:0: Beginning Domain Validation
[    4.194481] scsi target2:0:0: Domain Validation skipping write tests
[    4.196486] scsi target2:0:0: Ending Domain Validation
[    4.198179] scsi target2:0:0: asynchronous
[    4.200185] scsi 2:0:1:0: Direct-Access     VBOX     HARDDISK         1.0  PQ: 0 ANSI: 5
[    4.202825] scsi target2:0:1: Beginning Domain Validation
[    4.207217] scsi target2:0:1: Domain Validation skipping write tests
[    4.209252] scsi target2:0:1: Ending Domain Validation
[    4.210985] scsi target2:0:1: asynchronous
[    4.220920] sd 2:0:0:0: Attached scsi generic sg0 type 0
[    4.223361] sd 2:0:0:0: [sda] 20971520 512-byte logical blocks: (10.7 GB/10.0 GiB)
[    4.226386] sd 2:0:1:0: Attached scsi generic sg1 type 0
[    4.228465] sd 2:0:0:0: [sda] Write Protect is off
[    4.228488] sd 2:0:1:0: [sdb] 20480 512-byte logical blocks: (10.5 MB/10.0 MiB)
[    4.232736] sd 2:0:1:0: [sdb] Write Protect is off
[    4.232800] sd 2:0:0:0: [sda] Incomplete mode parameter data
[    4.232802] sd 2:0:0:0: [sda] Assuming drive cache: write through
[    4.240387] sd 2:0:1:0: [sdb] Incomplete mode parameter data
[    4.245273] sd 2:0:1:0: [sdb] Assuming drive cache: write through
[    4.246602]  sda: sda1
[    4.247648] sd 2:0:0:0: [sda] Attached SCSI disk
[    4.260555] sd 2:0:1:0: [sdb] Attached SCSI disk
Begin: Loading essential drivers ... [    6.111031] md: linear personality registered for level -1
[    6.127764] md: multipath personality registered for level -4
[    6.141957] md: raid0 personality registered for level 0
[    6.155040] md: raid1 personality registered for level 1
[    6.248063] raid6: mmxx1    gen()  3147 MB/s
[    6.316150] raid6: mmxx2    gen()  3121 MB/s
[    6.383613] raid6: sse1x1   gen()  2826 MB/s
[    6.451571] raid6: sse1x2   gen()  3381 MB/s
[    6.519898] raid6: sse2x1   gen()  7390 MB/s
[    6.587681] raid6: sse2x1   xor()  4197 MB/s
[    6.660962] raid6: sse2x2   gen()  4638 MB/s
[    6.745803] raid6: sse2x2   xor()  2647 MB/s
[    6.815690] raid6: avx2x1   gen()  6382 MB/s
[    6.883657] raid6: avx2x2   gen()  6808 MB/s
[    6.894500] raid6: using algorithm sse2x1 gen() 7390 MB/s
[    6.901944] raid6: .... xor() 4197 MB/s, rmw enabled
[    6.912046] raid6: using avx2x1 recovery algorithm
[    6.921309] xor: automatically using best checksumming function:
[    6.968308]    avx       : 13468.000 MB/sec
[    6.975807] async_tx: api initialized (async)
[    7.100147] md: raid6 personality registered for level 6
[    7.111613] md: raid5 personality registered for level 5
[    7.113813] md: raid4 personality registered for level 4
[    7.193904] md: raid10 personality registered for level 10
done.
Begin: Running /scripts/init-premount ... done.
Begin: Mounting root file system ... Begin: Running /scripts/local-top ... done.
Begin: Running /scripts/local-premount ... [    7.308068] Btrfs loaded
Scanning for Btrfs filesystems
done.
Warning: fsck not present, so skipping root file system
[    7.372592] EXT4-fs (sda1): INFO: recovery required on readonly filesystem
[    7.376381] EXT4-fs (sda1): write access will be enabled during recovery
[    7.516790] EXT4-fs (sda1): recovery complete
[    7.520700] EXT4-fs (sda1): mounted filesystem with ordered data mode. Opts: (null)
done.
Begin: Running /scripts/local-bottom ... done.
Begin: Running /scripts/init-bottom ... done.
[    7.718942] systemd[1]: systemd 229 running in system mode. (+PAM +AUDIT +SELINUX +IMA +APPARMOR +SMACK +SYSVINIT +UTMP +LIBCRYPTSETUP +GCRYPT +GNUTLS +ACL +XZ -LZ4 +SECCOMP +BLKID +ELFUTILS +KMOD -IDN)
[    7.736437] systemd[1]: Detected virtualization oracle.
[    7.738825] systemd[1]: Detected architecture x86.

Welcome to [1mUbuntu 16.04.6 LTS[0m!

[    7.760325] systemd[1]: Set hostname to <ubuntu-xenial>.
[    8.005742] systemd[1]: Created slice User and Session Slice.
[[0;32m  OK  [0m] Created slice User and Session Slice.
[    8.019412] systemd[1]: Listening on LVM2 poll daemon socket.
[[0;32m  OK  [0m] Listening on LVM2 poll daemon socket.
[    8.026117] systemd[1]: Listening on udev Kernel Socket.
[[0;32m  OK  [0m] Listening on udev Kernel Socket.
[    8.032974] systemd[1]: Listening on Device-mapper event daemon FIFOs.
[[0;32m  OK  [0m] Listening on Device-mapper event daemon FIFOs.
[    8.039165] systemd[1]: Reached target System Time Synchronized.
[[0;32m  OK  [0m] Reached target System Time Synchronized.
[    8.048891] systemd[1]: Started Forward Password Requests to Wall Directory Watch.
[[0;32m  OK  [0m] Started Forward Password Requests to Wall Directory Watch.
[    8.056507] systemd[1]: Listening on LVM2 metadata daemon socket.
[[0;32m  OK  [0m] Listening on LVM2 metadata daemon socket.
[    8.066051] systemd[1]: Set up automount Arbitrary Executable File Formats File System Automount Point.
[[0;32m  OK  [0m] Set up automount Arbitrary Executab...ats File System Automount Point.
[    8.081074] systemd[1]: Listening on Journal Audit Socket.
[[0;32m  OK  [0m] Listening on Journal Audit Socket.
[    8.091870] systemd[1]: Started Trigger resolvconf update for networkd DNS.
[[0;32m  OK  [0m] Started Trigger resolvconf update for networkd DNS.
[    8.103596] systemd[1]: Reached target User and Group Name Lookups.
[[0;32m  OK  [0m] Reached target User and Group Name Lookups.
[    8.109363] systemd[1]: Listening on Syslog Socket.
[[0;32m  OK  [0m] Listening on Syslog Socket.
[    8.120839] systemd[1]: Created slice System Slice.
[[0;32m  OK  [0m] Created slice System Slice.
[    8.129030] systemd[1]: Reached target Slices.
[[0;32m  OK  [0m] Reached target Slices.
[    8.133653] systemd[1]: Created slice system-serial\x2dgetty.slice.
[[0;32m  OK  [0m] Created slice system-serial\x2dgetty.slice.
[    8.139420] systemd[1]: Listening on Journal Socket.
[[0;32m  OK  [0m] Listening on Journal Socket.
[    8.155822] systemd[1]: Starting Set console keymap...
         Starting Set console keymap...
[    8.181759] systemd[1]: Mounting POSIX Message Queue File System...
         Mounting POSIX Message Queue File System...
[    8.190808] systemd[1]: Starting Remount Root and Kernel File Systems...
         Starting Remount Root and Kernel File Systems...
[    8.205970] systemd[1]: Mounting Debug File System...
[    8.208638] EXT4-fs (sda1): re-mounted. Opts: (null)
         Mounting Debug File System...
[    8.316289] systemd[1]: Starting Load Kernel Modules...
[    8.326918] random: nonblocki pool is initialized

         Starting Load Kernel Modules...
[    8.431862] systemd[1]: Starting Uncomplicated firewall...
[    8.451870] Loading iSCSI transport class v2.0-870.
         Starting Uncomplicated firewall...
[    8.542740] iscsi: registered transport (tcp)
[    8.548291] systemd[1]: Starting Nameserver information manager...
         Starting Nameserver information manager...
[    8.573449] systemd[1]: Starting Monitoring of LVM2 mirrors, snapshots etc. using dmeventd or progress polling...
         Starting Monitoring of LVM2 mirrors... dmeventd or progress polling...
[    8.667084] systemd[1]: Starting Create list of required static device nodes for the current kernel...
         Starting Create list of required st... nodes for the current kernel...
[    8.749994] systemd[1]: Listening on Journal Socket (/dev/log).
[[0;32m  OK  [0m] Listening on Journal Socket (/dev/log).
[    8.776913] systemd[1]: Reached target Encrypted Volumes.
[[0;32m  OK  [0m] Reached target Encrypted Volumes.
[    8.801014] systemd[1]: Listening on udev Control Socket.
[[0;32m  OK  [0m] Listening on[    8.820743] iscsi: registered transport (iser)
 udev Control Socket.
[    8.880369] systemd[1]: Mounting Huge Pages File System...
         Mounting Huge Pages File System...
[    8.916316] systemd[1]: Listening on /dev/initctl Compatibility Named Pipe.
[[0;32m  OK  [0m] Listening on /dev/initctl Compatibility Named Pipe.
[    8.967909] systemd[1]: Starting Journal Service...
         Starting Journal Service...
[    8.990143] systemd[1]: Reached target Swap.
[[0;32m  OK  [0m] Reached target Swap.
[    9.012809] systemd[1]: Mounted Huge Pages File System.
[[0;32m  OK  [0m] Mounted Huge Pages File System.
[    9.024213] systemd[1]: Mounted POSIX Message Queue File System.
[[0;32m  OK  [0m] Mounted POSIX Message Queue File System.
[    9.085063] systemd[1]: Mounted Debug File System.
[[0;32m  OK  [0m] Mounted Debug File System.
[    9.094138] systemd[1]: Started Journal Service.
[[0;32m  OK  [0m] Started Journal Service.
[[0;32m  OK  [0m] Started Set console keymap.
[[0;32m  OK  [0m] Started Remount Root and Kernel File Systems.
[[0;32m  OK  [0m] Started Load Kernel Modules.
[[0;32m  OK  [0m] Started Uncomplicated firewall.
[[0;32m  OK  [0m] Started Create list of required sta...ce nodes for the current kernel.
[[0;32m  OK  [0m] Started Nameserver information manager.
[[0;32m  OK  [0m] Started LVM2 metadata daemon.
         Starting Create Static Device Nodes in /dev...
         Starting Apply Kernel Variables...
         Mounting FUSE Control File System...
         Starting Load/Save Random Seed...
         Starting udev Coldplug all Devices...
         Starting Flush Journal to Persistent Storage...
[[0;32m  OK  [0m] Mounted FUSE Control File System.
[[0;32m  OK  [0m] Started Create Static Device Nodes in /dev.
[[0;32m  OK  [0m] Started Apply Kernel Variables.
[[0;32m  OK  [0m] Started Load/Save Random Seed.
[[0;32m  OK  [0m] Started udev Coldplug all Devices.
[[0;32m  OK  [0m] Started Flush Journal to Persistent Storage.
         Starting udev Kernel Device Manager...
[[0;32m  OK  [0m] Started Monitoring of LVM2 mirrors,...ng dmeventd or progress polling.
[[0;32m  OK  [0m] Reached target Local File Systems (Pre).
[[0;32m  OK  [0m] Reached target Local File Systems.
         Starting Initial cloud-init job (pre-networking)...
         Starting Tell Plymouth To Write Out Runtime Data...
         Starting Set console font and keymap...
         Starting Create Volatile Files and Directories...
         Starting LSB: AppArmor initialization...
[[0;32m  OK  [0m] Started udev Kernel Device Manager.
[[0;32m  OK  [0m] Started Tell Plymouth To Write Out Runtime Data.
[[0;32m  OK  [0m] Started Create Volatile Files and Directories.
         Starting Update UTMP about System Boot/Shutdown...
[[0;32m  OK  [0m] Started Dispatch Password Requests to Console Directory Watch.
[[0;32m  OK  [0m] Started Update UTMP about System Boot/Shutdown.
[[0;32m  OK  [0m] Started LSB: AppArmor initialization.
[[0;32m  OK  [0m] Found device /dev/ttyS0.
[[0;32m  OK  [0m] Listening on Load/Save RF Kill Switch Status /dev/rfkill Watch.
[[0;32m  OK  [0m] Started Set console font and keymap.
[[0;32m  OK  [0m] Created slice system-getty.slice.
[   12.765652] cloud-init[468]: Cloud-init v. 19.1-1-gbaa47854-0ubuntu1~16.04.1 running 'init-local' at Sat, 02 Nov 2019 02:26:51 +0000. Up 11.75 seconds.
[[0;32m  OK  [0m] Started Initial cloud-init job (pre-networking).
[[0;32m  OK  [0m] Reached target Network (Pre).
[[0;32m  OK  [0m] Started ifup for enp0s3.
         Starting Raise network interfaces...
[[0;32m  OK  [0m] Started Raise network interfaces.
         Starting Initial cloud-init job (metadata service crawler)...
[[0;32m  OK  [0m] Reached target Network.
[   16.721125] cloud-init[973]: Cloud-init v. 19.1-1-gbaa47854-0ubuntu1~16.04.1 running 'init' at Sat, 02 Nov 2019 02:26:54 +0000. Up 15.40 seconds.
[   16.781396] cloud-init[973]: ci-info: ++++++++++++++++++++++++++++++++++++++Net device info++++++++++++++++++++++++++++++++++++++
[   16.845275] cloud-init[973]: ci-info: +--------+------+----------------------------+---------------+--------+-------------------+
[   16.884638] cloud-init[973]: [[0;32m  OK  [0m] Started Initial cloud-init job (metadata service crawler).
ci-info: | Device |  Up  |          Address           |      Mask     | Scope  |     Hw-Address    |
[   16.908406] cloud-init[973]: ci-info: +--------+------+----------------------------+---------------+--------+-------------------+[[0;32m  OK  [0m] Reached target System Initialization.

         Starting LXD - unix socket.[   16.921883] cloud-init[973]: ci-info: | enp0s3 | True |         10.0.2.15          | 255.255.255.0 | global | 02:11:56:70:dd:80 |
[[0;32m  OK  [0m] Listening on D-Bus System Message Bus Socket.
         Starting Socket activation for snappy daemon.
[[0;32m  OK  [0m] Listening on ACPID Listen Socket.
[[0;32m  OK  [0m] Started Daily Cleanup of Temporary Directories.

[   16.951078] [[0;32m  OK  [0m] Started Daily apt download activities.
[[0;32m  OK  [0mcloud-init[973]: ci-info: | enp0s3 | True | fe80::11:56ff:fe70:dd80/64 |       .       |  link  | 02:11:56:70:dd:80 |] Started Daily apt upgrade and clean activities.
[[0;32m  OK  [0m] Reached target Timers.
[
[   16.968921] cloud-init[973]: ci-info: |   lo   | True |         127.0.0.1          |   255.0.0.0   |  host  |         .         |[0;32m  OK  [0m] Listening on UUID daemon activation socket.

[[0;32m  OK  [0m] Started ACPI Events Check.[   16.991584] cloud-init[973]: ci-info: |   lo   | True |          ::1/128           |       .       |  host  |         .         |
[   16.999507] cloud-init[973]: ci-info: +--------+------+----------------------------+---------------+--------+-------------------+
[   16.999623] cloud-init[973]: ci-info: +++++++++++++++++++++++++++Route IPv4 info++++++++++++++++++++++++++++
[   16.999713] cloud-init[973]: ci-info: +-------+-------------+----------+---------------+-----------+-------+
[   16.999801] cloud-init[973]: ci-info: | Route | Destination | Gateway  |    Genmask    | Interface | Flags |
[   16.999892] cloud-init[973]: ci-info: +-------+-------------+----------+---------------+-----------+-------+
[   16.999992] cloud-init[973]: ci-info: |   0   |   0.0.0.0   | 10.0.2.2 |    0.0.0.0    |   enp0s3  |   UG  |
[   17.000275] cloud-init[973]: ci-info: |   1   |   10.0.2.0  | 0.0.0.0  | 255.255.255.0 |   enp0s3  |   U   |
[   17.000359] cloud-init[973]: ci-info: +-------+-------------+----------+---------------+-----------+-------+
[   17.000452] cloud-init[973]: ci-info: +++++++++++++++++++Route IPv6 info+++++++++++++++++++
[   17.000539] cloud-init[973]: ci-info: +-------+-------------+---------+-----------+-------+
[   17.002033] cloud-init[973]: ci-info: | Route | Destination | Gateway | Interface | Flags |
[   17.002222] cloud-init[973]: ci-info: +-------+-------------+---------+-----------+-------+
[   17.002323] cloud-init[973]: ci-info: |   0   |  fe80::/64  |    ::   |   enp0s3  |   U   |
[   17.002413] cloud-init[973]: ci-info: |   4   |   ff00::/8  |    ::   |   enp0s3  |   U   |
[   17.002520] cloud-init[973]: ci-info: +-------+-------------+---------+-----------+-------+

[[0;32m  OK  [0m] Reached target Paths.
[[0;32m  OK  [0m] Reached target Network is Online.
         Starting iSCSI initiator daemon (iscsid)...
[[0;32m  OK  [0m] Reached target Cloud-config availability.
[[0;32m  OK  [0m] Listening on LXD - unix socket.
[[0;32m  OK  [0m] Listening on Socket activation for snappy daemon.
[[0;32m  OK  [0m] Started iSCSI initiator daemon (iscsid).
         Starting Login to default iSCSI targets...
[[0;32m  OK  [0m] Reached target Sockets.
[[0;32m  OK  [0m] Reached target Basic System.
[[0;32m  OK  [0m] Started Regular background program processing daemon.
         Starting LXD - container startup/shutdown...
         Starting LSB: Record successful boot for GRUB...
[[0;32m  OK  [0m] Started FUSE filesystem for LXC.
[[0;32m  OK  [0m] Started ACPI event daemon.
         Starting LSB: MD monitoring daemon...
         Starting Virtualbox guest utils...
         Starting Login Service...
         Starting Snappy daemon...
[[0;32m  OK  [0m] Started D-Bus System Message Bus.
         Starting Accounts Service...
         Starting OpenBSD Secure Shell server...
         Starting /etc/rc.local Compatibility...
         Starting System Logging Service...
[[0;32m  OK  [0m] Started Deferred execution scheduler.
[[0;32m  OK  [0m] Started LXD - container startup/shutdown.
[[0;32m  OK  [0m] Started /etc/rc.local Compatibility.
[[0;32m  OK  [0m] Started System Logging Service.
[[0;32m  OK  [0m] Started OpenBSD Secure Shell server.
[[0;32m  OK  [0m] Started Login to default iSCSI targets.
[[0;32m  OK  [0m] Started Snappy daemon.
[[0;32m  OK  [0m] Started LSB: Record successful boot for GRUB.
[[0;32m  OK  [0m] Started LSB: MD monitoring daemon.
[[0;32m  OK  [0m] Started Virtualbox guest utils.
[[0;32m  OK  [0m] Started Login Service.
[[0;32m  OK  [0m] Started Unattended Upgrades Shutdown.
         Starting Authenticate and Authorize Users to Run Privileged Tasks...
         Starting Wait until snapd is fully seeded...
[[0;32m  OK  [0m] Reached target Remote File Systems (Pre).
[[0;32m  OK  [0m] Reached target Remote File Systems.
         Starting LSB: daemon to balance interrupts for SMP systems...
         Starting Permit User Sessions...
         Starting LSB: Set the CPU Frequency Scaling governor to "ondemand"...
         Starting LSB: automatic crash report generation...
[[0;32m  OK  [0m] Started Wait until snapd is fully seeded.
[[0;32m  OK  [0m] Started Permit User Sessions.
[[0;32m  OK  [0m] Started Authenticate and Authorize Users to Run Privileged Tasks.
[[0;32m  OK  [0m] Started Accounts Service.
[[0;32m  OK  [0m] Started LSB: Set the CPU Frequency Scaling governor to "ondemand".
         Starting Terminate Plymouth Boot Screen...
         Starting Hold until boot process finishes up...
         Starting Apply the settings specified in cloud-config...
[[0;32m  OK  [0m] Started LSB: daemon to balance interrupts for SMP systems.
[[0;32m  OK  [0m] Started LSB: automatic crash report generation.
[[0;32m  OK  [0m] Started Terminate Plymouth Boot Screen.
[[0;32m  OK  [0m] Started Hold until boot process finishes up.
         Starting Set console scheme...
[[0;32m  OK  [0m] Started Getty on tty1.
[[0;32m  OK  [0m] Started Serial Getty on ttyS0.
[[0;32m  OK  [0m] Reached target Login Prompts.
[[0;32m  OK  [0m] Reached target Multi-User System.
[[0;32m  OK  [0m] Reached target Graphical Interface.
         Starting Update UTMP about System Runlevel Changes...
[[0;32m  OK  [0m] Started Set console scheme.
[[0;32m  OK  [0m] Started Update UTMP about System Runlevel Changes.
[[0;32m  OK  [0m] Created slice User Slice of vagrant.
         Starting User Manager for UID 1000...
[[0;32m  OK  [0m] Started Session 1 of user vagrant.
[[0;32m  OK  [0m] Started User Manager for UID 1000.
[   21.103739] cloud-init[1225]: Cloud-init v. 19.1-1-gbaa47854-0ubuntu1~16.04.1 running 'modules:config' at Sat, 02 Nov 2019 02:27:00 +0000. Up 20.76 seconds.
[[0;32m  OK  [0m] Started Apply the settings specified in cloud-config.
         Starting Execute cloud user/final scripts...
[   23.144366] cloud-init[1266]: Cloud-init v. 19.1-1-gbaa47854-0ubuntu1~16.04.1 running 'modules:final' at Sat, 02 Nov 2019 02:27:01 +0000. Up 22.62 seconds.
[   23.245818] cloud-init[1266]: Cloud-init v. 19.1-1-gbaa47854-0ubuntu1~16.04.1 finished at Sat, 02 Nov 2019 02:27:02 +0000. Datasource DataSourceNoCloud [seed=/dev/sdb][dsmode=net].  Up 23.12 seconds
[[0;32m  OK  [0m] Started Execute cloud user/final scripts.
         Starting Daily apt download activities...
[[0;32m  OK  [0m] Reached target Cloud-init target.

Ubuntu 16.04.6 LTS ubuntu-xenial ttyS0

ubuntu-xenial login: [[0;32m  OK  [0m] Started ACPI event daemon.
         Stopping LSB: automatic crash report generation...
[[0;32m  OK  [0m] Stopped LSB: automatic crash report generation.
[[0;32m  OK  [0m] Started ACPI event daemon.
[[0;32m  OK  [0m] Started ACPI event daemon.
[[0;32m  OK  [0m] Started ACPI event daemon.
[[0;32m  OK  [0m] Started ACPI event daemon.
[[0;32m  OK  [0m] Started ACPI event daemon.
         Starting LSB: automatic crash report generation...
[[0;32m  OK  [0m] Started LSB: automatic crash report generation.
[[0;32m  OK  [0m] Started ACPI event daemon.
[[0;32m  OK  [0m] Started Daily apt upgrade and clean activities.
