[    0.000000] Initializing cgroup subsys cpuset
[    0.000000] Initializing cgroup subsys cpu
[    0.000000] Initializing cgroup subsys cpuacct
[    0.000000] Linux version 4.4.0-166-generic (buildd@lgw01-amd64-027) (gcc version 5.4.0 20160609 (Ubuntu 5.4.0-6ubuntu1~16.04.10) ) #195-Ubuntu SMP Tue Oct 1 09:36:25 UTC 2019 (Ubuntu 4.4.0-166.195-generic 4.4.194)
[    0.000000] KERNEL supported cpus:
[    0.000000]   Intel GenuineIntel
[    0.000000]   AMD AuthenticAMD
[    0.000000]   NSC Geode by NSC
[    0.000000]   Cyrix CyrixInstead
[    0.000000]   Centaur CentaurHauls
[    0.000000]   Transmeta GenuineTMx86
[    0.000000]   Transmeta TransmetaCPU
[    0.000000]   UMC UMC UMC UMC
[    0.000000] x86/fpu: xstate_offset[2]:  576, xstate_sizes[2]:  256
[    0.000000] x86/fpu: Supporting XSAVE feature 0x01: 'x87 floating point registers'
[    0.000000] x86/fpu: Supporting XSAVE feature 0x02: 'SSE registers'
[    0.000000] x86/fpu: Supporting XSAVE feature 0x04: 'AVX registers'
[    0.000000] x86/fpu: Enabled xstate features 0x7, context size is 832 bytes, using 'standard' format.
[    0.000000] e820: BIOS-provided physical RAM map:
[    0.000000] BIOS-e820: [mem 0x0000000000000000-0x000000000009fbff] usable
[    0.000000] BIOS-e820: [mem 0x000000000009fc00-0x000000000009ffff] reserved
[    0.000000] BIOS-e820: [mem 0x00000000000f0000-0x00000000000fffff] reserved
[    0.000000] BIOS-e820: [mem 0x0000000000100000-0x000000003ffeffff] usable
[    0.000000] BIOS-e820: [mem 0x000000003fff0000-0x000000003fffffff] ACPI data
[    0.000000] BIOS-e820: [mem 0x00000000fec00000-0x00000000fec00fff] reserved
[    0.000000] BIOS-e820: [mem 0x00000000fee00000-0x00000000fee00fff] reserved
[    0.000000] BIOS-e820: [mem 0x00000000fffc0000-0x00000000ffffffff] reserved
[    0.000000] NX (Execute Disable) protection: active
[    0.000000] SMBIOS 2.5 present.
[    0.000000] Hypervisor detected: KVM
[    0.000000] e820: last_pfn = 0x3ff0 max_arch_pfn = 0x1000000
[    0.000000] MTRR: Disabled
[    0.000000] x86/PAT: MTRRs disabled, skipping PAT initialization too.
[    0.000000] CPU MTRRs all blank - virtualized system.
[    0.000000] x86/PAT: Configuration [0-7]: WB  WT  UC- UC   WB  WT  UC- UC  
[    0.000000] found SMP MP-table at [mem 0x0009fff0-0x0009ffff] mapped at [c009fff0]
[    0.000000] Scanning 1 areas for low memory corruption
[    0.000000] RAMDISK: [mem 0x3630a000-0x3717cfff]
[    0.000000] ACPI: Early table checksum verification disabled
[    0.000000] ACPI: RSDP 0x00000000000E0000 000024 (v02 VBOX  )
[    0.000000] ACPI: XSDT 0x000000003FFF0030 00003C (v01 VBOX   VBOXXSDT 00000001 ASL  00000061)
[    0.000000] ACPI: FACP 0x000000003FFF00F0 0000F4 (v04 VBOX   VBOXFACP 00000001 ASL  00000061)
[    0.000000] ACPI: DSDT 0x000000003FFF0470 0021FF (v02 VBOX   VBOXBIOS 00000002 INTL 20100528)
[    0.000000] ACPI: FACS 0x000000003FFF0200 000040
[    0.000000] ACPI: FACS 0x000000003FFF0200 000040
[    0.000000] ACPI: APIC 0x000000003FFF0240 00005C (v02 VBOX   VBOXAPIC 00000001 ASL  00000061)
[    0.000000] ACPI: SSDT 0x000000003FFF02A0 0001CC (v01 VBOX   VBOXCPUT 00000002 INTL 20100528)
[    0.000000] 131MB HIGHMEM available.
[    0.000000] 891MB LOWMEM available.
[    0.000000]   mapped low ram: 0 - 37bfe000
[    0.000000]   low ram: 0 - 37bfe000
[    0.000000] kvm-clock: Using msrs 4b564d01 and 4b564d00
[    0.000000] kvm-clock: cpu 0, msr 0:37bfd001, primary cpu clock
[    0.000000] kvm-clock: using sched offset of 4956277840 cycles
[    0.000000] clocksource: kvm-clock: mask: 0xffffffffffffffff max_cycles: 0x1cd42e4dffb, max_idle_ns: 881590591483 ns
[    0.000000] Zone ranges:
[    0.000000]   DMA      [mem 0x0000000000001000-0x0000000000ffffff]
[    0.000000]   Normal   [mem 0x0000000001000000-0x0000000037bfdfff]
[    0.000000]   HighMem  [mem 0x0000000037bfe000-0x000000003ffeffff]
[    0.000000] Movable zone start for each node
[    0.000000] Early memory node ranges
[    0.000000]   node   0: [mem 0x0000000000001000-0x000000000009efff]
[    0.000000]   node   0: [mem 0x0000000000100000-0x000000003ffeffff]
[    0.000000] Initmem setup node 0 [mem 0x0000000000001000-0x000000003ffeffff]
[    0.000000] Using APIC driver default
[    0.000000] ACPI: PM-Timer IO Port: 0x4008
[    0.000000] IOAPIC[0]: apic_id 2, version 32, address 0xfec00000, GSI 0-23
[    0.000000] ACPI: INT_SRC_OVR (bus 0 bus_irq 0 global_irq 2 dfl dfl)
[    0.000000] ACPI: INT_SRC_OVR (bus 0 bus_irq 9 global_irq 9 low level)
[    0.000000] Using ACPI (MADT) for SMP configuration information
[    0.000000] smpboot: Allowing 2 CPUs, 0 hotplug CPUs
[    0.000000] PM: Registered nosave memory: [mem 0x00000000-0x00000fff]
[    0.000000] PM: Registered nosave memory: [mem 0x0009f000-0x0009ffff]
[    0.000000] PM: Registered nosave memory: [mem 0x000a0000-0x000effff]
[    0.000000] PM: Registered nosave memory: [mem 0x000f0000-0x000fffff]
[    0.000000] e820: [mem 0x40000000-0xfebfffff] available for PCI devices
[    0.000000] Booting paravirtualized kernel on KVM
[    0.000000] clocksource: refined-jiffies: mask: 0xffffffff max_cycles: 0xffffffff, max_idle_ns: 7645519600211568 ns
[    0.000000] setup_percpu: NR_CPUS:8 nr_cpumask_bits:8 nr_cpu_ids:2 nr_node_ids:1
[    0.000000] PERCPU: Embedded 19 pages/cpu @f71b0000 s47372 r0 d30452 u77824
[    0.000000] Built 1 zonelists in Zone order, mobility grouping on.  Total pages: 259800
[    0.000000] Kernel command line: BOOT_IMAGE=/boot/vmlinuz-4.4.0-166-generic root=UUID=8dbb91e3-5f82-4688-8239-4b29c48a49bd ro console=tty1 console=ttyS0
[    0.000000] PID hash table entries: 4096 (order: 2, 16384 bytes)
[    0.000000] Dentry cache hash table entries: 131072 (order: 7, 524288 bytes)
[    0.000000] Inode-cache hash table entries: 65536 (order: 6, 262144 bytes)
[    0.000000] Initializing CPU#0
[    0.000000] Initializing HighMem for node 0 (00037bfe:0003fff0)
[    0.000000] Initializing Movable for node 0 (00000000:00000000)
[    0.000000] Memory: 1007908K/1048120K available (8131K kernel code, 794K rwdata, 3208K rodata, 940K init, 788K bss, 40212K reserved, 0K cma-reserved, 135112K highmem)
[    0.000000] virtual kernel memory layout:
[    0.000000]     fixmap  : 0xfff15000 - 0xfffff000   ( 936 kB)
[    0.000000]     pkmap   : 0xffc00000 - 0xffe00000   (2048 kB)
[    0.000000]     vmalloc : 0xf83fe000 - 0xffbfe000   ( 120 MB)
[    0.000000]     lowmem  : 0xc0000000 - 0xf7bfe000   ( 891 MB)
[    0.000000]       .init : 0xc1bdd000 - 0xc1cc8000   ( 940 kB)
[    0.000000]       .data : 0xc17f1088 - 0xc1bdb980   (4010 kB)
[    0.000000]       .text : 0xc1000000 - 0xc17f1088   (8132 kB)
[    0.000000] Checking if this processor honours the WP bit even in supervisor mode...Ok.
[    0.000000] SLUB: HWalign=64, Order=0-3, MinObjects=0, CPUs=2, Nodes=1
[    0.000000] Hierarchical RCU implementation.
[    0.000000] 	Build-time adjustment of leaf fanout to 32.
[    0.000000] 	RCU restricting CPUs from NR_CPUS=8 to nr_cpu_ids=2.
[    0.000000] RCU: Adjusting geometry for rcu_fanout_leaf=32, nr_cpu_ids=2
[    0.000000] NR_IRQS:2304 nr_irqs:440 16
[    0.000000] Console: colour VGA+ 80x25
[    0.000000] console [tty1] enabled
[    0.000000] console [ttyS0] enabled
[    0.000000] allocated 1048576 bytes of page_ext
[    0.000000] tsc: Detected 2399.998 MHz processor
[    0.559678] Calibrating delay loop (skipped) preset value.. 4799.99 BogoMIPS (lpj=9599992)
[    0.564763] pid_max: default: 32768 minimum: 301
[    0.568264] ACPI: Core revision 20150930
[    0.574270] ACPI: 2 ACPI AML tables successfully acquired and loaded
[    0.577921] Security Framework initialized
[    0.580389] Yama: becoming mindful.
[    0.582390] AppArmor: AppArmor initialized
[    0.584583] Mount-cache hash table entries: 2048 (order: 1, 8192 bytes)
[    0.587913] Mountpoint-cache hash table entries: 2048 (order: 1, 8192 bytes)
[    0.591717] Initializing cgroup subsys io
[    0.593673] Initializing cgroup subsys memory
[    0.596294] Initializing cgroup subsys devices
[    0.599029] Initializing cgroup subsys freezer
[    0.601762] Initializing cgroup subsys net_cls
[    0.604031] Initializing cgroup subsys perf_event
[    0.607212] Initializing cgroup subsys net_prio
[    0.609890] Initializing cgroup subsys hugetlb
[    0.612671] Initializing cgroup subsys pids
[    0.618457] mce: CPU supports 0 MCE banks
[    0.621072] Last level iTLB entries: 4KB 64, 2MB 8, 4MB 8
[    0.623937] Last level dTLB entries: 4KB 64, 2MB 0, 4MB 0, 1GB 4
[    0.627155] Spectre V1 : Mitigation: usercopy/swapgs barriers and __user pointer sanitization
[    0.632358] Spectre V2 : Mitigation: Full generic retpoline
[    0.635616] Spectre V2 : Spectre v2 / SpectreRSB mitigation: Filling RSB on context switch
[    0.640198] Speculative Store Bypass: Vulnerable
[    0.642883] MDS: Vulnerable: Clear CPU buffers attempted, no microcode
[    0.654883] Freeing SMP alternatives memory: 36K
[    0.668598] ftrace: allocating 31583 entries in 62 pages
[    0.803155] smpboot: APIC(0) Converting physical 0 to logical package 0
[    0.807562] smpboot: Max logical packages: 1
[    0.809269] Enabling APIC mode:  Flat.  Using 1 I/O APICs
[    0.813334] ..TIMER: vector=0x30 apic1=0 pin1=2 apic2=-1 pin2=-1
[    0.923512] smpboot: CPU0: Intel(R) Core(TM) i5-6200U CPU @ 2.30GHz (family: 0x6, model: 0x4e, stepping: 0x3)
[    0.930330] Performance Events: unsupported p6 CPU model 78 no PMU driver, software events only.
[    0.953751] KVM setup paravirtual spinlock
[    0.957343] x86: Booting SMP configuration:
[    0.959763] .... node  #0, CPUs:      #1
[1266874884.753273] Initializing CPU#1
[    0.963977] kvm-clock: cpu 1, msr 0:37bfd041, secondary cpu clock
[    0.970377] mce: CPU supports 0 MCE banks
[    0.974674] x86: Booted up 1 node, 2 CPUs
[    0.977397] smpboot: Total of 2 processors activated (9599.99 BogoMIPS)
[    0.982010] devtmpfs: initialized
[    0.984627] evm: security.selinux
[    0.993460] evm: security.SMACK64
[    0.994912] evm: security.SMACK64EXEC
[    0.996396] evm: security.SMACK64TRANSMUTE
[    0.997951] evm: security.SMACK64MMAP
[    0.999274] evm: security.ima
[    1.000440] evm: security.capability
[    1.002039] clocksource: jiffies: mask: 0xffffffff max_cycles: 0xffffffff, max_idle_ns: 7645041785100000 ns
[    1.005323] futex hash table entries: 512 (order: 3, 32768 bytes)
[    1.007400] pinctrl core: initialized pinctrl subsystem
[    1.009148] RTC time: 16:09:42, date: 11/07/19
[    1.011151] NET: Registered protocol family 16
[    1.012828] EISA bus registered
[    1.024941] cpuidle: using governor ladder
[    1.038642] cpuidle: using governor menu
[    1.041349] PCCT header not found.
[    1.043809] ACPI: bus type PCI registered
[    1.046285] acpiphp: ACPI Hot Plug PCI Controller Driver version: 0.5
[    1.050428] PCI : PCI BIOS area is rw and x. Use pci=nobios if you want it NX.
[    1.054976] PCI: PCI BIOS revision 2.10 entry at 0xfda26, last bus=0
[    1.058700] PCI: Using configuration type 1 for base access
[    1.079235] ACPI: Added _OSI(Module Device)
[    1.081872] ACPI: Added _OSI(Processor Device)
[    1.084620] ACPI: Added _OSI(3.0 _SCP Extensions)
[    1.087454] ACPI: Added _OSI(Processor Aggregator Device)
[    1.092247] ACPI: Executed 1 blocks of module-level executable AML code
[    1.101384] ACPI: Interpreter enabled
[    1.104127] ACPI: (supports S0 S5)
[    1.106506] ACPI: Using IOAPIC for interrupt routing
[    1.110345] PCI: Using host bridge windows from ACPI; if necessary, use "pci=nocrs" and report a bug
[    1.170908] ACPI: PCI Root Bridge [PCI0] (domain 0000 [bus 00-ff])
[    1.181152] acpi PNP0A03:00: _OSC: OS supports [ASPM ClockPM Segments MSI]
[    1.186065] acpi PNP0A03:00: _OSC: not requesting OS control; OS requires [ExtendedConfig ASPM ClockPM MSI]
[    1.195724] acpi PNP0A03:00: fail to add MMCONFIG information, can't access extended PCI configuration space under this bridge.
[    1.204930] PCI host bridge to bus 0000:00
[    1.208570] pci_bus 0000:00: root bus resource [io  0x0000-0x0cf7 window]
[    1.213605] pci_bus 0000:00: root bus resource [io  0x0d00-0xffff window]
[    1.218202] pci_bus 0000:00: root bus resource [mem 0x000a0000-0x000bffff window]
[    1.224041] pci_bus 0000:00: root bus resource [mem 0x40000000-0xfdffffff window]
[    1.230512] pci_bus 0000:00: root bus resource [bus 00-ff]
[    1.240867] pci 0000:00:01.1: legacy IDE quirk: reg 0x10: [io  0x01f0-0x01f7]
[    1.246231] pci 0000:00:01.1: legacy IDE quirk: reg 0x14: [io  0x03f6]
[    1.251057] pci 0000:00:01.1: legacy IDE quirk: reg 0x18: [io  0x0170-0x0177]
[    1.256277] pci 0000:00:01.1: legacy IDE quirk: reg 0x1c: [io  0x0376]
[    1.287894] pci 0000:00:07.0: quirk: [io  0x4000-0x403f] claimed by PIIX4 ACPI
[    1.292005] pci 0000:00:07.0: quirk: [io  0x4100-0x410f] claimed by PIIX4 SMB
[    1.311004] ACPI: PCI Interrupt Link [LNKA] (IRQs 5 9 10 *11)
[    1.314421] ACPI: PCI Interrupt Link [LNKB] (IRQs 5 9 *10 11)
[    1.317368] ACPI: PCI Interrupt Link [LNKC] (IRQs 5 *9 10 11)
[    1.320240] ACPI: PCI Interrupt Link [LNKD] (IRQs 5 9 10 *11)
[    1.323350] ACPI: Enabled 2 GPEs in block 00 to 07
[    1.332794] vgaarb: setting as boot device: PCI:0000:00:02.0
[    1.334961] vgaarb: device added: PCI:0000:00:02.0,decodes=io+mem,owns=io+mem,locks=none
[    1.338639] vgaarb: loaded
[    1.340941] vgaarb: bridge control possible 0000:00:02.0
[    1.344936] SCSI subsystem initialized
[    1.347769] ACPI: bus type USB registered
[    1.350384] usbcore: registered new interface driver usbfs
[    1.353552] usbcore: registered new interface driver hub
[    1.356616] usbcore: registered new device driver usb
[    1.360254] PCI: Using ACPI for IRQ routing
[    1.363437] NetLabel: Initializing
[    1.365669] NetLabel:  domain hash size = 128
[    1.368290] NetLabel:  protocols = UNLABELED CIPSOv4
[    1.371272] NetLabel:  unlabeled traffic allowed by default
[    1.374896] amd_nb: Cannot enumerate AMD northbridges
[    1.377903] clocksource: Switched to clocksource kvm-clock
[    1.400539] AppArmor: AppArmor Filesystem Enabled
[    1.403440] pnp: PnP ACPI init
[    1.407274] pnp: PnP ACPI: found 3 devices
[    1.409797] PnPBIOS: Disabled by ACPI PNP
[    1.463230] clocksource: acpi_pm: mask: 0xffffff max_cycles: 0xffffff, max_idle_ns: 2085701024 ns
[    1.468427] NET: Registered protocol family 2
[    1.471426] TCP established hash table entries: 8192 (order: 3, 32768 bytes)
[    1.475364] TCP bind hash table entries: 8192 (order: 4, 65536 bytes)
[    1.478889] TCP: Hash tables configured (established 8192 bind 8192)
[    1.482471] UDP hash table entries: 512 (order: 2, 16384 bytes)
[    1.485760] UDP-Lite hash table entries: 512 (order: 2, 16384 bytes)
[    1.489321] NET: Registered protocol family 1
[    1.492013] pci 0000:00:00.0: Limiting direct PCI/PCI transfers
[    1.495529] pci 0000:00:01.0: Activating ISA DMA hang workarounds
[    1.505400] Unpacking initramfs...
[    2.048360] Freeing initrd memory: 14796K
[    2.051204] clocksource: tsc: mask: 0xffffffffffffffff max_cycles: 0x229835b7123, max_idle_ns: 440795242976 ns
[    2.056243] platform rtc_cmos: registered platform RTC device (no PNP device found)
[    2.060369] Scanning for low memory corruption every 60 seconds
[    2.063376] audit: initializing netlink subsys (disabled)
[    2.065874] audit: type=2000 audit(1573142990.092:1): initialized
[    2.070035] Initialise system trusted keyring
[    2.073357] HugeTLB registered 2 MB page size, pre-allocated 0 pages
[    2.080025] zbud: loaded
[    2.082295] VFS: Disk quotas dquot_6.6.0
[    2.084604] VFS: Dquot-cache hash table entries: 1024 (order 0, 4096 bytes)
[    2.094817] squashfs: version 4.0 (2009/01/31) Phillip Lougher
[    2.098749] fuse init (API version 7.23)
[    2.102156] Key type big_key registered
[    2.104694] Allocating IMA MOK and blacklist keyrings.
[    2.112345] Key type asymmetric registered
[    2.114296] Asymmetric key parser 'x509' registered
[    2.116307] bounce: pool size: 64 pages
[    2.118133] Block layer SCSI generic (bsg) driver version 0.4 loaded (major 249)
[    2.122120] io scheduler noop registered
[    2.124133] io scheduler deadline registered (default)
[    2.126772] io scheduler cfq registered
[    2.128896] pci_hotplug: PCI Hot Plug PCI Core version: 0.5
[    2.131344] pciehp: PCI Express Hot Plug Controller Driver version: 0.4
[    2.134741] ACPI: AC Adapter [AC] (off-line)
[    2.136856] input: Power Button as /devices/LNXSYSTM:00/LNXPWRBN:00/input/input0
[    2.142076] ACPI: Power Button [PWRF]
[    2.143917] input: Sleep Button as /devices/LNXSYSTM:00/LNXSLPBN:00/input/input1
[    2.147417] ACPI: Sleep Button [SLPF]
[    2.149362] GHES: HEST is not enabled!
[    2.150936] ACPI: Battery Slot [BAT0] (battery present)
[    2.153280] isapnp: Scanning for PnP cards...
[    2.158209] Serial: 8250/16550 driver, 32 ports, IRQ sharing enabled
[    2.186930] 00:02: ttyS0 at I/O 0x3f8 (irq = 4, base_baud = 115200) is a 16550A
[    2.195555] Linux agpgart interface v0.103
[    2.202361] loop: module loaded
[    2.206963] scsi host0: ata_piix
[    2.209218] scsi host1: ata_piix
[    2.211413] ata1: PATA max UDMA/33 cmd 0x1f0 ctl 0x3f6 bmdma 0xd000 irq 14
[    2.220683] ata2: PATA max UDMA/33 cmd 0x170 ctl 0x376 bmdma 0xd008 irq 15
[    2.224849] libphy: Fixed MDIO Bus: probed
[    2.233039] tun: Universal TUN/TAP device driver, 1.6
[    2.235595] tun: (C) 1999-2004 Max Krasnyansky <maxk@qualcomm.com>
[    2.238992] PPP generic driver version 2.4.2
[    2.240750] ehci_hcd: USB 2.0 'Enhanced' Host Controller (EHCI) Driver
[    2.242826] ehci-pci: EHCI PCI platform driver
[    2.244692] ehci-platform: EHCI generic platform driver
[    2.246386] ohci_hcd: USB 1.1 'Open' Host Controller (OHCI) Driver
[    2.248389] ohci-pci: OHCI PCI platform driver
[    2.250007] ohci-platform: OHCI generic platform driver
[    2.251928] uhci_hcd: USB Universal Host Controller Interface driver
[    2.254088] i8042: PNP: PS/2 Controller [PNP0303:PS2K,PNP0f03:PS2M] at 0x60,0x64 irq 1,12
[    2.258291] serio: i8042 KBD port at 0x60,0x64 irq 1
[    2.260112] serio: i8042 AUX port at 0x60,0x64 irq 12
[    2.261970] mousedev: PS/2 mouse device common for all mice
[    2.271443] rtc_cmos rtc_cmos: rtc core: registered rtc_cmos as rtc0
[    2.273618] input: AT Translated Set 2 keyboard as /devices/platform/i8042/serio0/input/input2
[    2.276987] rtc_cmos rtc_cmos: alarms up to one day, 114 bytes nvram
[    2.279820] i2c /dev entries driver
[    2.287493] device-mapper: uevent: version 1.0.3
[    2.298114] device-mapper: ioctl: 4.34.0-ioctl (2015-10-28) initialised: dm-devel@redhat.com
[    2.318459] platform eisa.0: Probing EISA bus 0
[    2.322580] platform eisa.0: EISA: Cannot allocate resource for mainboard
[    2.334802] platform eisa.0: Cannot allocate resource for EISA slot 1
[    2.340219] platform eisa.0: Cannot allocate resource for EISA slot 2
[    2.349466] platform eisa.0: Cannot allocate resource for EISA slot 3
[    2.378566] platform eisa.0: Cannot allocate resource for EISA slot 4
[    2.382201] platform eisa.0: Cannot allocate resource for EISA slot 5
[    2.399925] platform eisa.0: Cannot allocate resource for EISA slot 6
[    2.430401] platform eisa.0: Cannot allocate resource for EISA slot 7
[    2.432887] platform eisa.0: Cannot allocate resource for EISA slot 8
[    2.436606] platform eisa.0: EISA: Detected 0 cards
[    2.438914] cpufreq-nforce2: No nForce2 chipset.
[    2.441206] ledtrig-cpu: registered to indicate activity on CPUs
[    2.445195] NET: Registered protocol family 10
[    2.453224] NET: Registered protocol family 17
[    2.455415] Key type dns_resolver registered
[    2.457811] Using IPI No-Shortcut mode
[    2.459497] registered taskstats version 1
[    2.461388] Loading compiled-in X.509 certificates
[    2.466670] Loaded X.509 cert 'Build time autogenerated kernel key: ff2581549e7ce7e6616cef99f70b135c5c856bdc'
[    2.471713] zswap: loaded using pool lzo/zbud
[    2.482539] Key type trusted registered
[    2.490803] Key type encrypted registered
[    2.494913] AppArmor: AppArmor sha1 policy hashing enabled
[    2.497542] ima: No TPM chip found, activating TPM-bypass!
[    2.499798] ima: Allocated hash algorithm: sha1
[    2.501386] evm: HMAC attrs: 0x1
[    2.503246]   Magic number: 11:868:185
[    2.504997]   hash matches /build/linux-qH9aRs/linux-4.4.0/drivers/base/power/main.c:1168
[    2.508773] rtc_cmos rtc_cmos: setting system clock to 2019-11-07 16:09:44 UTC (1573142984)
[    2.512527] BIOS EDD facility v0.16 2004-Jun-25, 0 devices found
[    2.515022] EDD information not available.
[    2.531322] isapnp: No Plug & Play device found
[    2.533333] Freeing unused kernel memory: 940K
[    2.565495] Write protecting the kernel text: 8136k
[    2.568683] Write protecting the kernel read-only data: 3212k
[    2.571993] NX-protecting the kernel data: 6200k
Loading, please wait...
starting version 229
[    2.605840] random: systemd-udevd: uninitialized urandom read (16 bytes read, 4 bits of entropy available)
[    2.608470] random: udevadm: uninitialized urandom read (16 bytes read, 4 bits of entropy available)
[    2.627397] random: systemd-udevd: uninitialized urandom read (16 bytes read, 4 bits of entropy available)
[    2.639538] random: systemd-udevd: uninitialized urandom read (16 bytes read, 4 bits of entropy available)
[    2.669634] random: udevadm: uninitialized urandom read (16 bytes read, 4 bits of entropy available)
[    2.681756] random: systemd-udevd: uninitialized urandom read (16 bytes read, 4 bits of entropy available)
[    2.772514] random: udevadm: uninitialized urandom read (16 bytes read, 4 bits of entropy available)
[    2.827428] random: udevadm: uninitialized urandom read (16 bytes read, 4 bits of entropy available)
[    2.840879] random: udevadm: uninitialized urandom read (16 bytes read, 4 bits of entropy available)
[    2.851732] random: udevadm: uninitialized urandom read (16 bytes read, 4 bits of entropy available)
[    3.020016] e1000: Intel(R) PRO/1000 Network Driver - version 7.3.21-k8-NAPI
[    3.020031] Fusion MPT base driver 3.04.20
[    3.020032] Copyright (c) 1999-2008 LSI Corporation
[    3.084837] e1000: Copyright (c) 1999-2006 Intel Corporation.
[    3.151511] Fusion MPT SPI Host driver 3.04.20
[    3.302092] input: ImExPS/2 Generic Explorer Mouse as /devices/platform/i8042/serio1/input/input4
[    3.663773] e1000 0000:00:03.0 eth0: (PCI:33MHz:32-bit) 02:11:56:70:dd:80
[    3.668798] e1000 0000:00:03.0 eth0: Intel(R) PRO/1000 Network Connection
[    3.680880] mptbase: ioc0: Initiating bringup
[    3.684986] e1000 0000:00:03.0 enp0s3: renamed from eth0
[    4.010735] ioc0: LSI53C1030 A0: Capabilities={Initiator}
[    4.972030] scsi host2: ioc0: LSI53C1030 A0, FwRev=00000000h, Ports=1, MaxQ=256, IRQ=20
[    5.142708] scsi 2:0:0:0: Direct-Access     VBOX     HARDDISK         1.0  PQ: 0 ANSI: 5
[    5.157177] scsi target2:0:0: Beginning Domain Validation
[    5.175366] scsi target2:0:0: Domain Validation skipping write tests
[    5.188274] scsi target2:0:0: Ending Domain Validation
[    5.195070] scsi target2:0:0: asynchronous
[    5.201995] scsi 2:0:1:0: Direct-Access     VBOX     HARDDISK         1.0  PQ: 0 ANSI: 5
[    5.212003] scsi target2:0:1: Beginning Domain Validation
[    5.222107] scsi target2:0:1: Domain Validation skipping write tests
[    5.229318] scsi target2:0:1: Ending Domain Validation
[    5.235260] scsi target2:0:1: asynchronous
[    5.270245] sd 2:0:0:0: [sda] 20971520 512-byte logical blocks: (10.7 GB/10.0 GiB)
[    5.271390] sd 2:0:0:0: Attached scsi generic sg0 type 0
[    5.283851] sd 2:0:1:0: [sdb] 20480 512-byte logical blocks: (10.5 MB/10.0 MiB)
[    5.285235] sd 2:0:1:0: [sdb] Write Protect is off
[    5.286455] sd 2:0:1:0: [sdb] Incomplete mode parameter data
[    5.286462] sd 2:0:1:0: [sdb] Assuming drive cache: write through
[    5.290371] sd 2:0:1:0: Attached scsi generic sg1 type 0
[    5.309678] sd 2:0:1:0: [sdb] Attached SCSI disk
[    5.348252] sd 2:0:0:0: [sda] Write Protect is off
[    5.366036] sd 2:0:0:0: [sda] Incomplete mode parameter data
[    5.372891] sd 2:0:0:0: [sda] Assuming drive cache: write through
[    5.385582]  sda: sda1
[    5.393840] sd 2:0:0:0: [sda] Attached SCSI disk
Begin: Loading essential drivers ... [    7.476096] md: linear personality registered for level -1
[    7.488093] md: multipath personality registered for level -4
[    7.500282] md: raid0 personality registered for level 0
[    7.517670] md: raid1 personality registered for level 1
[    7.602445] raid6: mmxx1    gen()  2919 MB/s
[    7.670786] raid6: mmxx2    gen()  3077 MB/s
[    7.738121] raid6: sse1x1   gen()  2592 MB/s
[    7.810387] raid6: sse1x2   gen()  2841 MB/s
[    7.878664] raid6: sse2x1   gen()  5224 MB/s
[    7.945998] raid6: sse2x1   xor()  3598 MB/s
[    8.013972] raid6: sse2x2   gen()  6228 MB/s
[    8.082670] raid6: sse2x2   xor()  4164 MB/s
[    8.149974] raid6: avx2x1   gen() 10090 MB/s
[    8.218280] raid6: avx2x2   gen() 11318 MB/s
[    8.220879] raid6: using algorithm avx2x2 gen() 11318 MB/s
[    8.224018] raid6: using avx2x1 recovery algorithm
[    8.232652] xor: automatically using best checksumming function:
[    8.273942]    avx       : 13837.000 MB/sec
[    8.281304] async_tx: api initialized (async)
[    8.333783] md: raid6 personality registered for level 6
[    8.337742] md: raid5 personality registered for level 5
[    8.341033] md: raid4 personality registered for level 4
[    8.363294] md: raid10 personality registered for level 10
done.
Begin: Running /scripts/init-premount ... done.
Begin: Mounting root file system ... Begin: Running /scripts/local-top ... done.
Begin: Running /scripts/local-premount ... [    8.480730] Btrfs loaded
Scanning for Btrfs filesystems
done.
Warning: fsck not present, so skipping root file system
[    8.553826] EXT4-fs (sda1): INFO: recovery required on readonly filesystem
[    8.557239] EXT4-fs (sda1): write access will be enabled during recovery
[    8.620646] EXT4-fs (sda1): recovery complete
[    8.623475] EXT4-fs (sda1): mounted filesystem with ordered data mode. Opts: (null)
done.
Begin: Running /scripts/local-bottom ... done.
Begin: Running /scripts/init-bottom ... done.
[    8.969318] systemd[1]: systemd 229 running in system mode. (+PAM +AUDIT +SELINUX +IMA +APPARMOR +SMACK +SYSVINIT +UTMP +LIBCRYPTSETUP +GCRYPT +GNUTLS +ACL +XZ -LZ4 +SECCOMP +BLKID +ELFUTILS +KMOD -IDN)
[    8.986407] systemd[1]: Detected virtualization oracle.
[    8.991602] systemd[1]: Detected architecture x86.

Welcome to [1mUbuntu 16.04.6 LTS[0m!

[    9.007284] systemd[1]: Set hostname to <ubuntu-xenial>.
[    9.431238] systemd[1]: Listening on udev Control Socket.
[[    9.438399] random: nonblocking pool is initialized
[0;32m  OK  [0m] Listening on udev Control Socket.
[    9.450841] systemd[1]: Listening on Syslog Socket.
[[0;32m  OK  [0m] Listening on Syslog Socket.
[    9.462691] systemd[1]: Listening on udev Kernel Socket.
[[0;32m  OK  [0m] Listening on udev Kernel Socket.
[    9.475853] systemd[1]: Created slice System Slice.
[[0;32m  OK  [0m] Created slice System Slice.
[    9.488425] systemd[1]: Created slice system-serial\x2dgetty.slice.
[[0;32m  OK  [0m] Created slice system-serial\x2dgetty.slice.
[    9.504151] systemd[1]: Listening on Journal Audit Socket.
[[0;32m  OK  [0m] Listening on Journal Audit Socket.
[    9.516713] systemd[1]: Reached target Swap.
[[0;32m  OK  [0m] Reached target Swap.
[    9.527579] systemd[1]: Listening on Journal Socket (/dev/log).
[[0;32m  OK  [0m] Listening on Journal Socket (/dev/log).
[    9.541246] systemd[1]: Set up automount Arbitrary Executable File Formats File System Automount Point.
[[0;32m  OK  [0m] Set up automount Arbitrary Executab...ats File System Automount Point.
[    9.565999] systemd[1]: Listening on LVM2 poll daemon socket.
[[0;32m  OK  [0m] Listening on LVM2 poll daemon socket.
[    9.584817] systemd[1]: Reached target Encrypted Volumes.
[[0;32m  OK  [0m] Reached target Encrypted Volumes.
[    9.604768] systemd[1]: Listening on /dev/initctl Compatibility Named Pipe.
[[0;32m  OK  [0m] Listening on /dev/initctl Compatibility Named Pipe.
[    9.623778] systemd[1]: Started Trigger resolvconf update for networkd DNS.
[[0;32m  OK  [0m] Started Trigger resolvconf update for networkd DNS.
[    9.635562] systemd[1]: Reached target User and Group Name Lookups.
[[0;32m  OK  [0m] Reached target User and Group Name Lookups.
[    9.643452] systemd[1]: Listening on LVM2 metadata daemon socket.
[[0;32m  OK  [0m] Listening on LVM2 metadata daemon socket.
[    9.654850] systemd[1]: Listening on Device-mapper event daemon FIFOs.
[[0;32m  OK  [0m] Listening on Device-mapper event daemon FIFOs.
[    9.662083] systemd[1]: Listening on Journal Socket.
[[0;32m  OK  [0m] Listening on Journal Socket.
[    9.694306] systemd[1]: Starting Load Kernel Modules...
         Starting Load Kernel Modules...
[    9.706020] systemd[1]: Mounting Huge Pages File System...
         Mounting Huge Pages File System...
[    9.713603] systemd[1]: Starting Set console keymap...
         Starting Set console keymap...
[    9.722274] systemd[1]: Starting Monitoring of LVM2 mirrors, snapshots etc. using dmeventd or progress polling...
[    9.728896] Loading iSCSI transport class v2.0-870.
         Starting Monitoring of LVM2 mirrors... dmeventd or progress polling...
[    9.750585] systemd[1]: Starting Nameserver information manager...
         Starting Nameserver information manager...
[    9.761126] systemd[1]: Mounting POSIX Message Queue File System...
         Mounting POSIX Message Queue File System...
[    9.766698] systemd[1]: Starting Create list of required static device nodes for the current kernel...
         Starting Create list of required st... [    9.789437] iscsi: registered transport (tcp)
nodes for the current kernel...
[    9.819926] systemd[1]: Starting Remount Root and Kernel File Systems...
         Starting Remount Root and Kernel File S[    9.832648] EXT4-fs (sda1): re-mounted. Opts: (null)
ystems...
[    9.863103] systemd[1]: Created slice User and Session Slice.
[[0;32m  OK  [0m] Created slice User and Session Slice.
[    9.869347] systemd[1]: Reached target Slices.
[[0;32m  OK  [0m] Reached target Slices.
[    9.894253] systemd[1]: Mounting Debug File System...
         Mounting Debug File System...
[    9.899914] systemd[1]: Reached target System Time Synchronized.
[[0;32m  OK  [0m] Reached target System Time Synchronized.
[    9.950598] systemd[1]: Starting Journal Service...
         Starting Journal Service...
[    9.959339] systemd[1]: Starting Uncomplicated firewall...
         Starting Uncomplicated firewall...
[    9.976314] systemd[1]: Started Forward Password Requests to Wall Directory Watch.
[[0;32m  OK  [0m] Started Forward Password Requests to Wall Directory Watch.
[   10.010315] iscsi: registered transport (iser)
[   10.016009] systemd[1]: Mounted Huge Pages File System.
[[0;32m  OK  [0m] Mounted Huge Pages File System.
[   10.025612] systemd[1]: Mounted POSIX Message Queue File System.
[[0;32m  OK  [0m] Mounted POSIX Message Queue File System.
[   10.034892] systemd[1]: Mounted Debug File System.
[[0;32m  OK  [0m] Mounted Debug File System.
[   10.043547] systemd[1]: Started Load Kernel Modules.
[[0;32m  OK  [0m] Started Load Kernel Modules.
[   10.058752] systemd[1]: Started Set console keymap.
[[0;32m  OK  [0m] Started Set console keymap.
[   10.080379] systemd[1]: Started Create list of required static device nodes for the current kernel.
[[0;32m  OK  [0m] Started Create list of required sta...ce nodes for the current kernel.
[   10.093087] systemd[1]: Started Remount Root and Kernel File Systems.
[[0;32m  OK  [0m] Started Remount Root and Kernel File Systems.
[   10.104113] systemd[1]: Started Uncomplicated firewall.
[[0;32m  OK  [0m] Started Uncomplicated firewall.
[   10.114948] systemd[1]: Started Nameserver information manager.
[[0;32m  OK  [0m] Started Nameserver information manager.
[   10.135067] systemd[1]: Started Journal Service.
[[0;32m  OK  [0m] Started Journal Service.
[[0;32m  OK  [0m] Started LVM2 metadata daemon.
         Starting Flush Journal to Persistent Storage...
         Starting Load/Save Random Seed...
         Starting udev Coldplug all Devices...
         Starting Create Static Device Nodes in /dev...
         Mounting FUSE Control File System...
         Starting Apply Kernel Variables...
[[0;32m  OK  [0m] Mounted FUSE Control File System.
[[0;32m  OK  [0m] Started Load/Save Random Seed.
[[0;32m  OK  [0m] Started Create Static Device Nodes in /dev.
[[0;32m  OK  [0m] Started Apply Kernel Variables.
[[0;32m  OK  [0m] Started udev Coldplug all Devices.
[[0;32m  OK  [0m] Started Flush Journal to Persistent Storage.
         Starting udev Kernel Device Manager...
[[0;32m  OK  [0m] Started udev Kernel Device Manager.
[[0;32m  OK  [0m] Started Dispatch Password Requests to Console Directory Watch.
[[0;32m  OK  [0m] Started Monitoring of LVM2 mirrors,...ng dmeventd or progress polling.
[[0;32m  OK  [0m] Reached target Local File Systems (Pre).
[[0;32m  OK  [0m] Reached target Local File Systems.
         Starting Set console font and keymap...
         Starting LSB: AppArmor initialization...
         Starting Create Volatile Files and Directories...
         Starting Tell Plymouth To Write Out Runtime Data...
         Starting Initial cloud-init job (pre-networking)...
[[0;32m  OK  [0m] Started Tell Plymouth To Write Out Runtime Data.
[[0;32m  OK  [0m] Started Create Volatile Files and Directories.
         Starting Update UTMP about System Boot/Shutdown...
[[0;32m  OK  [0m] Started Update UTMP about System Boot/Shutdown.
[[0;32m  OK  [0m] Found device /dev/ttyS0.
[[0;32m  OK  [0m] Started LSB: AppArmor initialization.
[[0;32m  OK  [0m] Listening on Load/Save RF Kill Switch Status /dev/rfkill Watch.
[[0;32m  OK  [0m] Started Set console font and keymap.
[[0;32m  OK  [0m] Created slice system-getty.slice.
[   13.133199] cloud-init[505]: Cloud-init v. 19.1-1-gbaa47854-0ubuntu1~16.04.1 running 'init-local' at Thu, 07 Nov 2019 16:09:54 +0000. Up 12.27 seconds.
[[0;32m  OK  [0m] Started Initial cloud-init job (pre-networking).
[[0;32m  OK  [0m] Reached target Network (Pre).
         Starting Raise network interfaces...
[[0;32m  OK  [0m] Started ifup for enp0s3.
[[0;32m  OK  [0m] Started Raise network interfaces.
[[0;32m  OK  [0m] Reached target Network.
         Starting Initial cloud-init job (metadata service crawler)...
[   15.737053] cloud-init[984]: Cloud-init v. 19.1-1-gbaa47854-0ubuntu1~16.04.1 running 'init' at Thu, 07 Nov 2019 16:09:57 +0000. Up 14.89 seconds.
[   15.744356] cloud-init[984]: ci-info: ++++++++++++++++++++++++++++++++++++++Net device info++++++++++++++++++++++++++++++++++++++
[   15.750659] cloud-init[984]: ci-info: +--------+------+----------------------------+---------------+--------+-------------------+
[   15.756999] cloud-init[984]: ci-info: | Device |  Up  |          Address           |      Mask     | Scope  |     Hw-Address    |
[   15.763615] cloud-init[984]: ci-info: +--------+------+----------------------------+---------------+--------+-------------------+
[   15.770406] cloud-init[984]: ci-info: | enp0s3 | True |         10.0.2.15          | 255.255.255.0 | global | 02:11:56:70:dd:80 |
[   15.776828] cloud-init[984]: ci-info: | enp0s3 | True | fe80::11:56ff:fe70:dd80/64 |       .       |  link  | 02:11:56:70:dd:80 |
[   15.783282] cloud-init[984]: ci-info: |   lo   | True |         127.0.0.1          |   255.0.0.0   |  host  |         .         |
[   15.789655] cloud-init[984]: ci-info: |   lo   | True |          ::1/128           |       .       |  host  |         .         |
[   15.795720] cloud-init[984]: ci-info: +--------+------+----------------------------+---------------+--------+-------------------+
[   15.802506] cloud-init[984]: ci-info: +++++++++++++++++++++++++++Route IPv4 info++++++++++++++++++++++++++++
[   15.808491] cloud-init[984]: ci-info: +-------+-------------+----------+---------------+-----------+-------+
[   15.814175] cloud-init[984]: ci-info: | Route | Destination | Gateway  |    Genmask    | Interface | Flags |
[   15.819682] cloud-init[984]: ci-info: +-------+-------------+----------+---------------+-----------+-------+
[   15.834631] cloud-init[984]: ci-info: |   0   |   0.0.0.0   | 10.0.2.2 |    0.0.0.0    |   enp0s3  |   UG  |
[   15.840477] cloud-init[984]: ci-info: |   1   |   10.0.2.0  | 0.0.0.0  | 255.255.255.0 |   enp0s3  |   U   |
[   15.846195] cloud-init[984]: ci-info: +-------+-------------+----------+---------------+-----------+-------+
[   15.852151] cloud-init[984]: ci-info: +++++++++++++++++++Route IPv6 info+++++++++++++++++++
[   15.857279] cloud-init[984]: ci-info: +-------+-------------+---------+-----------+-------+
[   15.867343] cloud-init[984]: ci-info: | Route | Destination | Gateway | Interface | Flags |
[   15.872526] cloud-init[984]: ci-info: +-------+-------------+---------+-----------+-------+
[   15.877679] cloud-init[984]: ci-info: |   0   |  fe80::/64  |    ::   |   enp0s3  |   U   |
[   15.882738] cloud-init[984]: ci-info: |   4   |   ff00::/8  |    ::   |   enp0s3  |   U   |
[   15.887951] cloud-init[984]: ci-info: +-------+-------------+---------+-----------+-------+
[[0;32m  OK  [0m] Started Initial cloud-init job (metadata service crawler).
[[0;32m  OK  [0m] Reached target System Initialization.
[[0;32m  OK  [0m] Listening on UUID daemon activation socket.
[[0;32m  OK  [0m] Started Daily Cleanup of Temporary Directories.
[[0;32m  OK  [0m] Listening on ACPID Listen Socket.
[[0;32m  OK  [0m] Started ACPI Events Check.
[[0;32m  OK  [0m] Reached target Paths.
         Starting Socket activation for snappy daemon.
[[0;32m  OK  [0m] Listening on D-Bus System Message Bus Socket.
[[0;32m  OK  [0m] Started Daily apt download activities.
[[0;32m  OK  [0m] Started Daily apt upgrade and clean activities.
[[0;32m  OK  [0m] Reached target Timers.
         Starting LXD - unix socket.
[[0;32m  OK  [0m] Reached target Cloud-config availability.
[[0;32m  OK  [0m] Reached target Network is Online.
         Starting iSCSI initiator daemon (iscsid)...
[[0;32m  OK  [0m] Listening on Socket activation for snappy daemon.
[[0;32m  OK  [0m] Listening on LXD - unix socket.
[[0;32m  OK  [0m] Started iSCSI initiator daemon (iscsid).
         Starting Login to default iSCSI targets...
[[0;32m  OK  [0m] Reached target Sockets.
[[0;32m  OK  [0m] Reached target Basic System.
         Starting LXD - container startup/shutdown...
         Starting /etc/rc.local Compatibility...
         Starting LSB: MD monitoring daemon...
[[0;32m  OK  [0m] Started Deferred execution scheduler.
         Starting Virtualbox guest utils...
         Starting OpenBSD Secure Shell server...
[[0;32m  OK  [0m] Started D-Bus System Message Bus.
         Starting LSB: Record successful boot for GRUB...
[[0;32m  OK  [0m] Started ACPI event daemon.
         Starting Login Service...
[[0;32m  OK  [0m] Started FUSE filesystem for LXC.
         Starting Accounts Service...
[[0;32m  OK  [0m] Started Regular background program processing daemon.
         Starting System Logging Service...
         Starting Snappy daemon...
[[0;32m  OK  [0m] Started LXD - container startup/shutdown.
[[0;32m  OK  [0m] Started /etc/rc.local Compatibility.
[[0;32m  OK  [0m] Started System Logging Service.
[[0;32m  OK  [0m] Started OpenBSD Secure Shell server.
[[0;32m  OK  [0m] Started Login to default iSCSI targets.
[[0;32m  OK  [0m] Started LSB: MD monitoring daemon.
[[0;32m  OK  [0m] Started Virtualbox guest utils.
[[0;32m  OK  [0m] Started LSB: Record successful boot for GRUB.
[[0;32m  OK  [0m] Started Snappy daemon.
[[0;32m  OK  [0m] Started Login Service.
[[0;32m  OK  [0m] Started Unattended Upgrades Shutdown.
         Starting Authenticate and Authorize Users to Run Privileged Tasks...
         Starting Wait until snapd is fully seeded...
[[0;32m  OK  [0m] Reached target Remote File Systems (Pre).
[[0;32m  OK  [0m] Reached target Remote File Systems.
         Starting Permit User Sessions...
         Starting LSB: daemon to balance interrupts for SMP systems...
         Starting LSB: automatic crash report generation...
         Starting LSB: Set the CPU Frequency Scaling governor to "ondemand"...
[[0;32m  OK  [0m] Started Permit User Sessions.
[[0;32m  OK  [0m] Started Wait until snapd is fully seeded.
[[0;32m  OK  [0m] Started Authenticate and Authorize Users to Run Privileged Tasks.
[[0;32m  OK  [0m] Started Accounts Service.
         Starting Apply the settings specified in cloud-config...
         Starting Hold until boot process finishes up...
         Starting Terminate Plymouth Boot Screen...
[[0;32m  OK  [0m] Started LSB: daemon to balance interrupts for SMP systems.
[[0;32m  OK  [0m] Started LSB: Set the CPU Frequency Scaling governor to "ondemand".
[[0;32m  OK  [0m] Started LSB: automatic crash report generation.
[[0;32m  OK  [0m] Started Hold until boot process finishes up.
[[0;32m  OK  [0m] Started Terminate Plymouth Boot Screen.
[[0;32m  OK  [0m] Started Getty on tty1.
         Starting Set console scheme...
[[0;32m  OK  [0m] Started Serial Getty on ttyS0.
[[0;32m  OK  [0m] Reached target Login Prompts.
[[0;32m  OK  [0m] Reached target Multi-User System.
[[0;32m  OK  [0m] Reached target Graphical Interface.
         Starting Update UTMP about System Runlevel Changes...
[[0;32m  OK  [0m] Started Set console scheme.
[[0;32m  OK  [0m] Started Update UTMP about System Runlevel Changes.
[[0;32m  OK  [0m] Created slice User Slice of vagrant.
         Starting User Manager for UID 1000...
[[0;32m  OK  [0m] Started Session 1 of user vagrant.
[[0;32m  OK  [0m] Started User Manager for UID 1000.
[   19.154692] cloud-init[1219]: Cloud-init v. 19.1-1-gbaa47854-0ubuntu1~16.04.1 running 'modules:config' at Thu, 07 Nov 2019 16:10:01 +0000. Up 18.69 seconds.
[[0;32m  OK  [0m] Started Apply the settings specified in cloud-config.
         Starting Execute cloud user/final scripts...
[   21.037435] cloud-init[1282]: Cloud-init v. 19.1-1-gbaa47854-0ubuntu1~16.04.1 running 'modules:final' at Thu, 07 Nov 2019 16:10:03 +0000. Up 20.56 seconds.
[   21.043703] cloud-init[1282]: Cloud-init v. 19.1-1-gbaa47854-0ubuntu1~16.04.1 finished at Thu, 07 Nov 2019 16:10:03 +0000. Datasource DataSourceNoCloud [seed=/dev/sdb][dsmode=net].  Up 21.02 seconds
[[0;32m  OK  [0m] Started Execute cloud user/final scripts.
[[0;32m  OK  [0m] Reached target Cloud-init target.

Ubuntu 16.04.6 LTS ubuntu-xenial ttyS0

ubuntu-xenial login: 